[2026-02-03T11:34:14+08:00][sql] CONNECT:[ UseTime:0.002157s ] mysql:host=127.0.0.1;port=3306;dbname=qgzf;charset=utf8
[2026-02-03T11:34:14+08:00][sql] SHOW FULL COLUMNS FROM `aijz_qgsystem` [ RunTime:0.004934s ]
[2026-02-03T11:34:14+08:00][sql] SELECT * FROM `aijz_qgsystem` WHERE  `id` = 1 LIMIT 1 [ RunTime:0.002114s ]
[2026-02-03T11:34:14+08:00][sql] SELECT * FROM `aijz_qgsystem` WHERE  `id` = 1 LIMIT 1 [ RunTime:0.001952s ]
[2026-02-03T11:34:14+08:00][sql] SELECT * FROM `aijz_qgsystem` WHERE  `id` = 1 LIMIT 1 [ RunTime:0.001880s ]
[2026-02-03T11:34:14+08:00][sql] SELECT * FROM `aijz_qgsystem` WHERE  `id` = 1 LIMIT 1 [ RunTime:0.001820s ]
[2026-02-03T11:34:14+08:00][sql] SELECT * FROM `aijz_qgsystem` WHERE  `id` = 1 LIMIT 1 [ RunTime:0.001811s ]
[2026-02-03T11:34:14+08:00][sql] SELECT * FROM `aijz_qgsystem` WHERE  `id` = 1 LIMIT 1 [ RunTime:0.001771s ]
[2026-02-03T11:34:14+08:00][sql] SELECT * FROM `aijz_qgsystem` WHERE  `id` = 1 LIMIT 1 [ RunTime:0.001817s ]
[2026-02-03T11:34:14+08:00][sql] SELECT * FROM `aijz_qgsystem` WHERE  `id` = 1 LIMIT 1 [ RunTime:0.001702s ]
[2026-02-03T11:34:14+08:00][sql] SELECT * FROM `aijz_qgsystem` WHERE  `id` = 1 LIMIT 1 [ RunTime:0.001894s ]
[2026-02-03T11:34:14+08:00][sql] SELECT * FROM `aijz_qgsystem` WHERE  `id` = 1 LIMIT 1 [ RunTime:0.001743s ]
[2026-02-03T11:34:14+08:00][sql] SELECT * FROM `aijz_qgsystem` WHERE  `id` = 1 LIMIT 1 [ RunTime:0.001774s ]
[2026-02-03T11:34:14+08:00][sql] SELECT * FROM `aijz_qgsystem` WHERE  `id` = 1 LIMIT 1 [ RunTime:0.003805s ]
[2026-02-03T11:34:14+08:00][sql] SELECT * FROM `aijz_qgsystem` WHERE  `id` = 1 LIMIT 1 [ RunTime:0.001805s ]
[2026-02-03T11:34:14+08:00][sql] SELECT * FROM `aijz_qgsystem` WHERE  `id` = 1 LIMIT 1 [ RunTime:0.001939s ]
[2026-02-03T11:34:15+08:00][sql] CONNECT:[ UseTime:0.002190s ] mysql:host=127.0.0.1;port=3306;dbname=qgzf;charset=utf8
[2026-02-03T11:34:15+08:00][sql] SHOW FULL COLUMNS FROM `aijz_qgsystem` [ RunTime:0.005315s ]
[2026-02-03T11:34:15+08:00][sql] SELECT * FROM `aijz_qgsystem` WHERE  `id` = 1 LIMIT 1 [ RunTime:0.001938s ]
[2026-02-03T11:34:15+08:00][sql] SELECT * FROM `aijz_qgsystem` WHERE  `id` = 1 LIMIT 1 [ RunTime:0.001487s ]
[2026-02-03T11:34:15+08:00][sql] SELECT * FROM `aijz_qgsystem` WHERE  `id` = 1 LIMIT 1 [ RunTime:0.001388s ]
[2026-02-03T11:34:15+08:00][sql] SELECT * FROM `aijz_qgsystem` WHERE  `id` = 1 LIMIT 1 [ RunTime:0.001733s ]
[2026-02-03T11:34:15+08:00][sql] SELECT * FROM `aijz_qgsystem` WHERE  `id` = 1 LIMIT 1 [ RunTime:0.001446s ]
[2026-02-03T11:34:15+08:00][sql] SELECT * FROM `aijz_qgsystem` WHERE  `id` = 1 LIMIT 1 [ RunTime:0.001614s ]
[2026-02-03T11:34:15+08:00][sql] SELECT * FROM `aijz_qgsystem` WHERE  `id` = 1 LIMIT 1 [ RunTime:0.001358s ]
[2026-02-03T11:34:15+08:00][sql] SELECT * FROM `aijz_qgsystem` WHERE  `id` = 1 LIMIT 1 [ RunTime:0.001341s ]
[2026-02-03T11:34:15+08:00][sql] SELECT * FROM `aijz_qgsystem` WHERE  `id` = 1 LIMIT 1 [ RunTime:0.001554s ]
[2026-02-03T11:34:15+08:00][sql] SELECT * FROM `aijz_qgsystem` WHERE  `id` = 1 LIMIT 1 [ RunTime:0.001897s ]
[2026-02-03T11:34:15+08:00][sql] SELECT * FROM `aijz_qgsystem` WHERE  `id` = 1 LIMIT 1 [ RunTime:0.001863s ]
[2026-02-03T11:34:15+08:00][sql] SELECT * FROM `aijz_qgsystem` WHERE  `id` = 1 LIMIT 1 [ RunTime:0.001848s ]
[2026-02-03T11:34:15+08:00][sql] SELECT * FROM `aijz_qgsystem` WHERE  `id` = 1 LIMIT 1 [ RunTime:0.002525s ]
[2026-02-03T11:34:15+08:00][sql] SELECT * FROM `aijz_qgsystem` WHERE  `id` = 1 LIMIT 1 [ RunTime:0.001784s ]
[2026-02-03T11:34:15+08:00][sql] SELECT * FROM `aijz_qgsystem` WHERE  `id` = 1 LIMIT 1 [ RunTime:0.002317s ]
[2026-02-03T11:34:16+08:00][sql] CONNECT:[ UseTime:0.001831s ] mysql:host=127.0.0.1;port=3306;dbname=qgzf;charset=utf8
[2026-02-03T11:34:16+08:00][sql] SHOW FULL COLUMNS FROM `aijz_qgsystem` [ RunTime:0.005131s ]
[2026-02-03T11:34:16+08:00][sql] SELECT * FROM `aijz_qgsystem` WHERE  `id` = 1 LIMIT 1 [ RunTime:0.002246s ]
[2026-02-03T11:34:16+08:00][sql] SELECT * FROM `aijz_qgsystem` WHERE  `id` = 1 LIMIT 1 [ RunTime:0.001851s ]
[2026-02-03T11:34:16+08:00][sql] SELECT * FROM `aijz_qgsystem` WHERE  `id` = 1 LIMIT 1 [ RunTime:0.001738s ]
[2026-02-03T11:34:16+08:00][sql] SELECT * FROM `aijz_qgsystem` WHERE  `id` = 1 LIMIT 1 [ RunTime:0.002015s ]
[2026-02-03T11:34:16+08:00][sql] SELECT * FROM `aijz_qgsystem` WHERE  `id` = 1 LIMIT 1 [ RunTime:0.001709s ]
[2026-02-03T11:34:16+08:00][sql] SELECT * FROM `aijz_qgsystem` WHERE  `id` = 1 LIMIT 1 [ RunTime:0.001785s ]
[2026-02-03T11:34:16+08:00][sql] SELECT * FROM `aijz_qgsystem` WHERE  `id` = 1 LIMIT 1 [ RunTime:0.001720s ]
[2026-02-03T11:34:16+08:00][sql] SELECT * FROM `aijz_qgsystem` WHERE  `id` = 1 LIMIT 1 [ RunTime:0.001884s ]
[2026-02-03T11:34:16+08:00][sql] SELECT * FROM `aijz_qgsystem` WHERE  `id` = 1 LIMIT 1 [ RunTime:0.001816s ]
[2026-02-03T11:34:16+08:00][sql] SELECT * FROM `aijz_qgsystem` WHERE  `id` = 1 LIMIT 1 [ RunTime:0.001696s ]
[2026-02-03T11:34:16+08:00][sql] SELECT * FROM `aijz_qgsystem` WHERE  `id` = 1 LIMIT 1 [ RunTime:0.001854s ]
[2026-02-03T11:34:16+08:00][sql] SELECT * FROM `aijz_qgsystem` WHERE  `id` = 1 LIMIT 1 [ RunTime:0.001916s ]
[2026-02-03T11:34:16+08:00][sql] SELECT * FROM `aijz_qgsystem` WHERE  `id` = 1 LIMIT 1 [ RunTime:0.001717s ]
[2026-02-03T11:34:16+08:00][sql] SELECT * FROM `aijz_qgsystem` WHERE  `id` = 1 LIMIT 1 [ RunTime:0.001791s ]
[2026-02-03T11:34:16+08:00][sql] CONNECT:[ UseTime:0.001946s ] mysql:host=127.0.0.1;port=3306;dbname=qgzf;charset=utf8
[2026-02-03T11:34:16+08:00][sql] SHOW FULL COLUMNS FROM `aijz_qgsystem` [ RunTime:0.004519s ]
[2026-02-03T11:34:16+08:00][sql] SELECT * FROM `aijz_qgsystem` WHERE  `id` = 1 LIMIT 1 [ RunTime:0.002033s ]
[2026-02-03T11:34:16+08:00][sql] SELECT * FROM `aijz_qgsystem` WHERE  `id` = 1 LIMIT 1 [ RunTime:0.001860s ]
[2026-02-03T11:34:16+08:00][sql] SELECT * FROM `aijz_qgsystem` WHERE  `id` = 1 LIMIT 1 [ RunTime:0.001948s ]
[2026-02-03T11:34:16+08:00][sql] SELECT * FROM `aijz_qgsystem` WHERE  `id` = 1 LIMIT 1 [ RunTime:0.002145s ]
[2026-02-03T11:34:16+08:00][sql] SELECT * FROM `aijz_qgsystem` WHERE  `id` = 1 LIMIT 1 [ RunTime:0.001725s ]
[2026-02-03T11:34:16+08:00][sql] SELECT * FROM `aijz_qgsystem` WHERE  `id` = 1 LIMIT 1 [ RunTime:0.001902s ]
[2026-02-03T11:34:16+08:00][sql] SELECT * FROM `aijz_qgsystem` WHERE  `id` = 1 LIMIT 1 [ RunTime:0.001806s ]
[2026-02-03T11:34:16+08:00][sql] SELECT * FROM `aijz_qgsystem` WHERE  `id` = 1 LIMIT 1 [ RunTime:0.001821s ]
[2026-02-03T11:34:16+08:00][sql] SELECT * FROM `aijz_qgsystem` WHERE  `id` = 1 LIMIT 1 [ RunTime:0.001712s ]
[2026-02-03T11:34:16+08:00][sql] SELECT * FROM `aijz_qgsystem` WHERE  `id` = 1 LIMIT 1 [ RunTime:0.001941s ]
[2026-02-03T11:34:16+08:00][sql] SELECT * FROM `aijz_qgsystem` WHERE  `id` = 1 LIMIT 1 [ RunTime:0.001718s ]
[2026-02-03T11:34:16+08:00][sql] SELECT * FROM `aijz_qgsystem` WHERE  `id` = 1 LIMIT 1 [ RunTime:0.001682s ]
[2026-02-03T11:34:16+08:00][sql] SELECT * FROM `aijz_qgsystem` WHERE  `id` = 1 LIMIT 1 [ RunTime:0.001983s ]
[2026-02-03T11:34:16+08:00][sql] SELECT * FROM `aijz_qgsystem` WHERE  `id` = 1 LIMIT 1 [ RunTime:0.001832s ]
[2026-02-03T11:34:16+08:00][sql] SELECT * FROM `aijz_qgsystem` WHERE  `id` = 1 LIMIT 1 [ RunTime:0.001805s ]
[2026-02-03T11:38:03+08:00][sql] CONNECT:[ UseTime:0.002031s ] mysql:host=127.0.0.1;port=3306;dbname=qgzf;charset=utf8
[2026-02-03T11:38:03+08:00][sql] SHOW FULL COLUMNS FROM `aijz_qgsystem` [ RunTime:0.004460s ]
[2026-02-03T11:38:03+08:00][sql] SELECT * FROM `aijz_qgsystem` WHERE  `id` = 1 LIMIT 1 [ RunTime:0.002110s ]
[2026-02-03T11:38:03+08:00][sql] SELECT * FROM `aijz_qgsystem` WHERE  `id` = 1 LIMIT 1 [ RunTime:0.001660s ]
[2026-02-03T11:38:03+08:00][sql] SELECT * FROM `aijz_qgsystem` WHERE  `id` = 1 LIMIT 1 [ RunTime:0.001795s ]
[2026-02-03T11:38:03+08:00][sql] SELECT * FROM `aijz_qgsystem` WHERE  `id` = 1 LIMIT 1 [ RunTime:0.001920s ]
[2026-02-03T11:38:03+08:00][sql] SELECT * FROM `aijz_qgsystem` WHERE  `id` = 1 LIMIT 1 [ RunTime:0.001879s ]
[2026-02-03T11:38:03+08:00][sql] SELECT * FROM `aijz_qgsystem` WHERE  `id` = 1 LIMIT 1 [ RunTime:0.001904s ]
[2026-02-03T11:38:03+08:00][sql] SELECT * FROM `aijz_qgsystem` WHERE  `id` = 1 LIMIT 1 [ RunTime:0.001817s ]
[2026-02-03T11:38:03+08:00][sql] SELECT * FROM `aijz_qgsystem` WHERE  `id` = 1 LIMIT 1 [ RunTime:0.002059s ]
[2026-02-03T11:38:03+08:00][sql] SELECT * FROM `aijz_qgsystem` WHERE  `id` = 1 LIMIT 1 [ RunTime:0.001953s ]
[2026-02-03T11:38:03+08:00][sql] SELECT * FROM `aijz_qgsystem` WHERE  `id` = 1 LIMIT 1 [ RunTime:0.001838s ]
[2026-02-03T11:38:03+08:00][sql] SELECT * FROM `aijz_qgsystem` WHERE  `id` = 1 LIMIT 1 [ RunTime:0.002058s ]
[2026-02-03T11:38:03+08:00][sql] SELECT * FROM `aijz_qgsystem` WHERE  `id` = 1 LIMIT 1 [ RunTime:0.001921s ]
[2026-02-03T11:38:03+08:00][sql] SELECT * FROM `aijz_qgsystem` WHERE  `id` = 1 LIMIT 1 [ RunTime:0.004804s ]
[2026-02-03T11:38:03+08:00][sql] SELECT * FROM `aijz_qgsystem` WHERE  `id` = 1 LIMIT 1 [ RunTime:0.002484s ]
[2026-02-03T11:39:00+08:00][sql] CONNECT:[ UseTime:0.002486s ] mysql:host=127.0.0.1;port=3306;dbname=qgzf;charset=utf8
[2026-02-03T11:39:00+08:00][sql] SHOW FULL COLUMNS FROM `aijz_qgsystem` [ RunTime:0.005034s ]
[2026-02-03T11:39:00+08:00][sql] SELECT * FROM `aijz_qgsystem` WHERE  `id` = 1 LIMIT 1 [ RunTime:0.002151s ]
[2026-02-03T11:39:00+08:00][sql] SELECT * FROM `aijz_qgsystem` WHERE  `id` = 1 LIMIT 1 [ RunTime:0.001861s ]
[2026-02-03T11:39:00+08:00][sql] SELECT * FROM `aijz_qgsystem` WHERE  `id` = 1 LIMIT 1 [ RunTime:0.001842s ]
[2026-02-03T11:39:00+08:00][sql] SELECT * FROM `aijz_qgsystem` WHERE  `id` = 1 LIMIT 1 [ RunTime:0.001928s ]
[2026-02-03T11:39:00+08:00][sql] SELECT * FROM `aijz_qgsystem` WHERE  `id` = 1 LIMIT 1 [ RunTime:0.001839s ]
[2026-02-03T11:39:00+08:00][sql] SELECT * FROM `aijz_qgsystem` WHERE  `id` = 1 LIMIT 1 [ RunTime:0.001929s ]
[2026-02-03T11:39:00+08:00][sql] SELECT * FROM `aijz_qgsystem` WHERE  `id` = 1 LIMIT 1 [ RunTime:0.001796s ]
[2026-02-03T11:39:00+08:00][sql] SELECT * FROM `aijz_qgsystem` WHERE  `id` = 1 LIMIT 1 [ RunTime:0.001768s ]
[2026-02-03T11:39:00+08:00][sql] SELECT * FROM `aijz_qgsystem` WHERE  `id` = 1 LIMIT 1 [ RunTime:0.001726s ]
[2026-02-03T11:39:00+08:00][sql] SELECT * FROM `aijz_qgsystem` WHERE  `id` = 1 LIMIT 1 [ RunTime:0.001801s ]
[2026-02-03T11:39:00+08:00][sql] SELECT * FROM `aijz_qgsystem` WHERE  `id` = 1 LIMIT 1 [ RunTime:0.001717s ]
[2026-02-03T11:39:00+08:00][sql] SELECT * FROM `aijz_qgsystem` WHERE  `id` = 1 LIMIT 1 [ RunTime:0.001673s ]
[2026-02-03T11:39:00+08:00][sql] SELECT * FROM `aijz_qgsystem` WHERE  `id` = 1 LIMIT 1 [ RunTime:0.001803s ]
[2026-02-03T11:39:00+08:00][sql] SELECT * FROM `aijz_qgsystem` WHERE  `id` = 1 LIMIT 1 [ RunTime:0.001731s ]
[2026-02-03T11:39:00+08:00][sql] SHOW FULL COLUMNS FROM `aijz_qgusers` [ RunTime:0.004555s ]
[2026-02-03T11:39:00+08:00][sql] SELECT SUM(`uid`) AS think_sum FROM `aijz_qgusers` LIMIT 1 [ RunTime:0.004346s ]
[2026-02-03T11:39:00+08:00][sql] SELECT * FROM `aijz_qgusers` WHERE  `uname` = 'qgzf' LIMIT 1 [ RunTime:0.001620s ]
[2026-02-03T11:39:00+08:00][sql] SELECT * FROM `aijz_qgusers` WHERE  `uiphone` = '13999999999' LIMIT 1 [ RunTime:0.001842s ]
[2026-02-03T11:39:00+08:00][sql] INSERT INTO `aijz_qgusers` SET `uname` = 'qgzf' , `uiphone` = '13999999999' , `upassword` = '764476f163781445e4ad956e64bd298f' , `ctime` = '2026-02-03 11:38:59' , `ltime` = '2026-02-03 11:38:59' , `ustatus` = 0 , `ifadm` = 0 [ RunTime:0.011305s ]
[2026-02-03T11:39:01+08:00][sql] CONNECT:[ UseTime:0.001838s ] mysql:host=127.0.0.1;port=3306;dbname=qgzf;charset=utf8
[2026-02-03T11:39:01+08:00][sql] SHOW FULL COLUMNS FROM `aijz_qgsystem` [ RunTime:0.004779s ]
[2026-02-03T11:39:01+08:00][sql] SELECT * FROM `aijz_qgsystem` WHERE  `id` = 1 LIMIT 1 [ RunTime:0.002240s ]
[2026-02-03T11:39:01+08:00][sql] SELECT * FROM `aijz_qgsystem` WHERE  `id` = 1 LIMIT 1 [ RunTime:0.001699s ]
[2026-02-03T11:39:01+08:00][sql] SELECT * FROM `aijz_qgsystem` WHERE  `id` = 1 LIMIT 1 [ RunTime:0.001814s ]
[2026-02-03T11:39:01+08:00][sql] SELECT * FROM `aijz_qgsystem` WHERE  `id` = 1 LIMIT 1 [ RunTime:0.001862s ]
[2026-02-03T11:39:01+08:00][sql] SELECT * FROM `aijz_qgsystem` WHERE  `id` = 1 LIMIT 1 [ RunTime:0.001725s ]
[2026-02-03T11:39:01+08:00][sql] SELECT * FROM `aijz_qgsystem` WHERE  `id` = 1 LIMIT 1 [ RunTime:0.001688s ]
[2026-02-03T11:39:01+08:00][sql] SELECT * FROM `aijz_qgsystem` WHERE  `id` = 1 LIMIT 1 [ RunTime:0.001837s ]
[2026-02-03T11:39:01+08:00][sql] SELECT * FROM `aijz_qgsystem` WHERE  `id` = 1 LIMIT 1 [ RunTime:0.001810s ]
[2026-02-03T11:39:01+08:00][sql] SELECT * FROM `aijz_qgsystem` WHERE  `id` = 1 LIMIT 1 [ RunTime:0.002177s ]
[2026-02-03T11:39:01+08:00][sql] SELECT * FROM `aijz_qgsystem` WHERE  `id` = 1 LIMIT 1 [ RunTime:0.001785s ]
[2026-02-03T11:39:01+08:00][sql] SELECT * FROM `aijz_qgsystem` WHERE  `id` = 1 LIMIT 1 [ RunTime:0.001717s ]
[2026-02-03T11:39:01+08:00][sql] SELECT * FROM `aijz_qgsystem` WHERE  `id` = 1 LIMIT 1 [ RunTime:0.001722s ]
[2026-02-03T11:39:01+08:00][sql] SELECT * FROM `aijz_qgsystem` WHERE  `id` = 1 LIMIT 1 [ RunTime:0.001698s ]
[2026-02-03T11:39:01+08:00][sql] SELECT * FROM `aijz_qgsystem` WHERE  `id` = 1 LIMIT 1 [ RunTime:0.001798s ]
[2026-02-03T11:39:01+08:00][sql] SELECT * FROM `aijz_qgsystem` WHERE  `id` = 1 LIMIT 1 [ RunTime:0.001975s ]
[2026-02-03T11:39:43+08:00][sql] CONNECT:[ UseTime:0.002552s ] mysql:host=127.0.0.1;port=3306;dbname=qgzf;charset=utf8
[2026-02-03T11:39:43+08:00][sql] SHOW FULL COLUMNS FROM `aijz_qgsystem` [ RunTime:0.005605s ]
[2026-02-03T11:39:43+08:00][sql] SELECT * FROM `aijz_qgsystem` WHERE  `id` = 1 LIMIT 1 [ RunTime:0.001939s ]
[2026-02-03T11:39:43+08:00][sql] SELECT * FROM `aijz_qgsystem` WHERE  `id` = 1 LIMIT 1 [ RunTime:0.001822s ]
[2026-02-03T11:39:43+08:00][sql] SELECT * FROM `aijz_qgsystem` WHERE  `id` = 1 LIMIT 1 [ RunTime:0.001781s ]
[2026-02-03T11:39:43+08:00][sql] SELECT * FROM `aijz_qgsystem` WHERE  `id` = 1 LIMIT 1 [ RunTime:0.001625s ]
[2026-02-03T11:39:43+08:00][sql] SELECT * FROM `aijz_qgsystem` WHERE  `id` = 1 LIMIT 1 [ RunTime:0.001527s ]
[2026-02-03T11:39:43+08:00][sql] SELECT * FROM `aijz_qgsystem` WHERE  `id` = 1 LIMIT 1 [ RunTime:0.001555s ]
[2026-02-03T11:39:43+08:00][sql] SELECT * FROM `aijz_qgsystem` WHERE  `id` = 1 LIMIT 1 [ RunTime:0.001761s ]
[2026-02-03T11:39:43+08:00][sql] SELECT * FROM `aijz_qgsystem` WHERE  `id` = 1 LIMIT 1 [ RunTime:0.002519s ]
[2026-02-03T11:39:43+08:00][sql] SELECT * FROM `aijz_qgsystem` WHERE  `id` = 1 LIMIT 1 [ RunTime:0.001749s ]
[2026-02-03T11:39:43+08:00][sql] SELECT * FROM `aijz_qgsystem` WHERE  `id` = 1 LIMIT 1 [ RunTime:0.001895s ]
[2026-02-03T11:39:43+08:00][sql] SELECT * FROM `aijz_qgsystem` WHERE  `id` = 1 LIMIT 1 [ RunTime:0.001937s ]
[2026-02-03T11:39:43+08:00][sql] SELECT * FROM `aijz_qgsystem` WHERE  `id` = 1 LIMIT 1 [ RunTime:0.001751s ]
[2026-02-03T11:39:43+08:00][sql] SELECT * FROM `aijz_qgsystem` WHERE  `id` = 1 LIMIT 1 [ RunTime:0.001893s ]
[2026-02-03T11:39:43+08:00][sql] SELECT * FROM `aijz_qgsystem` WHERE  `id` = 1 LIMIT 1 [ RunTime:0.001673s ]
[2026-02-03T11:39:43+08:00][sql] SHOW FULL COLUMNS FROM `aijz_qgusers` [ RunTime:0.006292s ]
[2026-02-03T11:39:43+08:00][sql] SELECT * FROM `aijz_qgusers` WHERE  `uname` = 'qgf' OR `uiphone` = 'qgf' LIMIT 1 [ RunTime:0.003277s ]
[2026-02-03T11:39:51+08:00][sql] CONNECT:[ UseTime:0.001951s ] mysql:host=127.0.0.1;port=3306;dbname=qgzf;charset=utf8
[2026-02-03T11:39:51+08:00][sql] SHOW FULL COLUMNS FROM `aijz_qgsystem` [ RunTime:0.004860s ]
[2026-02-03T11:39:51+08:00][sql] SELECT * FROM `aijz_qgsystem` WHERE  `id` = 1 LIMIT 1 [ RunTime:0.001901s ]
[2026-02-03T11:39:51+08:00][sql] SELECT * FROM `aijz_qgsystem` WHERE  `id` = 1 LIMIT 1 [ RunTime:0.001850s ]
[2026-02-03T11:39:51+08:00][sql] SELECT * FROM `aijz_qgsystem` WHERE  `id` = 1 LIMIT 1 [ RunTime:0.001934s ]
[2026-02-03T11:39:51+08:00][sql] SELECT * FROM `aijz_qgsystem` WHERE  `id` = 1 LIMIT 1 [ RunTime:0.002169s ]
[2026-02-03T11:39:51+08:00][sql] SELECT * FROM `aijz_qgsystem` WHERE  `id` = 1 LIMIT 1 [ RunTime:0.001690s ]
[2026-02-03T11:39:51+08:00][sql] SELECT * FROM `aijz_qgsystem` WHERE  `id` = 1 LIMIT 1 [ RunTime:0.002328s ]
[2026-02-03T11:39:51+08:00][sql] SELECT * FROM `aijz_qgsystem` WHERE  `id` = 1 LIMIT 1 [ RunTime:0.001999s ]
[2026-02-03T11:39:51+08:00][sql] SELECT * FROM `aijz_qgsystem` WHERE  `id` = 1 LIMIT 1 [ RunTime:0.001881s ]
[2026-02-03T11:39:51+08:00][sql] SELECT * FROM `aijz_qgsystem` WHERE  `id` = 1 LIMIT 1 [ RunTime:0.002679s ]
[2026-02-03T11:39:51+08:00][sql] SELECT * FROM `aijz_qgsystem` WHERE  `id` = 1 LIMIT 1 [ RunTime:0.002055s ]
[2026-02-03T11:39:51+08:00][sql] SELECT * FROM `aijz_qgsystem` WHERE  `id` = 1 LIMIT 1 [ RunTime:0.001903s ]
[2026-02-03T11:39:51+08:00][sql] SELECT * FROM `aijz_qgsystem` WHERE  `id` = 1 LIMIT 1 [ RunTime:0.001898s ]
[2026-02-03T11:39:51+08:00][sql] SELECT * FROM `aijz_qgsystem` WHERE  `id` = 1 LIMIT 1 [ RunTime:0.001896s ]
[2026-02-03T11:39:51+08:00][sql] SELECT * FROM `aijz_qgsystem` WHERE  `id` = 1 LIMIT 1 [ RunTime:0.002204s ]
[2026-02-03T11:39:51+08:00][sql] SHOW FULL COLUMNS FROM `aijz_qgusers` [ RunTime:0.006778s ]
[2026-02-03T11:39:51+08:00][sql] SELECT * FROM `aijz_qgusers` WHERE  `uname` = 'qgzf' OR `uiphone` = 'qgzf' LIMIT 1 [ RunTime:0.002840s ]
[2026-02-03T11:39:51+08:00][sql] UPDATE `aijz_qgusers`  SET `ltime` = '2026-02-03 11:39:51'  WHERE  `uid` = 1 [ RunTime:0.437335s ]
[2026-02-03T11:39:52+08:00][sql] CONNECT:[ UseTime:0.002003s ] mysql:host=127.0.0.1;port=3306;dbname=qgzf;charset=utf8
[2026-02-03T11:39:52+08:00][sql] SHOW FULL COLUMNS FROM `aijz_qgsystem` [ RunTime:0.004631s ]
[2026-02-03T11:39:52+08:00][sql] SELECT * FROM `aijz_qgsystem` WHERE  `id` = 1 LIMIT 1 [ RunTime:0.001892s ]
[2026-02-03T11:39:52+08:00][sql] SELECT * FROM `aijz_qgsystem` WHERE  `id` = 1 LIMIT 1 [ RunTime:0.001761s ]
[2026-02-03T11:39:52+08:00][sql] SELECT * FROM `aijz_qgsystem` WHERE  `id` = 1 LIMIT 1 [ RunTime:0.001731s ]
[2026-02-03T11:39:52+08:00][sql] SELECT * FROM `aijz_qgsystem` WHERE  `id` = 1 LIMIT 1 [ RunTime:0.001710s ]
[2026-02-03T11:39:52+08:00][sql] SELECT * FROM `aijz_qgsystem` WHERE  `id` = 1 LIMIT 1 [ RunTime:0.001553s ]
[2026-02-03T11:39:52+08:00][sql] SELECT * FROM `aijz_qgsystem` WHERE  `id` = 1 LIMIT 1 [ RunTime:0.001718s ]
[2026-02-03T11:39:52+08:00][sql] SELECT * FROM `aijz_qgsystem` WHERE  `id` = 1 LIMIT 1 [ RunTime:0.001551s ]
[2026-02-03T11:39:52+08:00][sql] SELECT * FROM `aijz_qgsystem` WHERE  `id` = 1 LIMIT 1 [ RunTime:0.001644s ]
[2026-02-03T11:39:52+08:00][sql] SELECT * FROM `aijz_qgsystem` WHERE  `id` = 1 LIMIT 1 [ RunTime:0.001526s ]
[2026-02-03T11:39:52+08:00][sql] SELECT * FROM `aijz_qgsystem` WHERE  `id` = 1 LIMIT 1 [ RunTime:0.001658s ]
[2026-02-03T11:39:52+08:00][sql] SELECT * FROM `aijz_qgsystem` WHERE  `id` = 1 LIMIT 1 [ RunTime:0.001432s ]
[2026-02-03T11:39:52+08:00][sql] SELECT * FROM `aijz_qgsystem` WHERE  `id` = 1 LIMIT 1 [ RunTime:0.001657s ]
[2026-02-03T11:39:52+08:00][sql] SELECT * FROM `aijz_qgsystem` WHERE  `id` = 1 LIMIT 1 [ RunTime:0.001768s ]
[2026-02-03T11:39:52+08:00][sql] SELECT * FROM `aijz_qgsystem` WHERE  `id` = 1 LIMIT 1 [ RunTime:0.001726s ]
[2026-02-03T11:39:52+08:00][sql] SHOW FULL COLUMNS FROM `aijz_qgledger` [ RunTime:0.004958s ]
[2026-02-03T11:39:52+08:00][sql] SELECT COUNT(*) AS think_count FROM `aijz_qgledger` WHERE  `uid` = 1 LIMIT 1 [ RunTime:0.002645s ]
[2026-02-03T11:39:52+08:00][sql] SHOW FULL COLUMNS FROM `aijz_qgaccount` [ RunTime:0.004644s ]
[2026-02-03T11:39:52+08:00][sql] SELECT COUNT(*) AS think_count FROM `aijz_qgaccount` WHERE  `uid` = 1 LIMIT 1 [ RunTime:0.002356s ]
[2026-02-03T11:39:53+08:00][sql] CONNECT:[ UseTime:0.002297s ] mysql:host=127.0.0.1;port=3306;dbname=qgzf;charset=utf8
[2026-02-03T11:39:53+08:00][sql] SHOW FULL COLUMNS FROM `aijz_qgsystem` [ RunTime:0.004439s ]
[2026-02-03T11:39:53+08:00][sql] SELECT * FROM `aijz_qgsystem` WHERE  `id` = 1 LIMIT 1 [ RunTime:0.001996s ]
[2026-02-03T11:39:53+08:00][sql] SELECT * FROM `aijz_qgsystem` WHERE  `id` = 1 LIMIT 1 [ RunTime:0.001802s ]
[2026-02-03T11:39:53+08:00][sql] SELECT * FROM `aijz_qgsystem` WHERE  `id` = 1 LIMIT 1 [ RunTime:0.001742s ]
[2026-02-03T11:39:53+08:00][sql] SELECT * FROM `aijz_qgsystem` WHERE  `id` = 1 LIMIT 1 [ RunTime:0.002701s ]
[2026-02-03T11:39:53+08:00][sql] SELECT * FROM `aijz_qgsystem` WHERE  `id` = 1 LIMIT 1 [ RunTime:0.001845s ]
[2026-02-03T11:39:53+08:00][sql] SELECT * FROM `aijz_qgsystem` WHERE  `id` = 1 LIMIT 1 [ RunTime:0.001744s ]
[2026-02-03T11:39:53+08:00][sql] SELECT * FROM `aijz_qgsystem` WHERE  `id` = 1 LIMIT 1 [ RunTime:0.001792s ]
[2026-02-03T11:39:53+08:00][sql] SELECT * FROM `aijz_qgsystem` WHERE  `id` = 1 LIMIT 1 [ RunTime:0.001684s ]
[2026-02-03T11:39:53+08:00][sql] SELECT * FROM `aijz_qgsystem` WHERE  `id` = 1 LIMIT 1 [ RunTime:0.001743s ]
[2026-02-03T11:39:53+08:00][sql] SELECT * FROM `aijz_qgsystem` WHERE  `id` = 1 LIMIT 1 [ RunTime:0.001741s ]
[2026-02-03T11:39:53+08:00][sql] SELECT * FROM `aijz_qgsystem` WHERE  `id` = 1 LIMIT 1 [ RunTime:0.001709s ]
[2026-02-03T11:39:53+08:00][sql] SELECT * FROM `aijz_qgsystem` WHERE  `id` = 1 LIMIT 1 [ RunTime:0.001701s ]
[2026-02-03T11:39:53+08:00][sql] SELECT * FROM `aijz_qgsystem` WHERE  `id` = 1 LIMIT 1 [ RunTime:0.001857s ]
[2026-02-03T11:39:53+08:00][sql] SELECT * FROM `aijz_qgsystem` WHERE  `id` = 1 LIMIT 1 [ RunTime:0.001742s ]
[2026-02-03T11:39:53+08:00][sql] SHOW FULL COLUMNS FROM `aijz_qgusers` [ RunTime:0.004673s ]
[2026-02-03T11:39:53+08:00][sql] SELECT * FROM `aijz_qgusers` WHERE  `uid` = 1 LIMIT 1 [ RunTime:0.002041s ]
[2026-02-03T11:42:20+08:00][sql] CONNECT:[ UseTime:0.002199s ] mysql:host=127.0.0.1;port=3306;dbname=qgzf;charset=utf8
[2026-02-03T11:42:20+08:00][sql] SHOW FULL COLUMNS FROM `aijz_qgsystem` [ RunTime:0.004565s ]
[2026-02-03T11:42:20+08:00][sql] SELECT * FROM `aijz_qgsystem` WHERE  `id` = 1 LIMIT 1 [ RunTime:0.001843s ]
[2026-02-03T11:42:20+08:00][sql] SELECT * FROM `aijz_qgsystem` WHERE  `id` = 1 LIMIT 1 [ RunTime:0.001703s ]
[2026-02-03T11:42:20+08:00][sql] SELECT * FROM `aijz_qgsystem` WHERE  `id` = 1 LIMIT 1 [ RunTime:0.002059s ]
[2026-02-03T11:42:20+08:00][sql] SELECT * FROM `aijz_qgsystem` WHERE  `id` = 1 LIMIT 1 [ RunTime:0.001845s ]
[2026-02-03T11:42:20+08:00][sql] SELECT * FROM `aijz_qgsystem` WHERE  `id` = 1 LIMIT 1 [ RunTime:0.002076s ]
[2026-02-03T11:42:20+08:00][sql] SELECT * FROM `aijz_qgsystem` WHERE  `id` = 1 LIMIT 1 [ RunTime:0.001709s ]
[2026-02-03T11:42:20+08:00][sql] SELECT * FROM `aijz_qgsystem` WHERE  `id` = 1 LIMIT 1 [ RunTime:0.002051s ]
[2026-02-03T11:42:20+08:00][sql] SELECT * FROM `aijz_qgsystem` WHERE  `id` = 1 LIMIT 1 [ RunTime:0.001772s ]
[2026-02-03T11:42:20+08:00][sql] SELECT * FROM `aijz_qgsystem` WHERE  `id` = 1 LIMIT 1 [ RunTime:0.003177s ]
[2026-02-03T11:42:20+08:00][sql] SELECT * FROM `aijz_qgsystem` WHERE  `id` = 1 LIMIT 1 [ RunTime:0.001901s ]
[2026-02-03T11:42:20+08:00][sql] SELECT * FROM `aijz_qgsystem` WHERE  `id` = 1 LIMIT 1 [ RunTime:0.001938s ]
[2026-02-03T11:42:20+08:00][sql] SELECT * FROM `aijz_qgsystem` WHERE  `id` = 1 LIMIT 1 [ RunTime:0.001985s ]
[2026-02-03T11:42:20+08:00][sql] SELECT * FROM `aijz_qgsystem` WHERE  `id` = 1 LIMIT 1 [ RunTime:0.001868s ]
[2026-02-03T11:42:20+08:00][sql] SELECT * FROM `aijz_qgsystem` WHERE  `id` = 1 LIMIT 1 [ RunTime:0.002035s ]
[2026-02-03T11:42:20+08:00][sql] SHOW FULL COLUMNS FROM `aijz_qgusers` [ RunTime:0.004868s ]
[2026-02-03T11:42:20+08:00][sql] SELECT * FROM `aijz_qgusers` WHERE  `uname` = 'qgzf'  AND `uid` <> 1 LIMIT 1 [ RunTime:0.002387s ]
[2026-02-03T11:42:20+08:00][sql] SELECT * FROM `aijz_qgusers` WHERE  `uiphone` = '13999999999'  AND `uid` <> 1 LIMIT 1 [ RunTime:0.001950s ]
[2026-02-03T11:42:20+08:00][sql] UPDATE `aijz_qgusers`  SET `uname` = 'qgzf' , `uiphone` = '13999999999' , `nname` = '开心全哥' , `zname` = '' , `ustatus` = 0 , `etime` = '2026-02-03 11:42:19'  WHERE  `uid` = 1 [ RunTime:0.001985s ]
[2026-02-03T11:42:23+08:00][sql] CONNECT:[ UseTime:0.001994s ] mysql:host=127.0.0.1;port=3306;dbname=qgzf;charset=utf8
[2026-02-03T11:42:23+08:00][sql] SHOW FULL COLUMNS FROM `aijz_qgsystem` [ RunTime:0.004666s ]
[2026-02-03T11:42:23+08:00][sql] SELECT * FROM `aijz_qgsystem` WHERE  `id` = 1 LIMIT 1 [ RunTime:0.001826s ]
[2026-02-03T11:42:23+08:00][sql] SELECT * FROM `aijz_qgsystem` WHERE  `id` = 1 LIMIT 1 [ RunTime:0.001766s ]
[2026-02-03T11:42:23+08:00][sql] SELECT * FROM `aijz_qgsystem` WHERE  `id` = 1 LIMIT 1 [ RunTime:0.001813s ]
[2026-02-03T11:42:23+08:00][sql] SELECT * FROM `aijz_qgsystem` WHERE  `id` = 1 LIMIT 1 [ RunTime:0.002032s ]
[2026-02-03T11:42:23+08:00][sql] SELECT * FROM `aijz_qgsystem` WHERE  `id` = 1 LIMIT 1 [ RunTime:0.001776s ]
[2026-02-03T11:42:23+08:00][sql] SELECT * FROM `aijz_qgsystem` WHERE  `id` = 1 LIMIT 1 [ RunTime:0.003160s ]
[2026-02-03T11:42:23+08:00][sql] SELECT * FROM `aijz_qgsystem` WHERE  `id` = 1 LIMIT 1 [ RunTime:0.002100s ]
[2026-02-03T11:42:23+08:00][sql] SELECT * FROM `aijz_qgsystem` WHERE  `id` = 1 LIMIT 1 [ RunTime:0.002293s ]
[2026-02-03T11:42:23+08:00][sql] SELECT * FROM `aijz_qgsystem` WHERE  `id` = 1 LIMIT 1 [ RunTime:0.001887s ]
[2026-02-03T11:42:23+08:00][sql] SELECT * FROM `aijz_qgsystem` WHERE  `id` = 1 LIMIT 1 [ RunTime:0.001713s ]
[2026-02-03T11:42:23+08:00][sql] SELECT * FROM `aijz_qgsystem` WHERE  `id` = 1 LIMIT 1 [ RunTime:0.001819s ]
[2026-02-03T11:42:23+08:00][sql] SELECT * FROM `aijz_qgsystem` WHERE  `id` = 1 LIMIT 1 [ RunTime:0.001731s ]
[2026-02-03T11:42:23+08:00][sql] SELECT * FROM `aijz_qgsystem` WHERE  `id` = 1 LIMIT 1 [ RunTime:0.001853s ]
[2026-02-03T11:42:23+08:00][sql] SELECT * FROM `aijz_qgsystem` WHERE  `id` = 1 LIMIT 1 [ RunTime:0.001809s ]
[2026-02-03T11:42:23+08:00][sql] SHOW FULL COLUMNS FROM `aijz_qgusers` [ RunTime:0.004966s ]
[2026-02-03T11:42:23+08:00][sql] SELECT * FROM `aijz_qgusers` WHERE  `uid` = 1 LIMIT 1 [ RunTime:0.001978s ]
[2026-02-03T11:42:27+08:00][sql] CONNECT:[ UseTime:0.001938s ] mysql:host=127.0.0.1;port=3306;dbname=qgzf;charset=utf8
[2026-02-03T11:42:27+08:00][sql] SHOW FULL COLUMNS FROM `aijz_qgsystem` [ RunTime:0.004803s ]
[2026-02-03T11:42:27+08:00][sql] SELECT * FROM `aijz_qgsystem` WHERE  `id` = 1 LIMIT 1 [ RunTime:0.001875s ]
[2026-02-03T11:42:27+08:00][sql] SELECT * FROM `aijz_qgsystem` WHERE  `id` = 1 LIMIT 1 [ RunTime:0.002043s ]
[2026-02-03T11:42:27+08:00][sql] SELECT * FROM `aijz_qgsystem` WHERE  `id` = 1 LIMIT 1 [ RunTime:0.001813s ]
[2026-02-03T11:42:27+08:00][sql] SELECT * FROM `aijz_qgsystem` WHERE  `id` = 1 LIMIT 1 [ RunTime:0.001785s ]
[2026-02-03T11:42:27+08:00][sql] SELECT * FROM `aijz_qgsystem` WHERE  `id` = 1 LIMIT 1 [ RunTime:0.001941s ]
[2026-02-03T11:42:27+08:00][sql] SELECT * FROM `aijz_qgsystem` WHERE  `id` = 1 LIMIT 1 [ RunTime:0.001768s ]
[2026-02-03T11:42:27+08:00][sql] SELECT * FROM `aijz_qgsystem` WHERE  `id` = 1 LIMIT 1 [ RunTime:0.001714s ]
[2026-02-03T11:42:27+08:00][sql] SELECT * FROM `aijz_qgsystem` WHERE  `id` = 1 LIMIT 1 [ RunTime:0.001794s ]
[2026-02-03T11:42:27+08:00][sql] SELECT * FROM `aijz_qgsystem` WHERE  `id` = 1 LIMIT 1 [ RunTime:0.001940s ]
[2026-02-03T11:42:27+08:00][sql] SELECT * FROM `aijz_qgsystem` WHERE  `id` = 1 LIMIT 1 [ RunTime:0.001755s ]
[2026-02-03T11:42:27+08:00][sql] SELECT * FROM `aijz_qgsystem` WHERE  `id` = 1 LIMIT 1 [ RunTime:0.001898s ]
[2026-02-03T11:42:27+08:00][sql] SELECT * FROM `aijz_qgsystem` WHERE  `id` = 1 LIMIT 1 [ RunTime:0.002161s ]
[2026-02-03T11:42:27+08:00][sql] SELECT * FROM `aijz_qgsystem` WHERE  `id` = 1 LIMIT 1 [ RunTime:0.001687s ]
[2026-02-03T11:42:27+08:00][sql] SELECT * FROM `aijz_qgsystem` WHERE  `id` = 1 LIMIT 1 [ RunTime:0.001835s ]
[2026-02-03T11:42:27+08:00][sql] SHOW FULL COLUMNS FROM `aijz_qgledger` [ RunTime:0.004555s ]
[2026-02-03T11:42:27+08:00][sql] SELECT COUNT(*) AS think_count FROM `aijz_qgledger` WHERE  `uid` = 1 LIMIT 1 [ RunTime:0.002173s ]
[2026-02-03T11:42:27+08:00][sql] SHOW FULL COLUMNS FROM `aijz_qgaccount` [ RunTime:0.004622s ]
[2026-02-03T11:42:27+08:00][sql] SELECT COUNT(*) AS think_count FROM `aijz_qgaccount` WHERE  `uid` = 1 LIMIT 1 [ RunTime:0.002161s ]
[2026-02-03T11:42:28+08:00][sql] CONNECT:[ UseTime:0.001857s ] mysql:host=127.0.0.1;port=3306;dbname=qgzf;charset=utf8
[2026-02-03T11:42:28+08:00][sql] SHOW FULL COLUMNS FROM `aijz_qgsystem` [ RunTime:0.004939s ]
[2026-02-03T11:42:28+08:00][sql] SELECT * FROM `aijz_qgsystem` WHERE  `id` = 1 LIMIT 1 [ RunTime:0.002068s ]
[2026-02-03T11:42:28+08:00][sql] SELECT * FROM `aijz_qgsystem` WHERE  `id` = 1 LIMIT 1 [ RunTime:0.001685s ]
[2026-02-03T11:42:28+08:00][sql] SELECT * FROM `aijz_qgsystem` WHERE  `id` = 1 LIMIT 1 [ RunTime:0.001880s ]
[2026-02-03T11:42:28+08:00][sql] SELECT * FROM `aijz_qgsystem` WHERE  `id` = 1 LIMIT 1 [ RunTime:0.001873s ]
[2026-02-03T11:42:28+08:00][sql] SELECT * FROM `aijz_qgsystem` WHERE  `id` = 1 LIMIT 1 [ RunTime:0.001774s ]
[2026-02-03T11:42:28+08:00][sql] SELECT * FROM `aijz_qgsystem` WHERE  `id` = 1 LIMIT 1 [ RunTime:0.001961s ]
[2026-02-03T11:42:28+08:00][sql] SELECT * FROM `aijz_qgsystem` WHERE  `id` = 1 LIMIT 1 [ RunTime:0.002237s ]
[2026-02-03T11:42:28+08:00][sql] SELECT * FROM `aijz_qgsystem` WHERE  `id` = 1 LIMIT 1 [ RunTime:0.001620s ]
[2026-02-03T11:42:28+08:00][sql] SELECT * FROM `aijz_qgsystem` WHERE  `id` = 1 LIMIT 1 [ RunTime:0.001910s ]
[2026-02-03T11:42:28+08:00][sql] SELECT * FROM `aijz_qgsystem` WHERE  `id` = 1 LIMIT 1 [ RunTime:0.002178s ]
[2026-02-03T11:42:28+08:00][sql] SELECT * FROM `aijz_qgsystem` WHERE  `id` = 1 LIMIT 1 [ RunTime:0.001743s ]
[2026-02-03T11:42:28+08:00][sql] SELECT * FROM `aijz_qgsystem` WHERE  `id` = 1 LIMIT 1 [ RunTime:0.001763s ]
[2026-02-03T11:42:28+08:00][sql] SELECT * FROM `aijz_qgsystem` WHERE  `id` = 1 LIMIT 1 [ RunTime:0.001778s ]
[2026-02-03T11:42:28+08:00][sql] SELECT * FROM `aijz_qgsystem` WHERE  `id` = 1 LIMIT 1 [ RunTime:0.001929s ]
[2026-02-03T11:42:28+08:00][sql] SHOW FULL COLUMNS FROM `aijz_qgledger` [ RunTime:0.004764s ]
[2026-02-03T11:42:28+08:00][sql] SELECT `lid`,`uid`,`lname`,`lsubtitle`,`ctime` FROM `aijz_qgledger` WHERE  `uid` = 1 [ RunTime:0.002316s ]
[2026-02-03T11:42:29+08:00][sql] CONNECT:[ UseTime:0.002113s ] mysql:host=127.0.0.1;port=3306;dbname=qgzf;charset=utf8
[2026-02-03T11:42:29+08:00][sql] SHOW FULL COLUMNS FROM `aijz_qgsystem` [ RunTime:0.004786s ]
[2026-02-03T11:42:29+08:00][sql] SELECT * FROM `aijz_qgsystem` WHERE  `id` = 1 LIMIT 1 [ RunTime:0.002181s ]
[2026-02-03T11:42:29+08:00][sql] SELECT * FROM `aijz_qgsystem` WHERE  `id` = 1 LIMIT 1 [ RunTime:0.001842s ]
[2026-02-03T11:42:29+08:00][sql] SELECT * FROM `aijz_qgsystem` WHERE  `id` = 1 LIMIT 1 [ RunTime:0.001899s ]
[2026-02-03T11:42:29+08:00][sql] SELECT * FROM `aijz_qgsystem` WHERE  `id` = 1 LIMIT 1 [ RunTime:0.002363s ]
[2026-02-03T11:42:29+08:00][sql] SELECT * FROM `aijz_qgsystem` WHERE  `id` = 1 LIMIT 1 [ RunTime:0.001793s ]
[2026-02-03T11:42:29+08:00][sql] SELECT * FROM `aijz_qgsystem` WHERE  `id` = 1 LIMIT 1 [ RunTime:0.001950s ]
[2026-02-03T11:42:29+08:00][sql] SELECT * FROM `aijz_qgsystem` WHERE  `id` = 1 LIMIT 1 [ RunTime:0.001986s ]
[2026-02-03T11:42:29+08:00][sql] SELECT * FROM `aijz_qgsystem` WHERE  `id` = 1 LIMIT 1 [ RunTime:0.002672s ]
[2026-02-03T11:42:29+08:00][sql] SELECT * FROM `aijz_qgsystem` WHERE  `id` = 1 LIMIT 1 [ RunTime:0.001881s ]
[2026-02-03T11:42:29+08:00][sql] SELECT * FROM `aijz_qgsystem` WHERE  `id` = 1 LIMIT 1 [ RunTime:0.002021s ]
[2026-02-03T11:42:29+08:00][sql] SELECT * FROM `aijz_qgsystem` WHERE  `id` = 1 LIMIT 1 [ RunTime:0.001434s ]
[2026-02-03T11:42:29+08:00][sql] SELECT * FROM `aijz_qgsystem` WHERE  `id` = 1 LIMIT 1 [ RunTime:0.001450s ]
[2026-02-03T11:42:29+08:00][sql] SELECT * FROM `aijz_qgsystem` WHERE  `id` = 1 LIMIT 1 [ RunTime:0.001407s ]
[2026-02-03T11:42:29+08:00][sql] SELECT * FROM `aijz_qgsystem` WHERE  `id` = 1 LIMIT 1 [ RunTime:0.001532s ]
[2026-02-03T11:42:29+08:00][sql] SHOW FULL COLUMNS FROM `aijz_qgaccount` [ RunTime:0.005044s ]
[2026-02-03T11:42:29+08:00][sql] SELECT * FROM `aijz_qgaccount` WHERE  `uid` = 1 [ RunTime:0.002068s ]
[2026-02-03T11:42:29+08:00][sql] SHOW FULL COLUMNS FROM `aijz_qgtransfer` [ RunTime:0.004556s ]
[2026-02-03T11:42:29+08:00][sql] SELECT `t`.*,ca.aname as from_account_name,ca.alogo as from_account_logo,ra.aname as to_account_name,ra.alogo as to_account_logo FROM `aijz_qgtransfer` `t` INNER JOIN `aijz_qgaccount` `ca` ON `t`.`caid`=`ca`.`aid` INNER JOIN `aijz_qgaccount` `ra` ON `t`.`raid`=`ra`.`aid` WHERE  `t`.`uid` = '1' ORDER BY `t`.`ttime` DESC [ RunTime:0.003376s ]
[2026-02-03T11:42:30+08:00][sql] CONNECT:[ UseTime:0.001990s ] mysql:host=127.0.0.1;port=3306;dbname=qgzf;charset=utf8
[2026-02-03T11:42:30+08:00][sql] SHOW FULL COLUMNS FROM `aijz_qgsystem` [ RunTime:0.004692s ]
[2026-02-03T11:42:30+08:00][sql] SELECT * FROM `aijz_qgsystem` WHERE  `id` = 1 LIMIT 1 [ RunTime:0.001573s ]
[2026-02-03T11:42:30+08:00][sql] SELECT * FROM `aijz_qgsystem` WHERE  `id` = 1 LIMIT 1 [ RunTime:0.001510s ]
[2026-02-03T11:42:30+08:00][sql] SELECT * FROM `aijz_qgsystem` WHERE  `id` = 1 LIMIT 1 [ RunTime:0.001387s ]
[2026-02-03T11:42:30+08:00][sql] SELECT * FROM `aijz_qgsystem` WHERE  `id` = 1 LIMIT 1 [ RunTime:0.001691s ]
[2026-02-03T11:42:30+08:00][sql] SELECT * FROM `aijz_qgsystem` WHERE  `id` = 1 LIMIT 1 [ RunTime:0.001463s ]
[2026-02-03T11:42:30+08:00][sql] SELECT * FROM `aijz_qgsystem` WHERE  `id` = 1 LIMIT 1 [ RunTime:0.001454s ]
[2026-02-03T11:42:30+08:00][sql] SELECT * FROM `aijz_qgsystem` WHERE  `id` = 1 LIMIT 1 [ RunTime:0.001560s ]
[2026-02-03T11:42:30+08:00][sql] SELECT * FROM `aijz_qgsystem` WHERE  `id` = 1 LIMIT 1 [ RunTime:0.001507s ]
[2026-02-03T11:42:30+08:00][sql] SELECT * FROM `aijz_qgsystem` WHERE  `id` = 1 LIMIT 1 [ RunTime:0.001575s ]
[2026-02-03T11:42:30+08:00][sql] SELECT * FROM `aijz_qgsystem` WHERE  `id` = 1 LIMIT 1 [ RunTime:0.001495s ]
[2026-02-03T11:42:30+08:00][sql] SELECT * FROM `aijz_qgsystem` WHERE  `id` = 1 LIMIT 1 [ RunTime:0.001481s ]
[2026-02-03T11:42:30+08:00][sql] SELECT * FROM `aijz_qgsystem` WHERE  `id` = 1 LIMIT 1 [ RunTime:0.001638s ]
[2026-02-03T11:42:30+08:00][sql] SELECT * FROM `aijz_qgsystem` WHERE  `id` = 1 LIMIT 1 [ RunTime:0.001426s ]
[2026-02-03T11:42:30+08:00][sql] SELECT * FROM `aijz_qgsystem` WHERE  `id` = 1 LIMIT 1 [ RunTime:0.001349s ]
[2026-02-03T11:42:30+08:00][sql] SHOW FULL COLUMNS FROM `aijz_qgusers` [ RunTime:0.004466s ]
[2026-02-03T11:42:30+08:00][sql] SELECT * FROM `aijz_qgusers` WHERE  `uid` = 1 LIMIT 1 [ RunTime:0.002176s ]
[2026-02-03T11:42:31+08:00][sql] CONNECT:[ UseTime:0.002020s ] mysql:host=127.0.0.1;port=3306;dbname=qgzf;charset=utf8
[2026-02-03T11:42:31+08:00][sql] SHOW FULL COLUMNS FROM `aijz_qgsystem` [ RunTime:0.004602s ]
[2026-02-03T11:42:31+08:00][sql] SELECT * FROM `aijz_qgsystem` WHERE  `id` = 1 LIMIT 1 [ RunTime:0.002106s ]
[2026-02-03T11:42:31+08:00][sql] SELECT * FROM `aijz_qgsystem` WHERE  `id` = 1 LIMIT 1 [ RunTime:0.001826s ]
[2026-02-03T11:42:31+08:00][sql] SELECT * FROM `aijz_qgsystem` WHERE  `id` = 1 LIMIT 1 [ RunTime:0.001870s ]
[2026-02-03T11:42:31+08:00][sql] SELECT * FROM `aijz_qgsystem` WHERE  `id` = 1 LIMIT 1 [ RunTime:0.001827s ]
[2026-02-03T11:42:31+08:00][sql] SELECT * FROM `aijz_qgsystem` WHERE  `id` = 1 LIMIT 1 [ RunTime:0.001748s ]
[2026-02-03T11:42:31+08:00][sql] SELECT * FROM `aijz_qgsystem` WHERE  `id` = 1 LIMIT 1 [ RunTime:0.001795s ]
[2026-02-03T11:42:31+08:00][sql] SELECT * FROM `aijz_qgsystem` WHERE  `id` = 1 LIMIT 1 [ RunTime:0.001741s ]
[2026-02-03T11:42:31+08:00][sql] SELECT * FROM `aijz_qgsystem` WHERE  `id` = 1 LIMIT 1 [ RunTime:0.002007s ]
[2026-02-03T11:42:31+08:00][sql] SELECT * FROM `aijz_qgsystem` WHERE  `id` = 1 LIMIT 1 [ RunTime:0.001748s ]
[2026-02-03T11:42:31+08:00][sql] SELECT * FROM `aijz_qgsystem` WHERE  `id` = 1 LIMIT 1 [ RunTime:0.001820s ]
[2026-02-03T11:42:31+08:00][sql] SELECT * FROM `aijz_qgsystem` WHERE  `id` = 1 LIMIT 1 [ RunTime:0.001672s ]
[2026-02-03T11:42:31+08:00][sql] SELECT * FROM `aijz_qgsystem` WHERE  `id` = 1 LIMIT 1 [ RunTime:0.001827s ]
[2026-02-03T11:42:31+08:00][sql] SELECT * FROM `aijz_qgsystem` WHERE  `id` = 1 LIMIT 1 [ RunTime:0.001759s ]
[2026-02-03T11:42:31+08:00][sql] SELECT * FROM `aijz_qgsystem` WHERE  `id` = 1 LIMIT 1 [ RunTime:0.001808s ]
[2026-02-03T11:42:31+08:00][sql] SHOW FULL COLUMNS FROM `aijz_qgledger` [ RunTime:0.004494s ]
[2026-02-03T11:42:31+08:00][sql] SELECT COUNT(*) AS think_count FROM `aijz_qgledger` WHERE  `uid` = 1 LIMIT 1 [ RunTime:0.001852s ]
[2026-02-03T11:42:31+08:00][sql] SHOW FULL COLUMNS FROM `aijz_qgaccount` [ RunTime:0.004323s ]
[2026-02-03T11:42:31+08:00][sql] SELECT COUNT(*) AS think_count FROM `aijz_qgaccount` WHERE  `uid` = 1 LIMIT 1 [ RunTime:0.001818s ]
[2026-02-03T11:42:32+08:00][sql] CONNECT:[ UseTime:0.001961s ] mysql:host=127.0.0.1;port=3306;dbname=qgzf;charset=utf8
[2026-02-03T11:42:32+08:00][sql] SHOW FULL COLUMNS FROM `aijz_qgsystem` [ RunTime:0.004711s ]
[2026-02-03T11:42:32+08:00][sql] SELECT * FROM `aijz_qgsystem` WHERE  `id` = 1 LIMIT 1 [ RunTime:0.002232s ]
[2026-02-03T11:42:32+08:00][sql] SELECT * FROM `aijz_qgsystem` WHERE  `id` = 1 LIMIT 1 [ RunTime:0.001904s ]
[2026-02-03T11:42:32+08:00][sql] SELECT * FROM `aijz_qgsystem` WHERE  `id` = 1 LIMIT 1 [ RunTime:0.001751s ]
[2026-02-03T11:42:32+08:00][sql] SELECT * FROM `aijz_qgsystem` WHERE  `id` = 1 LIMIT 1 [ RunTime:0.001886s ]
[2026-02-03T11:42:32+08:00][sql] SELECT * FROM `aijz_qgsystem` WHERE  `id` = 1 LIMIT 1 [ RunTime:0.001778s ]
[2026-02-03T11:42:32+08:00][sql] SELECT * FROM `aijz_qgsystem` WHERE  `id` = 1 LIMIT 1 [ RunTime:0.001953s ]
[2026-02-03T11:42:32+08:00][sql] SELECT * FROM `aijz_qgsystem` WHERE  `id` = 1 LIMIT 1 [ RunTime:0.001897s ]
[2026-02-03T11:42:32+08:00][sql] SELECT * FROM `aijz_qgsystem` WHERE  `id` = 1 LIMIT 1 [ RunTime:0.001702s ]
[2026-02-03T11:42:32+08:00][sql] SELECT * FROM `aijz_qgsystem` WHERE  `id` = 1 LIMIT 1 [ RunTime:0.001805s ]
[2026-02-03T11:42:32+08:00][sql] SELECT * FROM `aijz_qgsystem` WHERE  `id` = 1 LIMIT 1 [ RunTime:0.001757s ]
[2026-02-03T11:42:32+08:00][sql] SELECT * FROM `aijz_qgsystem` WHERE  `id` = 1 LIMIT 1 [ RunTime:0.001820s ]
[2026-02-03T11:42:32+08:00][sql] SELECT * FROM `aijz_qgsystem` WHERE  `id` = 1 LIMIT 1 [ RunTime:0.001825s ]
[2026-02-03T11:42:32+08:00][sql] SELECT * FROM `aijz_qgsystem` WHERE  `id` = 1 LIMIT 1 [ RunTime:0.001781s ]
[2026-02-03T11:42:32+08:00][sql] SELECT * FROM `aijz_qgsystem` WHERE  `id` = 1 LIMIT 1 [ RunTime:0.001791s ]
[2026-02-03T11:42:32+08:00][sql] SHOW FULL COLUMNS FROM `aijz_qgaccount` [ RunTime:0.004600s ]
[2026-02-03T11:42:32+08:00][sql] SELECT * FROM `aijz_qgaccount` WHERE  `uid` = 1 [ RunTime:0.002208s ]
[2026-02-03T11:42:32+08:00][sql] SHOW FULL COLUMNS FROM `aijz_qgtransfer` [ RunTime:0.004542s ]
[2026-02-03T11:42:32+08:00][sql] SELECT `t`.*,ca.aname as from_account_name,ca.alogo as from_account_logo,ra.aname as to_account_name,ra.alogo as to_account_logo FROM `aijz_qgtransfer` `t` INNER JOIN `aijz_qgaccount` `ca` ON `t`.`caid`=`ca`.`aid` INNER JOIN `aijz_qgaccount` `ra` ON `t`.`raid`=`ra`.`aid` WHERE  `t`.`uid` = '1' ORDER BY `t`.`ttime` DESC [ RunTime:0.002506s ]
[2026-02-03T11:42:32+08:00][sql] CONNECT:[ UseTime:0.001984s ] mysql:host=127.0.0.1;port=3306;dbname=qgzf;charset=utf8
[2026-02-03T11:42:32+08:00][sql] SHOW FULL COLUMNS FROM `aijz_qgsystem` [ RunTime:0.004408s ]
[2026-02-03T11:42:32+08:00][sql] SELECT * FROM `aijz_qgsystem` WHERE  `id` = 1 LIMIT 1 [ RunTime:0.001851s ]
[2026-02-03T11:42:32+08:00][sql] SELECT * FROM `aijz_qgsystem` WHERE  `id` = 1 LIMIT 1 [ RunTime:0.001927s ]
[2026-02-03T11:42:32+08:00][sql] SELECT * FROM `aijz_qgsystem` WHERE  `id` = 1 LIMIT 1 [ RunTime:0.004943s ]
[2026-02-03T11:42:32+08:00][sql] SELECT * FROM `aijz_qgsystem` WHERE  `id` = 1 LIMIT 1 [ RunTime:0.001979s ]
[2026-02-03T11:42:32+08:00][sql] SELECT * FROM `aijz_qgsystem` WHERE  `id` = 1 LIMIT 1 [ RunTime:0.002088s ]
[2026-02-03T11:42:32+08:00][sql] SELECT * FROM `aijz_qgsystem` WHERE  `id` = 1 LIMIT 1 [ RunTime:0.001781s ]
[2026-02-03T11:42:32+08:00][sql] SELECT * FROM `aijz_qgsystem` WHERE  `id` = 1 LIMIT 1 [ RunTime:0.001718s ]
[2026-02-03T11:42:32+08:00][sql] SELECT * FROM `aijz_qgsystem` WHERE  `id` = 1 LIMIT 1 [ RunTime:0.002008s ]
[2026-02-03T11:42:32+08:00][sql] SELECT * FROM `aijz_qgsystem` WHERE  `id` = 1 LIMIT 1 [ RunTime:0.002385s ]
[2026-02-03T11:42:32+08:00][sql] SELECT * FROM `aijz_qgsystem` WHERE  `id` = 1 LIMIT 1 [ RunTime:0.001854s ]
[2026-02-03T11:42:32+08:00][sql] SELECT * FROM `aijz_qgsystem` WHERE  `id` = 1 LIMIT 1 [ RunTime:0.003603s ]
[2026-02-03T11:42:32+08:00][sql] SELECT * FROM `aijz_qgsystem` WHERE  `id` = 1 LIMIT 1 [ RunTime:0.002051s ]
[2026-02-03T11:42:32+08:00][sql] SELECT * FROM `aijz_qgsystem` WHERE  `id` = 1 LIMIT 1 [ RunTime:0.002046s ]
[2026-02-03T11:42:32+08:00][sql] SELECT * FROM `aijz_qgsystem` WHERE  `id` = 1 LIMIT 1 [ RunTime:0.001867s ]
[2026-02-03T11:42:32+08:00][sql] SHOW FULL COLUMNS FROM `aijz_qgledger` [ RunTime:0.012686s ]
[2026-02-03T11:42:32+08:00][sql] SELECT `lid`,`uid`,`lname`,`lsubtitle`,`ctime` FROM `aijz_qgledger` WHERE  `uid` = 1 [ RunTime:0.004481s ]
[2026-02-03T11:42:33+08:00][sql] CONNECT:[ UseTime:0.002046s ] mysql:host=127.0.0.1;port=3306;dbname=qgzf;charset=utf8
[2026-02-03T11:42:33+08:00][sql] SHOW FULL COLUMNS FROM `aijz_qgsystem` [ RunTime:0.005003s ]
[2026-02-03T11:42:33+08:00][sql] SELECT * FROM `aijz_qgsystem` WHERE  `id` = 1 LIMIT 1 [ RunTime:0.002203s ]
[2026-02-03T11:42:33+08:00][sql] SELECT * FROM `aijz_qgsystem` WHERE  `id` = 1 LIMIT 1 [ RunTime:0.001727s ]
[2026-02-03T11:42:33+08:00][sql] SELECT * FROM `aijz_qgsystem` WHERE  `id` = 1 LIMIT 1 [ RunTime:0.001815s ]
[2026-02-03T11:42:33+08:00][sql] SELECT * FROM `aijz_qgsystem` WHERE  `id` = 1 LIMIT 1 [ RunTime:0.001810s ]
[2026-02-03T11:42:33+08:00][sql] SELECT * FROM `aijz_qgsystem` WHERE  `id` = 1 LIMIT 1 [ RunTime:0.001815s ]
[2026-02-03T11:42:33+08:00][sql] SELECT * FROM `aijz_qgsystem` WHERE  `id` = 1 LIMIT 1 [ RunTime:0.001685s ]
[2026-02-03T11:42:33+08:00][sql] SELECT * FROM `aijz_qgsystem` WHERE  `id` = 1 LIMIT 1 [ RunTime:0.001795s ]
[2026-02-03T11:42:33+08:00][sql] SELECT * FROM `aijz_qgsystem` WHERE  `id` = 1 LIMIT 1 [ RunTime:0.001805s ]
[2026-02-03T11:42:33+08:00][sql] SELECT * FROM `aijz_qgsystem` WHERE  `id` = 1 LIMIT 1 [ RunTime:0.001879s ]
[2026-02-03T11:42:33+08:00][sql] SELECT * FROM `aijz_qgsystem` WHERE  `id` = 1 LIMIT 1 [ RunTime:0.001834s ]
[2026-02-03T11:42:33+08:00][sql] SELECT * FROM `aijz_qgsystem` WHERE  `id` = 1 LIMIT 1 [ RunTime:0.001840s ]
[2026-02-03T11:42:33+08:00][sql] SELECT * FROM `aijz_qgsystem` WHERE  `id` = 1 LIMIT 1 [ RunTime:0.001741s ]
[2026-02-03T11:42:33+08:00][sql] SELECT * FROM `aijz_qgsystem` WHERE  `id` = 1 LIMIT 1 [ RunTime:0.001798s ]
[2026-02-03T11:42:33+08:00][sql] SELECT * FROM `aijz_qgsystem` WHERE  `id` = 1 LIMIT 1 [ RunTime:0.001685s ]
[2026-02-03T11:42:33+08:00][sql] SHOW FULL COLUMNS FROM `aijz_qgusers` [ RunTime:0.004963s ]
[2026-02-03T11:42:33+08:00][sql] SELECT * FROM `aijz_qgusers` WHERE  `uid` = 1 LIMIT 1 [ RunTime:0.002325s ]
