[2026-01-24T13:39:19+08:00][sql] CONNECT:[ UseTime:0.042109s ] mysql:host=127.0.0.1;port=3306;dbname=qgzf;charset=utf8
[2026-01-24T13:39:19+08:00][sql] SHOW FULL COLUMNS FROM `aijz_qgsystem` [ RunTime:0.104159s ]
[2026-01-24T13:39:19+08:00][sql] SELECT * FROM `aijz_qgsystem` WHERE  `id` = 1 LIMIT 1 [ RunTime:0.001822s ]
[2026-01-24T13:39:19+08:00][sql] SELECT * FROM `aijz_qgsystem` WHERE  `id` = 1 LIMIT 1 [ RunTime:0.001809s ]
[2026-01-24T13:39:19+08:00][sql] SELECT * FROM `aijz_qgsystem` WHERE  `id` = 1 LIMIT 1 [ RunTime:0.001722s ]
[2026-01-24T13:39:19+08:00][sql] SELECT * FROM `aijz_qgsystem` WHERE  `id` = 1 LIMIT 1 [ RunTime:0.001838s ]
[2026-01-24T13:39:19+08:00][sql] SELECT * FROM `aijz_qgsystem` WHERE  `id` = 1 LIMIT 1 [ RunTime:0.001677s ]
[2026-01-24T13:39:19+08:00][sql] SELECT * FROM `aijz_qgsystem` WHERE  `id` = 1 LIMIT 1 [ RunTime:0.001744s ]
[2026-01-24T13:39:19+08:00][sql] SELECT * FROM `aijz_qgsystem` WHERE  `id` = 1 LIMIT 1 [ RunTime:0.001799s ]
[2026-01-24T13:39:19+08:00][sql] SELECT * FROM `aijz_qgsystem` WHERE  `id` = 1 LIMIT 1 [ RunTime:0.001751s ]
[2026-01-24T13:39:19+08:00][sql] SELECT * FROM `aijz_qgsystem` WHERE  `id` = 1 LIMIT 1 [ RunTime:0.002055s ]
[2026-01-24T13:39:19+08:00][sql] SELECT * FROM `aijz_qgsystem` WHERE  `id` = 1 LIMIT 1 [ RunTime:0.002148s ]
[2026-01-24T13:39:19+08:00][sql] SELECT * FROM `aijz_qgsystem` WHERE  `id` = 1 LIMIT 1 [ RunTime:0.002483s ]
[2026-01-24T13:39:19+08:00][sql] SELECT * FROM `aijz_qgsystem` WHERE  `id` = 1 LIMIT 1 [ RunTime:0.001919s ]
[2026-01-24T13:39:19+08:00][sql] SELECT * FROM `aijz_qgsystem` WHERE  `id` = 1 LIMIT 1 [ RunTime:0.001840s ]
[2026-01-24T13:39:19+08:00][sql] SELECT * FROM `aijz_qgsystem` WHERE  `id` = 1 LIMIT 1 [ RunTime:0.002063s ]
[2026-01-24T13:39:20+08:00][sql] CONNECT:[ UseTime:0.055161s ] mysql:host=127.0.0.1;port=3306;dbname=qgzf;charset=utf8
[2026-01-24T13:39:20+08:00][sql] SHOW FULL COLUMNS FROM `aijz_qgsystem` [ RunTime:0.044427s ]
[2026-01-24T13:39:20+08:00][sql] SELECT * FROM `aijz_qgsystem` WHERE  `id` = 1 LIMIT 1 [ RunTime:0.001878s ]
[2026-01-24T13:39:20+08:00][sql] SELECT * FROM `aijz_qgsystem` WHERE  `id` = 1 LIMIT 1 [ RunTime:0.003351s ]
[2026-01-24T13:39:20+08:00][sql] SELECT * FROM `aijz_qgsystem` WHERE  `id` = 1 LIMIT 1 [ RunTime:0.001771s ]
[2026-01-24T13:39:20+08:00][sql] SELECT * FROM `aijz_qgsystem` WHERE  `id` = 1 LIMIT 1 [ RunTime:0.001867s ]
[2026-01-24T13:39:20+08:00][sql] SELECT * FROM `aijz_qgsystem` WHERE  `id` = 1 LIMIT 1 [ RunTime:0.001726s ]
[2026-01-24T13:39:20+08:00][sql] SELECT * FROM `aijz_qgsystem` WHERE  `id` = 1 LIMIT 1 [ RunTime:0.001796s ]
[2026-01-24T13:39:20+08:00][sql] SELECT * FROM `aijz_qgsystem` WHERE  `id` = 1 LIMIT 1 [ RunTime:0.001841s ]
[2026-01-24T13:39:20+08:00][sql] SELECT * FROM `aijz_qgsystem` WHERE  `id` = 1 LIMIT 1 [ RunTime:0.001682s ]
[2026-01-24T13:39:20+08:00][sql] SELECT * FROM `aijz_qgsystem` WHERE  `id` = 1 LIMIT 1 [ RunTime:0.001704s ]
[2026-01-24T13:39:20+08:00][sql] SELECT * FROM `aijz_qgsystem` WHERE  `id` = 1 LIMIT 1 [ RunTime:0.001748s ]
[2026-01-24T13:39:20+08:00][sql] SELECT * FROM `aijz_qgsystem` WHERE  `id` = 1 LIMIT 1 [ RunTime:0.001696s ]
[2026-01-24T13:39:20+08:00][sql] SELECT * FROM `aijz_qgsystem` WHERE  `id` = 1 LIMIT 1 [ RunTime:0.001899s ]
[2026-01-24T13:39:20+08:00][sql] SELECT * FROM `aijz_qgsystem` WHERE  `id` = 1 LIMIT 1 [ RunTime:0.001963s ]
[2026-01-24T13:39:20+08:00][sql] SELECT * FROM `aijz_qgsystem` WHERE  `id` = 1 LIMIT 1 [ RunTime:0.001699s ]
[2026-01-24T13:39:20+08:00][sql] SELECT * FROM `aijz_qgsystem` WHERE  `id` = 1 LIMIT 1 [ RunTime:0.001895s ]
[2026-01-24T13:39:25+08:00][sql] CONNECT:[ UseTime:0.018539s ] mysql:host=127.0.0.1;port=3306;dbname=qgzf;charset=utf8
[2026-01-24T13:39:25+08:00][sql] SHOW FULL COLUMNS FROM `aijz_qgsystem` [ RunTime:0.033256s ]
[2026-01-24T13:39:25+08:00][sql] SELECT * FROM `aijz_qgsystem` WHERE  `id` = 1 LIMIT 1 [ RunTime:0.002423s ]
[2026-01-24T13:39:25+08:00][sql] SELECT * FROM `aijz_qgsystem` WHERE  `id` = 1 LIMIT 1 [ RunTime:0.001887s ]
[2026-01-24T13:39:25+08:00][sql] SELECT * FROM `aijz_qgsystem` WHERE  `id` = 1 LIMIT 1 [ RunTime:0.001787s ]
[2026-01-24T13:39:25+08:00][sql] SELECT * FROM `aijz_qgsystem` WHERE  `id` = 1 LIMIT 1 [ RunTime:0.001827s ]
[2026-01-24T13:39:25+08:00][sql] SELECT * FROM `aijz_qgsystem` WHERE  `id` = 1 LIMIT 1 [ RunTime:0.002086s ]
[2026-01-24T13:39:25+08:00][sql] SELECT * FROM `aijz_qgsystem` WHERE  `id` = 1 LIMIT 1 [ RunTime:0.001734s ]
[2026-01-24T13:39:25+08:00][sql] SELECT * FROM `aijz_qgsystem` WHERE  `id` = 1 LIMIT 1 [ RunTime:0.001765s ]
[2026-01-24T13:39:25+08:00][sql] SELECT * FROM `aijz_qgsystem` WHERE  `id` = 1 LIMIT 1 [ RunTime:0.001733s ]
[2026-01-24T13:39:25+08:00][sql] SELECT * FROM `aijz_qgsystem` WHERE  `id` = 1 LIMIT 1 [ RunTime:0.001885s ]
[2026-01-24T13:39:25+08:00][sql] SELECT * FROM `aijz_qgsystem` WHERE  `id` = 1 LIMIT 1 [ RunTime:0.003328s ]
[2026-01-24T13:39:25+08:00][sql] SELECT * FROM `aijz_qgsystem` WHERE  `id` = 1 LIMIT 1 [ RunTime:0.001879s ]
[2026-01-24T13:39:25+08:00][sql] SELECT * FROM `aijz_qgsystem` WHERE  `id` = 1 LIMIT 1 [ RunTime:0.001729s ]
[2026-01-24T13:39:25+08:00][sql] SELECT * FROM `aijz_qgsystem` WHERE  `id` = 1 LIMIT 1 [ RunTime:0.004556s ]
[2026-01-24T13:39:25+08:00][sql] SELECT * FROM `aijz_qgsystem` WHERE  `id` = 1 LIMIT 1 [ RunTime:0.001755s ]
[2026-01-24T13:39:25+08:00][sql] CONNECT:[ UseTime:0.002813s ] mysql:host=127.0.0.1;port=3306;dbname=qgzf;charset=utf8
[2026-01-24T13:39:25+08:00][sql] SHOW FULL COLUMNS FROM `aijz_qgsystem` [ RunTime:0.050622s ]
[2026-01-24T13:39:25+08:00][sql] SELECT * FROM `aijz_qgsystem` WHERE  `id` = 1 LIMIT 1 [ RunTime:0.001962s ]
[2026-01-24T13:39:25+08:00][sql] SELECT * FROM `aijz_qgsystem` WHERE  `id` = 1 LIMIT 1 [ RunTime:0.002265s ]
[2026-01-24T13:39:25+08:00][sql] SELECT * FROM `aijz_qgsystem` WHERE  `id` = 1 LIMIT 1 [ RunTime:0.001882s ]
[2026-01-24T13:39:25+08:00][sql] SELECT * FROM `aijz_qgsystem` WHERE  `id` = 1 LIMIT 1 [ RunTime:0.001834s ]
[2026-01-24T13:39:25+08:00][sql] SELECT * FROM `aijz_qgsystem` WHERE  `id` = 1 LIMIT 1 [ RunTime:0.001664s ]
[2026-01-24T13:39:25+08:00][sql] SELECT * FROM `aijz_qgsystem` WHERE  `id` = 1 LIMIT 1 [ RunTime:0.001978s ]
[2026-01-24T13:39:25+08:00][sql] SELECT * FROM `aijz_qgsystem` WHERE  `id` = 1 LIMIT 1 [ RunTime:0.001908s ]
[2026-01-24T13:39:25+08:00][sql] SELECT * FROM `aijz_qgsystem` WHERE  `id` = 1 LIMIT 1 [ RunTime:0.001680s ]
[2026-01-24T13:39:25+08:00][sql] SELECT * FROM `aijz_qgsystem` WHERE  `id` = 1 LIMIT 1 [ RunTime:0.002019s ]
[2026-01-24T13:39:25+08:00][sql] SELECT * FROM `aijz_qgsystem` WHERE  `id` = 1 LIMIT 1 [ RunTime:0.001793s ]
[2026-01-24T13:39:25+08:00][sql] SELECT * FROM `aijz_qgsystem` WHERE  `id` = 1 LIMIT 1 [ RunTime:0.001863s ]
[2026-01-24T13:39:25+08:00][sql] SELECT * FROM `aijz_qgsystem` WHERE  `id` = 1 LIMIT 1 [ RunTime:0.001823s ]
[2026-01-24T13:39:25+08:00][sql] SELECT * FROM `aijz_qgsystem` WHERE  `id` = 1 LIMIT 1 [ RunTime:0.001725s ]
[2026-01-24T13:39:25+08:00][sql] SELECT * FROM `aijz_qgsystem` WHERE  `id` = 1 LIMIT 1 [ RunTime:0.001796s ]
[2026-01-24T13:39:25+08:00][sql] SELECT * FROM `aijz_qgsystem` WHERE  `id` = 1 LIMIT 1 [ RunTime:0.001839s ]
[2026-01-24T13:39:48+08:00][sql] CONNECT:[ UseTime:0.021232s ] mysql:host=127.0.0.1;port=3306;dbname=qgzf;charset=utf8
[2026-01-24T13:39:48+08:00][sql] SHOW FULL COLUMNS FROM `aijz_qgsystem` [ RunTime:0.007531s ]
[2026-01-24T13:39:48+08:00][sql] SELECT * FROM `aijz_qgsystem` WHERE  `id` = 1 LIMIT 1 [ RunTime:0.002042s ]
[2026-01-24T13:39:48+08:00][sql] SELECT * FROM `aijz_qgsystem` WHERE  `id` = 1 LIMIT 1 [ RunTime:0.001729s ]
[2026-01-24T13:39:48+08:00][sql] SELECT * FROM `aijz_qgsystem` WHERE  `id` = 1 LIMIT 1 [ RunTime:0.001692s ]
[2026-01-24T13:39:48+08:00][sql] SELECT * FROM `aijz_qgsystem` WHERE  `id` = 1 LIMIT 1 [ RunTime:0.001718s ]
[2026-01-24T13:39:48+08:00][sql] SELECT * FROM `aijz_qgsystem` WHERE  `id` = 1 LIMIT 1 [ RunTime:0.001831s ]
[2026-01-24T13:39:48+08:00][sql] SELECT * FROM `aijz_qgsystem` WHERE  `id` = 1 LIMIT 1 [ RunTime:0.001645s ]
[2026-01-24T13:39:48+08:00][sql] SELECT * FROM `aijz_qgsystem` WHERE  `id` = 1 LIMIT 1 [ RunTime:0.001705s ]
[2026-01-24T13:39:48+08:00][sql] SELECT * FROM `aijz_qgsystem` WHERE  `id` = 1 LIMIT 1 [ RunTime:0.001757s ]
[2026-01-24T13:39:48+08:00][sql] SELECT * FROM `aijz_qgsystem` WHERE  `id` = 1 LIMIT 1 [ RunTime:0.001711s ]
[2026-01-24T13:39:48+08:00][sql] SELECT * FROM `aijz_qgsystem` WHERE  `id` = 1 LIMIT 1 [ RunTime:0.001840s ]
[2026-01-24T13:39:48+08:00][sql] SELECT * FROM `aijz_qgsystem` WHERE  `id` = 1 LIMIT 1 [ RunTime:0.001805s ]
[2026-01-24T13:39:48+08:00][sql] SELECT * FROM `aijz_qgsystem` WHERE  `id` = 1 LIMIT 1 [ RunTime:0.001658s ]
[2026-01-24T13:39:48+08:00][sql] SELECT * FROM `aijz_qgsystem` WHERE  `id` = 1 LIMIT 1 [ RunTime:0.001832s ]
[2026-01-24T13:39:48+08:00][sql] SELECT * FROM `aijz_qgsystem` WHERE  `id` = 1 LIMIT 1 [ RunTime:0.001646s ]
[2026-01-24T13:39:48+08:00][sql] SHOW FULL COLUMNS FROM `aijz_qgusers` [ RunTime:0.020562s ]
[2026-01-24T13:39:48+08:00][sql] SELECT * FROM `aijz_qgusers` WHERE  `uname` = '13888888888' OR `uiphone` = '13888888888' LIMIT 1 [ RunTime:0.002440s ]
[2026-01-24T13:39:48+08:00][sql] UPDATE `aijz_qgusers`  SET `ltime` = '2026-01-24 13:39:47'  WHERE  `uid` = 1 [ RunTime:1.294375s ]
[2026-01-24T13:39:49+08:00][sql] CONNECT:[ UseTime:0.008504s ] mysql:host=127.0.0.1;port=3306;dbname=qgzf;charset=utf8
[2026-01-24T13:39:49+08:00][sql] SHOW FULL COLUMNS FROM `aijz_qgsystem` [ RunTime:0.042920s ]
[2026-01-24T13:39:49+08:00][sql] SELECT * FROM `aijz_qgsystem` WHERE  `id` = 1 LIMIT 1 [ RunTime:0.001981s ]
[2026-01-24T13:39:49+08:00][sql] SELECT * FROM `aijz_qgsystem` WHERE  `id` = 1 LIMIT 1 [ RunTime:0.001916s ]
[2026-01-24T13:39:49+08:00][sql] SELECT * FROM `aijz_qgsystem` WHERE  `id` = 1 LIMIT 1 [ RunTime:0.002000s ]
[2026-01-24T13:39:49+08:00][sql] SELECT * FROM `aijz_qgsystem` WHERE  `id` = 1 LIMIT 1 [ RunTime:0.001721s ]
[2026-01-24T13:39:49+08:00][sql] SELECT * FROM `aijz_qgsystem` WHERE  `id` = 1 LIMIT 1 [ RunTime:0.001514s ]
[2026-01-24T13:39:49+08:00][sql] SELECT * FROM `aijz_qgsystem` WHERE  `id` = 1 LIMIT 1 [ RunTime:0.001533s ]
[2026-01-24T13:39:49+08:00][sql] SELECT * FROM `aijz_qgsystem` WHERE  `id` = 1 LIMIT 1 [ RunTime:0.001526s ]
[2026-01-24T13:39:49+08:00][sql] SELECT * FROM `aijz_qgsystem` WHERE  `id` = 1 LIMIT 1 [ RunTime:0.001638s ]
[2026-01-24T13:39:49+08:00][sql] SELECT * FROM `aijz_qgsystem` WHERE  `id` = 1 LIMIT 1 [ RunTime:0.001781s ]
[2026-01-24T13:39:49+08:00][sql] SELECT * FROM `aijz_qgsystem` WHERE  `id` = 1 LIMIT 1 [ RunTime:0.001717s ]
[2026-01-24T13:39:49+08:00][sql] SELECT * FROM `aijz_qgsystem` WHERE  `id` = 1 LIMIT 1 [ RunTime:0.002017s ]
[2026-01-24T13:39:49+08:00][sql] SELECT * FROM `aijz_qgsystem` WHERE  `id` = 1 LIMIT 1 [ RunTime:0.001807s ]
[2026-01-24T13:39:49+08:00][sql] SELECT * FROM `aijz_qgsystem` WHERE  `id` = 1 LIMIT 1 [ RunTime:0.001777s ]
[2026-01-24T13:39:49+08:00][sql] SELECT * FROM `aijz_qgsystem` WHERE  `id` = 1 LIMIT 1 [ RunTime:0.001805s ]
[2026-01-24T13:39:49+08:00][sql] SHOW FULL COLUMNS FROM `aijz_qgledger` [ RunTime:0.004588s ]
[2026-01-24T13:39:49+08:00][sql] SELECT COUNT(*) AS think_count FROM `aijz_qgledger` WHERE  `uid` = 1 LIMIT 1 [ RunTime:0.014667s ]
[2026-01-24T13:39:49+08:00][sql] SHOW FULL COLUMNS FROM `aijz_qgaccount` [ RunTime:0.004942s ]
[2026-01-24T13:39:49+08:00][sql] SELECT COUNT(*) AS think_count FROM `aijz_qgaccount` WHERE  `uid` = 1 LIMIT 1 [ RunTime:0.002091s ]
[2026-01-24T13:39:53+08:00][sql] CONNECT:[ UseTime:0.008032s ] mysql:host=127.0.0.1;port=3306;dbname=qgzf;charset=utf8
[2026-01-24T13:39:53+08:00][sql] SHOW FULL COLUMNS FROM `aijz_qgsystem` [ RunTime:0.007382s ]
[2026-01-24T13:39:53+08:00][sql] SELECT * FROM `aijz_qgsystem` WHERE  `id` = 1 LIMIT 1 [ RunTime:0.001878s ]
[2026-01-24T13:39:53+08:00][sql] SELECT * FROM `aijz_qgsystem` WHERE  `id` = 1 LIMIT 1 [ RunTime:0.001790s ]
[2026-01-24T13:39:53+08:00][sql] SELECT * FROM `aijz_qgsystem` WHERE  `id` = 1 LIMIT 1 [ RunTime:0.001776s ]
[2026-01-24T13:39:53+08:00][sql] SELECT * FROM `aijz_qgsystem` WHERE  `id` = 1 LIMIT 1 [ RunTime:0.009544s ]
[2026-01-24T13:39:53+08:00][sql] SELECT * FROM `aijz_qgsystem` WHERE  `id` = 1 LIMIT 1 [ RunTime:0.001749s ]
[2026-01-24T13:39:53+08:00][sql] SELECT * FROM `aijz_qgsystem` WHERE  `id` = 1 LIMIT 1 [ RunTime:0.001762s ]
[2026-01-24T13:39:53+08:00][sql] SELECT * FROM `aijz_qgsystem` WHERE  `id` = 1 LIMIT 1 [ RunTime:0.001875s ]
[2026-01-24T13:39:53+08:00][sql] SELECT * FROM `aijz_qgsystem` WHERE  `id` = 1 LIMIT 1 [ RunTime:0.001760s ]
[2026-01-24T13:39:53+08:00][sql] SELECT * FROM `aijz_qgsystem` WHERE  `id` = 1 LIMIT 1 [ RunTime:0.001890s ]
[2026-01-24T13:39:53+08:00][sql] SELECT * FROM `aijz_qgsystem` WHERE  `id` = 1 LIMIT 1 [ RunTime:0.001806s ]
[2026-01-24T13:39:53+08:00][sql] SELECT * FROM `aijz_qgsystem` WHERE  `id` = 1 LIMIT 1 [ RunTime:0.001891s ]
[2026-01-24T13:39:53+08:00][sql] SELECT * FROM `aijz_qgsystem` WHERE  `id` = 1 LIMIT 1 [ RunTime:0.001927s ]
[2026-01-24T13:39:53+08:00][sql] SELECT * FROM `aijz_qgsystem` WHERE  `id` = 1 LIMIT 1 [ RunTime:0.001830s ]
[2026-01-24T13:39:53+08:00][sql] SELECT * FROM `aijz_qgsystem` WHERE  `id` = 1 LIMIT 1 [ RunTime:0.001800s ]
[2026-01-24T13:39:53+08:00][sql] SHOW FULL COLUMNS FROM `aijz_qgledger` [ RunTime:0.004558s ]
[2026-01-24T13:39:53+08:00][sql] SELECT `lid`,`uid`,`lname`,`lsubtitle`,`ctime` FROM `aijz_qgledger` WHERE  `uid` = 1 [ RunTime:0.002161s ]
[2026-01-24T13:39:55+08:00][sql] CONNECT:[ UseTime:0.002966s ] mysql:host=127.0.0.1;port=3306;dbname=qgzf;charset=utf8
[2026-01-24T13:39:55+08:00][sql] SHOW FULL COLUMNS FROM `aijz_qgsystem` [ RunTime:0.019319s ]
[2026-01-24T13:39:55+08:00][sql] SELECT * FROM `aijz_qgsystem` WHERE  `id` = 1 LIMIT 1 [ RunTime:0.001945s ]
[2026-01-24T13:39:55+08:00][sql] SELECT * FROM `aijz_qgsystem` WHERE  `id` = 1 LIMIT 1 [ RunTime:0.001697s ]
[2026-01-24T13:39:55+08:00][sql] SELECT * FROM `aijz_qgsystem` WHERE  `id` = 1 LIMIT 1 [ RunTime:0.001784s ]
[2026-01-24T13:39:55+08:00][sql] SELECT * FROM `aijz_qgsystem` WHERE  `id` = 1 LIMIT 1 [ RunTime:0.001757s ]
[2026-01-24T13:39:55+08:00][sql] SELECT * FROM `aijz_qgsystem` WHERE  `id` = 1 LIMIT 1 [ RunTime:0.001909s ]
[2026-01-24T13:39:55+08:00][sql] SELECT * FROM `aijz_qgsystem` WHERE  `id` = 1 LIMIT 1 [ RunTime:0.001726s ]
[2026-01-24T13:39:55+08:00][sql] SELECT * FROM `aijz_qgsystem` WHERE  `id` = 1 LIMIT 1 [ RunTime:0.001728s ]
[2026-01-24T13:39:55+08:00][sql] SELECT * FROM `aijz_qgsystem` WHERE  `id` = 1 LIMIT 1 [ RunTime:0.001900s ]
[2026-01-24T13:39:55+08:00][sql] SELECT * FROM `aijz_qgsystem` WHERE  `id` = 1 LIMIT 1 [ RunTime:0.001677s ]
[2026-01-24T13:39:55+08:00][sql] SELECT * FROM `aijz_qgsystem` WHERE  `id` = 1 LIMIT 1 [ RunTime:0.001663s ]
[2026-01-24T13:39:55+08:00][sql] SELECT * FROM `aijz_qgsystem` WHERE  `id` = 1 LIMIT 1 [ RunTime:0.002100s ]
[2026-01-24T13:39:55+08:00][sql] SELECT * FROM `aijz_qgsystem` WHERE  `id` = 1 LIMIT 1 [ RunTime:0.001705s ]
[2026-01-24T13:39:55+08:00][sql] SELECT * FROM `aijz_qgsystem` WHERE  `id` = 1 LIMIT 1 [ RunTime:0.001681s ]
[2026-01-24T13:39:55+08:00][sql] SELECT * FROM `aijz_qgsystem` WHERE  `id` = 1 LIMIT 1 [ RunTime:0.002184s ]
[2026-01-24T13:39:55+08:00][sql] SHOW FULL COLUMNS FROM `aijz_qgaccount` [ RunTime:0.004945s ]
[2026-01-24T13:39:55+08:00][sql] SELECT * FROM `aijz_qgaccount` WHERE  `uid` = 1 [ RunTime:0.002307s ]
[2026-01-24T13:39:55+08:00][sql] SHOW FULL COLUMNS FROM `aijz_qgtransfer` [ RunTime:0.004585s ]
[2026-01-24T13:39:55+08:00][sql] SELECT `t`.*,ca.aname as from_account_name,ca.alogo as from_account_logo,ra.aname as to_account_name,ra.alogo as to_account_logo FROM `aijz_qgtransfer` `t` INNER JOIN `aijz_qgaccount` `ca` ON `t`.`caid`=`ca`.`aid` INNER JOIN `aijz_qgaccount` `ra` ON `t`.`raid`=`ra`.`aid` WHERE  `t`.`uid` = '1' ORDER BY `t`.`ttime` DESC [ RunTime:0.024603s ]
[2026-01-24T13:39:57+08:00][sql] CONNECT:[ UseTime:0.003065s ] mysql:host=127.0.0.1;port=3306;dbname=qgzf;charset=utf8
[2026-01-24T13:39:57+08:00][sql] SHOW FULL COLUMNS FROM `aijz_qgsystem` [ RunTime:0.006490s ]
[2026-01-24T13:39:57+08:00][sql] SELECT * FROM `aijz_qgsystem` WHERE  `id` = 1 LIMIT 1 [ RunTime:0.001911s ]
[2026-01-24T13:39:57+08:00][sql] SELECT * FROM `aijz_qgsystem` WHERE  `id` = 1 LIMIT 1 [ RunTime:0.003296s ]
[2026-01-24T13:39:57+08:00][sql] SELECT * FROM `aijz_qgsystem` WHERE  `id` = 1 LIMIT 1 [ RunTime:0.001749s ]
[2026-01-24T13:39:57+08:00][sql] SELECT * FROM `aijz_qgsystem` WHERE  `id` = 1 LIMIT 1 [ RunTime:0.001590s ]
[2026-01-24T13:39:57+08:00][sql] SELECT * FROM `aijz_qgsystem` WHERE  `id` = 1 LIMIT 1 [ RunTime:0.001555s ]
[2026-01-24T13:39:57+08:00][sql] SELECT * FROM `aijz_qgsystem` WHERE  `id` = 1 LIMIT 1 [ RunTime:0.001391s ]
[2026-01-24T13:39:57+08:00][sql] SELECT * FROM `aijz_qgsystem` WHERE  `id` = 1 LIMIT 1 [ RunTime:0.001576s ]
[2026-01-24T13:39:57+08:00][sql] SELECT * FROM `aijz_qgsystem` WHERE  `id` = 1 LIMIT 1 [ RunTime:0.001475s ]
[2026-01-24T13:39:57+08:00][sql] SELECT * FROM `aijz_qgsystem` WHERE  `id` = 1 LIMIT 1 [ RunTime:0.001408s ]
[2026-01-24T13:39:57+08:00][sql] SELECT * FROM `aijz_qgsystem` WHERE  `id` = 1 LIMIT 1 [ RunTime:0.001478s ]
[2026-01-24T13:39:57+08:00][sql] SELECT * FROM `aijz_qgsystem` WHERE  `id` = 1 LIMIT 1 [ RunTime:0.001580s ]
[2026-01-24T13:39:57+08:00][sql] SELECT * FROM `aijz_qgsystem` WHERE  `id` = 1 LIMIT 1 [ RunTime:0.001786s ]
[2026-01-24T13:39:57+08:00][sql] SELECT * FROM `aijz_qgsystem` WHERE  `id` = 1 LIMIT 1 [ RunTime:0.001805s ]
[2026-01-24T13:39:57+08:00][sql] SELECT * FROM `aijz_qgsystem` WHERE  `id` = 1 LIMIT 1 [ RunTime:0.001745s ]
[2026-01-24T13:39:57+08:00][sql] SHOW FULL COLUMNS FROM `aijz_qgusers` [ RunTime:0.004680s ]
[2026-01-24T13:39:57+08:00][sql] SELECT * FROM `aijz_qgusers` WHERE  `uid` = 1 LIMIT 1 [ RunTime:0.068111s ]
[2026-01-24T13:39:57+08:00][sql] SELECT * FROM `aijz_qgsystem` WHERE  `id` = 1 LIMIT 1 [ RunTime:0.001851s ]
[2026-01-24T13:40:01+08:00][sql] CONNECT:[ UseTime:0.003282s ] mysql:host=127.0.0.1;port=3306;dbname=qgzf;charset=utf8
[2026-01-24T13:40:01+08:00][sql] SHOW FULL COLUMNS FROM `aijz_qgsystem` [ RunTime:0.009408s ]
[2026-01-24T13:40:01+08:00][sql] SELECT * FROM `aijz_qgsystem` WHERE  `id` = 1 LIMIT 1 [ RunTime:0.001731s ]
[2026-01-24T13:40:01+08:00][sql] SELECT * FROM `aijz_qgsystem` WHERE  `id` = 1 LIMIT 1 [ RunTime:0.001506s ]
[2026-01-24T13:40:01+08:00][sql] SELECT * FROM `aijz_qgsystem` WHERE  `id` = 1 LIMIT 1 [ RunTime:0.001438s ]
[2026-01-24T13:40:01+08:00][sql] SELECT * FROM `aijz_qgsystem` WHERE  `id` = 1 LIMIT 1 [ RunTime:0.001561s ]
[2026-01-24T13:40:01+08:00][sql] SELECT * FROM `aijz_qgsystem` WHERE  `id` = 1 LIMIT 1 [ RunTime:0.001406s ]
[2026-01-24T13:40:01+08:00][sql] SELECT * FROM `aijz_qgsystem` WHERE  `id` = 1 LIMIT 1 [ RunTime:0.001595s ]
[2026-01-24T13:40:01+08:00][sql] SELECT * FROM `aijz_qgsystem` WHERE  `id` = 1 LIMIT 1 [ RunTime:0.001603s ]
[2026-01-24T13:40:01+08:00][sql] SELECT * FROM `aijz_qgsystem` WHERE  `id` = 1 LIMIT 1 [ RunTime:0.001437s ]
[2026-01-24T13:40:01+08:00][sql] SELECT * FROM `aijz_qgsystem` WHERE  `id` = 1 LIMIT 1 [ RunTime:0.001407s ]
[2026-01-24T13:40:01+08:00][sql] SELECT * FROM `aijz_qgsystem` WHERE  `id` = 1 LIMIT 1 [ RunTime:0.001361s ]
[2026-01-24T13:40:01+08:00][sql] SELECT * FROM `aijz_qgsystem` WHERE  `id` = 1 LIMIT 1 [ RunTime:0.001395s ]
[2026-01-24T13:40:01+08:00][sql] SELECT * FROM `aijz_qgsystem` WHERE  `id` = 1 LIMIT 1 [ RunTime:0.001445s ]
[2026-01-24T13:40:01+08:00][sql] SELECT * FROM `aijz_qgsystem` WHERE  `id` = 1 LIMIT 1 [ RunTime:0.001562s ]
[2026-01-24T13:40:01+08:00][sql] SELECT * FROM `aijz_qgsystem` WHERE  `id` = 1 LIMIT 1 [ RunTime:0.001643s ]
[2026-01-24T13:40:01+08:00][sql] SHOW FULL COLUMNS FROM `aijz_qgledger` [ RunTime:0.004243s ]
[2026-01-24T13:40:01+08:00][sql] SELECT COUNT(*) AS think_count FROM `aijz_qgledger` WHERE  `uid` = 1 LIMIT 1 [ RunTime:0.002078s ]
[2026-01-24T13:40:01+08:00][sql] SHOW FULL COLUMNS FROM `aijz_qgaccount` [ RunTime:0.004084s ]
[2026-01-24T13:40:01+08:00][sql] SELECT COUNT(*) AS think_count FROM `aijz_qgaccount` WHERE  `uid` = 1 LIMIT 1 [ RunTime:0.001938s ]
[2026-01-24T13:40:02+08:00][sql] CONNECT:[ UseTime:0.002772s ] mysql:host=127.0.0.1;port=3306;dbname=qgzf;charset=utf8
[2026-01-24T13:40:02+08:00][sql] SHOW FULL COLUMNS FROM `aijz_qgsystem` [ RunTime:0.007126s ]
[2026-01-24T13:40:02+08:00][sql] SELECT * FROM `aijz_qgsystem` WHERE  `id` = 1 LIMIT 1 [ RunTime:0.002994s ]
[2026-01-24T13:40:02+08:00][sql] SELECT * FROM `aijz_qgsystem` WHERE  `id` = 1 LIMIT 1 [ RunTime:0.001966s ]
[2026-01-24T13:40:02+08:00][sql] SELECT * FROM `aijz_qgsystem` WHERE  `id` = 1 LIMIT 1 [ RunTime:0.002069s ]
[2026-01-24T13:40:02+08:00][sql] SELECT * FROM `aijz_qgsystem` WHERE  `id` = 1 LIMIT 1 [ RunTime:0.001875s ]
[2026-01-24T13:40:02+08:00][sql] SELECT * FROM `aijz_qgsystem` WHERE  `id` = 1 LIMIT 1 [ RunTime:0.001848s ]
[2026-01-24T13:40:02+08:00][sql] SELECT * FROM `aijz_qgsystem` WHERE  `id` = 1 LIMIT 1 [ RunTime:0.001696s ]
[2026-01-24T13:40:02+08:00][sql] SELECT * FROM `aijz_qgsystem` WHERE  `id` = 1 LIMIT 1 [ RunTime:0.001813s ]
[2026-01-24T13:40:02+08:00][sql] SELECT * FROM `aijz_qgsystem` WHERE  `id` = 1 LIMIT 1 [ RunTime:0.001695s ]
[2026-01-24T13:40:02+08:00][sql] SELECT * FROM `aijz_qgsystem` WHERE  `id` = 1 LIMIT 1 [ RunTime:0.001833s ]
[2026-01-24T13:40:02+08:00][sql] SELECT * FROM `aijz_qgsystem` WHERE  `id` = 1 LIMIT 1 [ RunTime:0.001813s ]
[2026-01-24T13:40:02+08:00][sql] SELECT * FROM `aijz_qgsystem` WHERE  `id` = 1 LIMIT 1 [ RunTime:0.001948s ]
[2026-01-24T13:40:02+08:00][sql] SELECT * FROM `aijz_qgsystem` WHERE  `id` = 1 LIMIT 1 [ RunTime:0.001811s ]
[2026-01-24T13:40:02+08:00][sql] SELECT * FROM `aijz_qgsystem` WHERE  `id` = 1 LIMIT 1 [ RunTime:0.001973s ]
[2026-01-24T13:40:02+08:00][sql] SELECT * FROM `aijz_qgsystem` WHERE  `id` = 1 LIMIT 1 [ RunTime:0.003224s ]
[2026-01-24T13:40:02+08:00][sql] SHOW FULL COLUMNS FROM `aijz_qgledger` [ RunTime:0.004590s ]
[2026-01-24T13:40:02+08:00][sql] SELECT `lid`,`uid`,`lname`,`lsubtitle`,`ctime` FROM `aijz_qgledger` WHERE  `uid` = 1 [ RunTime:0.002159s ]
[2026-01-24T13:40:03+08:00][sql] CONNECT:[ UseTime:0.002931s ] mysql:host=127.0.0.1;port=3306;dbname=qgzf;charset=utf8
[2026-01-24T13:40:03+08:00][sql] SHOW FULL COLUMNS FROM `aijz_qgsystem` [ RunTime:0.008344s ]
[2026-01-24T13:40:03+08:00][sql] SELECT * FROM `aijz_qgsystem` WHERE  `id` = 1 LIMIT 1 [ RunTime:0.001750s ]
[2026-01-24T13:40:03+08:00][sql] SELECT * FROM `aijz_qgsystem` WHERE  `id` = 1 LIMIT 1 [ RunTime:0.001994s ]
[2026-01-24T13:40:03+08:00][sql] SELECT * FROM `aijz_qgsystem` WHERE  `id` = 1 LIMIT 1 [ RunTime:0.001794s ]
[2026-01-24T13:40:03+08:00][sql] SELECT * FROM `aijz_qgsystem` WHERE  `id` = 1 LIMIT 1 [ RunTime:0.002376s ]
[2026-01-24T13:40:03+08:00][sql] SELECT * FROM `aijz_qgsystem` WHERE  `id` = 1 LIMIT 1 [ RunTime:0.002475s ]
[2026-01-24T13:40:03+08:00][sql] SELECT * FROM `aijz_qgsystem` WHERE  `id` = 1 LIMIT 1 [ RunTime:0.002527s ]
[2026-01-24T13:40:03+08:00][sql] SELECT * FROM `aijz_qgsystem` WHERE  `id` = 1 LIMIT 1 [ RunTime:0.002301s ]
[2026-01-24T13:40:03+08:00][sql] SELECT * FROM `aijz_qgsystem` WHERE  `id` = 1 LIMIT 1 [ RunTime:0.002563s ]
[2026-01-24T13:40:03+08:00][sql] SELECT * FROM `aijz_qgsystem` WHERE  `id` = 1 LIMIT 1 [ RunTime:0.002147s ]
[2026-01-24T13:40:03+08:00][sql] SELECT * FROM `aijz_qgsystem` WHERE  `id` = 1 LIMIT 1 [ RunTime:0.001844s ]
[2026-01-24T13:40:03+08:00][sql] SELECT * FROM `aijz_qgsystem` WHERE  `id` = 1 LIMIT 1 [ RunTime:0.001787s ]
[2026-01-24T13:40:03+08:00][sql] SELECT * FROM `aijz_qgsystem` WHERE  `id` = 1 LIMIT 1 [ RunTime:0.005447s ]
[2026-01-24T13:40:03+08:00][sql] SELECT * FROM `aijz_qgsystem` WHERE  `id` = 1 LIMIT 1 [ RunTime:0.002092s ]
[2026-01-24T13:40:03+08:00][sql] SELECT * FROM `aijz_qgsystem` WHERE  `id` = 1 LIMIT 1 [ RunTime:0.001885s ]
[2026-01-24T13:40:03+08:00][sql] SHOW FULL COLUMNS FROM `aijz_qgledger` [ RunTime:0.004387s ]
[2026-01-24T13:40:03+08:00][sql] SELECT COUNT(*) AS think_count FROM `aijz_qgledger` WHERE  `uid` = 1 LIMIT 1 [ RunTime:0.002064s ]
[2026-01-24T13:40:03+08:00][sql] SHOW FULL COLUMNS FROM `aijz_qgaccount` [ RunTime:0.004488s ]
[2026-01-24T13:40:03+08:00][sql] SELECT COUNT(*) AS think_count FROM `aijz_qgaccount` WHERE  `uid` = 1 LIMIT 1 [ RunTime:0.002101s ]
[2026-01-24T13:40:04+08:00][sql] CONNECT:[ UseTime:0.003372s ] mysql:host=127.0.0.1;port=3306;dbname=qgzf;charset=utf8
[2026-01-24T13:40:04+08:00][sql] SHOW FULL COLUMNS FROM `aijz_qgsystem` [ RunTime:0.079886s ]
[2026-01-24T13:40:04+08:00][sql] SELECT * FROM `aijz_qgsystem` WHERE  `id` = 1 LIMIT 1 [ RunTime:0.001858s ]
[2026-01-24T13:40:04+08:00][sql] SELECT * FROM `aijz_qgsystem` WHERE  `id` = 1 LIMIT 1 [ RunTime:0.001772s ]
[2026-01-24T13:40:04+08:00][sql] SELECT * FROM `aijz_qgsystem` WHERE  `id` = 1 LIMIT 1 [ RunTime:0.001646s ]
[2026-01-24T13:40:04+08:00][sql] SELECT * FROM `aijz_qgsystem` WHERE  `id` = 1 LIMIT 1 [ RunTime:0.001818s ]
[2026-01-24T13:40:04+08:00][sql] SELECT * FROM `aijz_qgsystem` WHERE  `id` = 1 LIMIT 1 [ RunTime:0.001727s ]
[2026-01-24T13:40:04+08:00][sql] SELECT * FROM `aijz_qgsystem` WHERE  `id` = 1 LIMIT 1 [ RunTime:0.003204s ]
[2026-01-24T13:40:04+08:00][sql] SELECT * FROM `aijz_qgsystem` WHERE  `id` = 1 LIMIT 1 [ RunTime:0.002486s ]
[2026-01-24T13:40:04+08:00][sql] SELECT * FROM `aijz_qgsystem` WHERE  `id` = 1 LIMIT 1 [ RunTime:0.001868s ]
[2026-01-24T13:40:04+08:00][sql] SELECT * FROM `aijz_qgsystem` WHERE  `id` = 1 LIMIT 1 [ RunTime:0.001832s ]
[2026-01-24T13:40:04+08:00][sql] SELECT * FROM `aijz_qgsystem` WHERE  `id` = 1 LIMIT 1 [ RunTime:0.001774s ]
[2026-01-24T13:40:04+08:00][sql] SELECT * FROM `aijz_qgsystem` WHERE  `id` = 1 LIMIT 1 [ RunTime:0.001981s ]
[2026-01-24T13:40:04+08:00][sql] SELECT * FROM `aijz_qgsystem` WHERE  `id` = 1 LIMIT 1 [ RunTime:0.003069s ]
[2026-01-24T13:40:04+08:00][sql] SELECT * FROM `aijz_qgsystem` WHERE  `id` = 1 LIMIT 1 [ RunTime:0.001811s ]
[2026-01-24T13:40:04+08:00][sql] SELECT * FROM `aijz_qgsystem` WHERE  `id` = 1 LIMIT 1 [ RunTime:0.005564s ]
[2026-01-24T13:40:04+08:00][sql] SHOW FULL COLUMNS FROM `aijz_qgledger` [ RunTime:0.004492s ]
[2026-01-24T13:40:04+08:00][sql] SELECT `lid`,`uid`,`lname`,`lsubtitle`,`ctime` FROM `aijz_qgledger` WHERE  `uid` = 1 [ RunTime:0.002299s ]
[2026-01-24T13:40:05+08:00][sql] CONNECT:[ UseTime:0.003742s ] mysql:host=127.0.0.1;port=3306;dbname=qgzf;charset=utf8
[2026-01-24T13:40:05+08:00][sql] SHOW FULL COLUMNS FROM `aijz_qgsystem` [ RunTime:0.007005s ]
[2026-01-24T13:40:05+08:00][sql] SELECT * FROM `aijz_qgsystem` WHERE  `id` = 1 LIMIT 1 [ RunTime:0.001925s ]
[2026-01-24T13:40:05+08:00][sql] SELECT * FROM `aijz_qgsystem` WHERE  `id` = 1 LIMIT 1 [ RunTime:0.002029s ]
[2026-01-24T13:40:05+08:00][sql] SELECT * FROM `aijz_qgsystem` WHERE  `id` = 1 LIMIT 1 [ RunTime:0.001787s ]
[2026-01-24T13:40:05+08:00][sql] SELECT * FROM `aijz_qgsystem` WHERE  `id` = 1 LIMIT 1 [ RunTime:0.001787s ]
[2026-01-24T13:40:05+08:00][sql] SELECT * FROM `aijz_qgsystem` WHERE  `id` = 1 LIMIT 1 [ RunTime:0.001788s ]
[2026-01-24T13:40:05+08:00][sql] SELECT * FROM `aijz_qgsystem` WHERE  `id` = 1 LIMIT 1 [ RunTime:0.002014s ]
[2026-01-24T13:40:05+08:00][sql] SELECT * FROM `aijz_qgsystem` WHERE  `id` = 1 LIMIT 1 [ RunTime:0.001750s ]
[2026-01-24T13:40:05+08:00][sql] SELECT * FROM `aijz_qgsystem` WHERE  `id` = 1 LIMIT 1 [ RunTime:0.001774s ]
[2026-01-24T13:40:05+08:00][sql] SELECT * FROM `aijz_qgsystem` WHERE  `id` = 1 LIMIT 1 [ RunTime:0.001828s ]
[2026-01-24T13:40:05+08:00][sql] SELECT * FROM `aijz_qgsystem` WHERE  `id` = 1 LIMIT 1 [ RunTime:0.002751s ]
[2026-01-24T13:40:05+08:00][sql] SELECT * FROM `aijz_qgsystem` WHERE  `id` = 1 LIMIT 1 [ RunTime:0.001743s ]
[2026-01-24T13:40:05+08:00][sql] SELECT * FROM `aijz_qgsystem` WHERE  `id` = 1 LIMIT 1 [ RunTime:0.001803s ]
[2026-01-24T13:40:05+08:00][sql] SELECT * FROM `aijz_qgsystem` WHERE  `id` = 1 LIMIT 1 [ RunTime:0.001751s ]
[2026-01-24T13:40:05+08:00][sql] SELECT * FROM `aijz_qgsystem` WHERE  `id` = 1 LIMIT 1 [ RunTime:0.001946s ]
[2026-01-24T13:40:05+08:00][sql] SHOW FULL COLUMNS FROM `aijz_qgaccount` [ RunTime:0.004458s ]
[2026-01-24T13:40:05+08:00][sql] SELECT * FROM `aijz_qgaccount` WHERE  `uid` = 1 [ RunTime:0.002471s ]
[2026-01-24T13:40:05+08:00][sql] SHOW FULL COLUMNS FROM `aijz_qgtransfer` [ RunTime:0.004409s ]
[2026-01-24T13:40:05+08:00][sql] SELECT `t`.*,ca.aname as from_account_name,ca.alogo as from_account_logo,ra.aname as to_account_name,ra.alogo as to_account_logo FROM `aijz_qgtransfer` `t` INNER JOIN `aijz_qgaccount` `ca` ON `t`.`caid`=`ca`.`aid` INNER JOIN `aijz_qgaccount` `ra` ON `t`.`raid`=`ra`.`aid` WHERE  `t`.`uid` = '1' ORDER BY `t`.`ttime` DESC [ RunTime:0.002533s ]
[2026-01-24T13:40:07+08:00][sql] CONNECT:[ UseTime:0.003195s ] mysql:host=127.0.0.1;port=3306;dbname=qgzf;charset=utf8
[2026-01-24T13:40:07+08:00][sql] SHOW FULL COLUMNS FROM `aijz_qgsystem` [ RunTime:0.041149s ]
[2026-01-24T13:40:07+08:00][sql] SELECT * FROM `aijz_qgsystem` WHERE  `id` = 1 LIMIT 1 [ RunTime:0.002088s ]
[2026-01-24T13:40:07+08:00][sql] SELECT * FROM `aijz_qgsystem` WHERE  `id` = 1 LIMIT 1 [ RunTime:0.001779s ]
[2026-01-24T13:40:07+08:00][sql] SELECT * FROM `aijz_qgsystem` WHERE  `id` = 1 LIMIT 1 [ RunTime:0.003355s ]
[2026-01-24T13:40:07+08:00][sql] SELECT * FROM `aijz_qgsystem` WHERE  `id` = 1 LIMIT 1 [ RunTime:0.002482s ]
[2026-01-24T13:40:07+08:00][sql] SELECT * FROM `aijz_qgsystem` WHERE  `id` = 1 LIMIT 1 [ RunTime:0.001769s ]
[2026-01-24T13:40:07+08:00][sql] SELECT * FROM `aijz_qgsystem` WHERE  `id` = 1 LIMIT 1 [ RunTime:0.002749s ]
[2026-01-24T13:40:07+08:00][sql] SELECT * FROM `aijz_qgsystem` WHERE  `id` = 1 LIMIT 1 [ RunTime:0.001779s ]
[2026-01-24T13:40:07+08:00][sql] SELECT * FROM `aijz_qgsystem` WHERE  `id` = 1 LIMIT 1 [ RunTime:0.003515s ]
[2026-01-24T13:40:07+08:00][sql] SELECT * FROM `aijz_qgsystem` WHERE  `id` = 1 LIMIT 1 [ RunTime:0.001776s ]
[2026-01-24T13:40:07+08:00][sql] SELECT * FROM `aijz_qgsystem` WHERE  `id` = 1 LIMIT 1 [ RunTime:0.001947s ]
[2026-01-24T13:40:07+08:00][sql] SELECT * FROM `aijz_qgsystem` WHERE  `id` = 1 LIMIT 1 [ RunTime:0.002125s ]
[2026-01-24T13:40:07+08:00][sql] SELECT * FROM `aijz_qgsystem` WHERE  `id` = 1 LIMIT 1 [ RunTime:0.001983s ]
[2026-01-24T13:40:07+08:00][sql] SELECT * FROM `aijz_qgsystem` WHERE  `id` = 1 LIMIT 1 [ RunTime:0.001881s ]
[2026-01-24T13:40:07+08:00][sql] SELECT * FROM `aijz_qgsystem` WHERE  `id` = 1 LIMIT 1 [ RunTime:0.003191s ]
[2026-01-24T13:40:07+08:00][sql] SHOW FULL COLUMNS FROM `aijz_qgledger` [ RunTime:0.004326s ]
[2026-01-24T13:40:07+08:00][sql] SELECT COUNT(*) AS think_count FROM `aijz_qgledger` WHERE  `uid` = 1 LIMIT 1 [ RunTime:0.002071s ]
[2026-01-24T13:40:07+08:00][sql] SHOW FULL COLUMNS FROM `aijz_qgaccount` [ RunTime:0.004539s ]
[2026-01-24T13:40:07+08:00][sql] SELECT COUNT(*) AS think_count FROM `aijz_qgaccount` WHERE  `uid` = 1 LIMIT 1 [ RunTime:0.021416s ]
[2026-01-24T13:40:08+08:00][sql] CONNECT:[ UseTime:0.003581s ] mysql:host=127.0.0.1;port=3306;dbname=qgzf;charset=utf8
[2026-01-24T13:40:08+08:00][sql] SHOW FULL COLUMNS FROM `aijz_qgsystem` [ RunTime:0.023466s ]
[2026-01-24T13:40:08+08:00][sql] SELECT * FROM `aijz_qgsystem` WHERE  `id` = 1 LIMIT 1 [ RunTime:0.002229s ]
[2026-01-24T13:40:08+08:00][sql] SELECT * FROM `aijz_qgsystem` WHERE  `id` = 1 LIMIT 1 [ RunTime:0.001790s ]
[2026-01-24T13:40:08+08:00][sql] SELECT * FROM `aijz_qgsystem` WHERE  `id` = 1 LIMIT 1 [ RunTime:0.001780s ]
[2026-01-24T13:40:08+08:00][sql] SELECT * FROM `aijz_qgsystem` WHERE  `id` = 1 LIMIT 1 [ RunTime:0.002103s ]
[2026-01-24T13:40:08+08:00][sql] SELECT * FROM `aijz_qgsystem` WHERE  `id` = 1 LIMIT 1 [ RunTime:0.001831s ]
[2026-01-24T13:40:08+08:00][sql] SELECT * FROM `aijz_qgsystem` WHERE  `id` = 1 LIMIT 1 [ RunTime:0.001709s ]
[2026-01-24T13:40:08+08:00][sql] SELECT * FROM `aijz_qgsystem` WHERE  `id` = 1 LIMIT 1 [ RunTime:0.001788s ]
[2026-01-24T13:40:08+08:00][sql] SELECT * FROM `aijz_qgsystem` WHERE  `id` = 1 LIMIT 1 [ RunTime:0.001940s ]
[2026-01-24T13:40:08+08:00][sql] SELECT * FROM `aijz_qgsystem` WHERE  `id` = 1 LIMIT 1 [ RunTime:0.001728s ]
[2026-01-24T13:40:08+08:00][sql] SELECT * FROM `aijz_qgsystem` WHERE  `id` = 1 LIMIT 1 [ RunTime:0.001768s ]
[2026-01-24T13:40:08+08:00][sql] SELECT * FROM `aijz_qgsystem` WHERE  `id` = 1 LIMIT 1 [ RunTime:0.001678s ]
[2026-01-24T13:40:08+08:00][sql] SELECT * FROM `aijz_qgsystem` WHERE  `id` = 1 LIMIT 1 [ RunTime:0.002004s ]
[2026-01-24T13:40:08+08:00][sql] SELECT * FROM `aijz_qgsystem` WHERE  `id` = 1 LIMIT 1 [ RunTime:0.001820s ]
[2026-01-24T13:40:08+08:00][sql] SELECT * FROM `aijz_qgsystem` WHERE  `id` = 1 LIMIT 1 [ RunTime:0.002824s ]
[2026-01-24T13:40:08+08:00][sql] SHOW FULL COLUMNS FROM `aijz_qgusers` [ RunTime:0.004784s ]
[2026-01-24T13:40:08+08:00][sql] SELECT * FROM `aijz_qgusers` WHERE  `uid` = 1 LIMIT 1 [ RunTime:0.002265s ]
[2026-01-24T13:40:08+08:00][sql] SELECT * FROM `aijz_qgsystem` WHERE  `id` = 1 LIMIT 1 [ RunTime:0.001850s ]
[2026-01-24T17:32:15+08:00][sql] CONNECT:[ UseTime:0.055712s ] mysql:host=127.0.0.1;port=3306;dbname=qgzf;charset=utf8
[2026-01-24T17:32:15+08:00][sql] SHOW FULL COLUMNS FROM `aijz_qgsystem` [ RunTime:0.133572s ]
[2026-01-24T17:32:15+08:00][sql] SELECT * FROM `aijz_qgsystem` WHERE  `id` = 1 LIMIT 1 [ RunTime:0.002755s ]
[2026-01-24T17:32:15+08:00][sql] SELECT * FROM `aijz_qgsystem` WHERE  `id` = 1 LIMIT 1 [ RunTime:0.009163s ]
[2026-01-24T17:32:15+08:00][sql] SELECT * FROM `aijz_qgsystem` WHERE  `id` = 1 LIMIT 1 [ RunTime:0.003380s ]
[2026-01-24T17:32:15+08:00][sql] SELECT * FROM `aijz_qgsystem` WHERE  `id` = 1 LIMIT 1 [ RunTime:0.001976s ]
[2026-01-24T17:32:15+08:00][sql] SELECT * FROM `aijz_qgsystem` WHERE  `id` = 1 LIMIT 1 [ RunTime:0.001834s ]
[2026-01-24T17:32:15+08:00][sql] SELECT * FROM `aijz_qgsystem` WHERE  `id` = 1 LIMIT 1 [ RunTime:0.001882s ]
[2026-01-24T17:32:15+08:00][sql] SELECT * FROM `aijz_qgsystem` WHERE  `id` = 1 LIMIT 1 [ RunTime:0.001896s ]
[2026-01-24T17:32:15+08:00][sql] SELECT * FROM `aijz_qgsystem` WHERE  `id` = 1 LIMIT 1 [ RunTime:0.001801s ]
[2026-01-24T17:32:15+08:00][sql] SELECT * FROM `aijz_qgsystem` WHERE  `id` = 1 LIMIT 1 [ RunTime:0.002025s ]
[2026-01-24T17:32:15+08:00][sql] SELECT * FROM `aijz_qgsystem` WHERE  `id` = 1 LIMIT 1 [ RunTime:0.001845s ]
[2026-01-24T17:32:15+08:00][sql] SELECT * FROM `aijz_qgsystem` WHERE  `id` = 1 LIMIT 1 [ RunTime:0.001791s ]
[2026-01-24T17:32:15+08:00][sql] SELECT * FROM `aijz_qgsystem` WHERE  `id` = 1 LIMIT 1 [ RunTime:0.002189s ]
[2026-01-24T17:32:15+08:00][sql] SELECT * FROM `aijz_qgsystem` WHERE  `id` = 1 LIMIT 1 [ RunTime:0.001821s ]
[2026-01-24T17:32:15+08:00][sql] SELECT * FROM `aijz_qgsystem` WHERE  `id` = 1 LIMIT 1 [ RunTime:0.003526s ]
[2026-01-24T17:32:15+08:00][sql] CONNECT:[ UseTime:0.002803s ] mysql:host=127.0.0.1;port=3306;dbname=qgzf;charset=utf8
[2026-01-24T17:32:15+08:00][sql] SHOW FULL COLUMNS FROM `aijz_qgsystem` [ RunTime:0.044662s ]
[2026-01-24T17:32:15+08:00][sql] SELECT * FROM `aijz_qgsystem` WHERE  `id` = 1 LIMIT 1 [ RunTime:0.002931s ]
[2026-01-24T17:32:15+08:00][sql] SELECT * FROM `aijz_qgsystem` WHERE  `id` = 1 LIMIT 1 [ RunTime:0.001956s ]
[2026-01-24T17:32:15+08:00][sql] SELECT * FROM `aijz_qgsystem` WHERE  `id` = 1 LIMIT 1 [ RunTime:0.001808s ]
[2026-01-24T17:32:15+08:00][sql] SELECT * FROM `aijz_qgsystem` WHERE  `id` = 1 LIMIT 1 [ RunTime:0.002055s ]
[2026-01-24T17:32:15+08:00][sql] SELECT * FROM `aijz_qgsystem` WHERE  `id` = 1 LIMIT 1 [ RunTime:0.001843s ]
[2026-01-24T17:32:15+08:00][sql] SELECT * FROM `aijz_qgsystem` WHERE  `id` = 1 LIMIT 1 [ RunTime:0.003099s ]
[2026-01-24T17:32:15+08:00][sql] SELECT * FROM `aijz_qgsystem` WHERE  `id` = 1 LIMIT 1 [ RunTime:0.001809s ]
[2026-01-24T17:32:15+08:00][sql] SELECT * FROM `aijz_qgsystem` WHERE  `id` = 1 LIMIT 1 [ RunTime:0.001718s ]
[2026-01-24T17:32:15+08:00][sql] SELECT * FROM `aijz_qgsystem` WHERE  `id` = 1 LIMIT 1 [ RunTime:0.001808s ]
[2026-01-24T17:32:15+08:00][sql] SELECT * FROM `aijz_qgsystem` WHERE  `id` = 1 LIMIT 1 [ RunTime:0.007875s ]
[2026-01-24T17:32:15+08:00][sql] SELECT * FROM `aijz_qgsystem` WHERE  `id` = 1 LIMIT 1 [ RunTime:0.001821s ]
[2026-01-24T17:32:15+08:00][sql] SELECT * FROM `aijz_qgsystem` WHERE  `id` = 1 LIMIT 1 [ RunTime:0.001782s ]
[2026-01-24T17:32:15+08:00][sql] SELECT * FROM `aijz_qgsystem` WHERE  `id` = 1 LIMIT 1 [ RunTime:0.001776s ]
[2026-01-24T17:32:15+08:00][sql] SELECT * FROM `aijz_qgsystem` WHERE  `id` = 1 LIMIT 1 [ RunTime:0.001786s ]
[2026-01-24T17:32:15+08:00][sql] SELECT * FROM `aijz_qgsystem` WHERE  `id` = 1 LIMIT 1 [ RunTime:0.001863s ]
[2026-01-24T17:32:16+08:00][sql] CONNECT:[ UseTime:0.020906s ] mysql:host=127.0.0.1;port=3306;dbname=qgzf;charset=utf8
[2026-01-24T17:32:16+08:00][sql] SHOW FULL COLUMNS FROM `aijz_qgsystem` [ RunTime:0.061214s ]
[2026-01-24T17:32:16+08:00][sql] SELECT * FROM `aijz_qgsystem` WHERE  `id` = 1 LIMIT 1 [ RunTime:0.002587s ]
[2026-01-24T17:32:16+08:00][sql] SELECT * FROM `aijz_qgsystem` WHERE  `id` = 1 LIMIT 1 [ RunTime:0.001837s ]
[2026-01-24T17:32:16+08:00][sql] SELECT * FROM `aijz_qgsystem` WHERE  `id` = 1 LIMIT 1 [ RunTime:0.001851s ]
[2026-01-24T17:32:16+08:00][sql] SELECT * FROM `aijz_qgsystem` WHERE  `id` = 1 LIMIT 1 [ RunTime:0.001860s ]
[2026-01-24T17:32:16+08:00][sql] SELECT * FROM `aijz_qgsystem` WHERE  `id` = 1 LIMIT 1 [ RunTime:0.001717s ]
[2026-01-24T17:32:16+08:00][sql] SELECT * FROM `aijz_qgsystem` WHERE  `id` = 1 LIMIT 1 [ RunTime:0.002059s ]
[2026-01-24T17:32:16+08:00][sql] SELECT * FROM `aijz_qgsystem` WHERE  `id` = 1 LIMIT 1 [ RunTime:0.001911s ]
[2026-01-24T17:32:16+08:00][sql] SELECT * FROM `aijz_qgsystem` WHERE  `id` = 1 LIMIT 1 [ RunTime:0.001730s ]
[2026-01-24T17:32:16+08:00][sql] SELECT * FROM `aijz_qgsystem` WHERE  `id` = 1 LIMIT 1 [ RunTime:0.001812s ]
[2026-01-24T17:32:16+08:00][sql] SELECT * FROM `aijz_qgsystem` WHERE  `id` = 1 LIMIT 1 [ RunTime:0.001835s ]
[2026-01-24T17:32:16+08:00][sql] SELECT * FROM `aijz_qgsystem` WHERE  `id` = 1 LIMIT 1 [ RunTime:0.001746s ]
[2026-01-24T17:32:16+08:00][sql] SELECT * FROM `aijz_qgsystem` WHERE  `id` = 1 LIMIT 1 [ RunTime:0.001728s ]
[2026-01-24T17:32:16+08:00][sql] SELECT * FROM `aijz_qgsystem` WHERE  `id` = 1 LIMIT 1 [ RunTime:0.003376s ]
[2026-01-24T17:32:16+08:00][sql] SELECT * FROM `aijz_qgsystem` WHERE  `id` = 1 LIMIT 1 [ RunTime:0.001914s ]
[2026-01-24T17:32:16+08:00][sql] CONNECT:[ UseTime:0.003422s ] mysql:host=127.0.0.1;port=3306;dbname=qgzf;charset=utf8
[2026-01-24T17:32:16+08:00][sql] SHOW FULL COLUMNS FROM `aijz_qgsystem` [ RunTime:0.020842s ]
[2026-01-24T17:32:16+08:00][sql] SELECT * FROM `aijz_qgsystem` WHERE  `id` = 1 LIMIT 1 [ RunTime:0.002955s ]
[2026-01-24T17:32:16+08:00][sql] SELECT * FROM `aijz_qgsystem` WHERE  `id` = 1 LIMIT 1 [ RunTime:0.001776s ]
[2026-01-24T17:32:16+08:00][sql] SELECT * FROM `aijz_qgsystem` WHERE  `id` = 1 LIMIT 1 [ RunTime:0.001853s ]
[2026-01-24T17:32:16+08:00][sql] SELECT * FROM `aijz_qgsystem` WHERE  `id` = 1 LIMIT 1 [ RunTime:0.002059s ]
[2026-01-24T17:32:16+08:00][sql] SELECT * FROM `aijz_qgsystem` WHERE  `id` = 1 LIMIT 1 [ RunTime:0.002208s ]
[2026-01-24T17:32:16+08:00][sql] SELECT * FROM `aijz_qgsystem` WHERE  `id` = 1 LIMIT 1 [ RunTime:0.001738s ]
[2026-01-24T17:32:16+08:00][sql] SELECT * FROM `aijz_qgsystem` WHERE  `id` = 1 LIMIT 1 [ RunTime:0.002558s ]
[2026-01-24T17:32:16+08:00][sql] SELECT * FROM `aijz_qgsystem` WHERE  `id` = 1 LIMIT 1 [ RunTime:0.001905s ]
[2026-01-24T17:32:16+08:00][sql] SELECT * FROM `aijz_qgsystem` WHERE  `id` = 1 LIMIT 1 [ RunTime:0.003389s ]
[2026-01-24T17:32:16+08:00][sql] SELECT * FROM `aijz_qgsystem` WHERE  `id` = 1 LIMIT 1 [ RunTime:0.001781s ]
[2026-01-24T17:32:16+08:00][sql] SELECT * FROM `aijz_qgsystem` WHERE  `id` = 1 LIMIT 1 [ RunTime:0.001842s ]
[2026-01-24T17:32:16+08:00][sql] SELECT * FROM `aijz_qgsystem` WHERE  `id` = 1 LIMIT 1 [ RunTime:0.001949s ]
[2026-01-24T17:32:16+08:00][sql] SELECT * FROM `aijz_qgsystem` WHERE  `id` = 1 LIMIT 1 [ RunTime:0.001756s ]
[2026-01-24T17:32:16+08:00][sql] SELECT * FROM `aijz_qgsystem` WHERE  `id` = 1 LIMIT 1 [ RunTime:0.001867s ]
[2026-01-24T17:32:16+08:00][sql] SELECT * FROM `aijz_qgsystem` WHERE  `id` = 1 LIMIT 1 [ RunTime:0.001933s ]
[2026-01-24T23:37:28+08:00][sql] CONNECT:[ UseTime:0.002206s ] mysql:host=127.0.0.1;port=3306;dbname=qgzf;charset=utf8
[2026-01-24T23:37:28+08:00][sql] SHOW FULL COLUMNS FROM `aijz_qgsystem` [ RunTime:0.018746s ]
[2026-01-24T23:37:28+08:00][sql] SELECT * FROM `aijz_qgsystem` WHERE  `id` = 1 LIMIT 1 [ RunTime:0.001975s ]
[2026-01-24T23:37:28+08:00][sql] SELECT * FROM `aijz_qgsystem` WHERE  `id` = 1 LIMIT 1 [ RunTime:0.001517s ]
[2026-01-24T23:37:28+08:00][sql] SELECT * FROM `aijz_qgsystem` WHERE  `id` = 1 LIMIT 1 [ RunTime:0.001526s ]
[2026-01-24T23:37:28+08:00][sql] SELECT * FROM `aijz_qgsystem` WHERE  `id` = 1 LIMIT 1 [ RunTime:0.001566s ]
[2026-01-24T23:37:28+08:00][sql] SELECT * FROM `aijz_qgsystem` WHERE  `id` = 1 LIMIT 1 [ RunTime:0.001558s ]
[2026-01-24T23:37:28+08:00][sql] SELECT * FROM `aijz_qgsystem` WHERE  `id` = 1 LIMIT 1 [ RunTime:0.001391s ]
[2026-01-24T23:37:28+08:00][sql] SELECT * FROM `aijz_qgsystem` WHERE  `id` = 1 LIMIT 1 [ RunTime:0.001445s ]
[2026-01-24T23:37:28+08:00][sql] SELECT * FROM `aijz_qgsystem` WHERE  `id` = 1 LIMIT 1 [ RunTime:0.001465s ]
[2026-01-24T23:37:28+08:00][sql] SELECT * FROM `aijz_qgsystem` WHERE  `id` = 1 LIMIT 1 [ RunTime:0.001578s ]
[2026-01-24T23:37:28+08:00][sql] SELECT * FROM `aijz_qgsystem` WHERE  `id` = 1 LIMIT 1 [ RunTime:0.001543s ]
[2026-01-24T23:37:28+08:00][sql] SELECT * FROM `aijz_qgsystem` WHERE  `id` = 1 LIMIT 1 [ RunTime:0.001425s ]
[2026-01-24T23:37:28+08:00][sql] SELECT * FROM `aijz_qgsystem` WHERE  `id` = 1 LIMIT 1 [ RunTime:0.001429s ]
[2026-01-24T23:37:28+08:00][sql] SELECT * FROM `aijz_qgsystem` WHERE  `id` = 1 LIMIT 1 [ RunTime:0.001412s ]
[2026-01-24T23:37:28+08:00][sql] SELECT * FROM `aijz_qgsystem` WHERE  `id` = 1 LIMIT 1 [ RunTime:0.001435s ]
[2026-01-24T23:37:28+08:00][sql] CONNECT:[ UseTime:0.001953s ] mysql:host=127.0.0.1;port=3306;dbname=qgzf;charset=utf8
[2026-01-24T23:37:28+08:00][sql] SHOW FULL COLUMNS FROM `aijz_qgsystem` [ RunTime:0.004122s ]
[2026-01-24T23:37:28+08:00][sql] SELECT * FROM `aijz_qgsystem` WHERE  `id` = 1 LIMIT 1 [ RunTime:0.001547s ]
[2026-01-24T23:37:28+08:00][sql] SELECT * FROM `aijz_qgsystem` WHERE  `id` = 1 LIMIT 1 [ RunTime:0.001407s ]
[2026-01-24T23:37:28+08:00][sql] SELECT * FROM `aijz_qgsystem` WHERE  `id` = 1 LIMIT 1 [ RunTime:0.001916s ]
[2026-01-24T23:37:28+08:00][sql] SELECT * FROM `aijz_qgsystem` WHERE  `id` = 1 LIMIT 1 [ RunTime:0.001549s ]
[2026-01-24T23:37:28+08:00][sql] SELECT * FROM `aijz_qgsystem` WHERE  `id` = 1 LIMIT 1 [ RunTime:0.001409s ]
[2026-01-24T23:37:28+08:00][sql] SELECT * FROM `aijz_qgsystem` WHERE  `id` = 1 LIMIT 1 [ RunTime:0.001607s ]
[2026-01-24T23:37:28+08:00][sql] SELECT * FROM `aijz_qgsystem` WHERE  `id` = 1 LIMIT 1 [ RunTime:0.001391s ]
[2026-01-24T23:37:28+08:00][sql] SELECT * FROM `aijz_qgsystem` WHERE  `id` = 1 LIMIT 1 [ RunTime:0.001493s ]
[2026-01-24T23:37:28+08:00][sql] SELECT * FROM `aijz_qgsystem` WHERE  `id` = 1 LIMIT 1 [ RunTime:0.001744s ]
[2026-01-24T23:37:28+08:00][sql] SELECT * FROM `aijz_qgsystem` WHERE  `id` = 1 LIMIT 1 [ RunTime:0.002355s ]
[2026-01-24T23:37:28+08:00][sql] SELECT * FROM `aijz_qgsystem` WHERE  `id` = 1 LIMIT 1 [ RunTime:0.001751s ]
[2026-01-24T23:37:28+08:00][sql] SELECT * FROM `aijz_qgsystem` WHERE  `id` = 1 LIMIT 1 [ RunTime:0.001867s ]
[2026-01-24T23:37:28+08:00][sql] SELECT * FROM `aijz_qgsystem` WHERE  `id` = 1 LIMIT 1 [ RunTime:0.001808s ]
[2026-01-24T23:37:28+08:00][sql] SELECT * FROM `aijz_qgsystem` WHERE  `id` = 1 LIMIT 1 [ RunTime:0.001755s ]
[2026-01-24T23:37:28+08:00][sql] SELECT * FROM `aijz_qgsystem` WHERE  `id` = 1 LIMIT 1 [ RunTime:0.001828s ]
[2026-01-24T23:37:30+08:00][sql] CONNECT:[ UseTime:0.001991s ] mysql:host=127.0.0.1;port=3306;dbname=qgzf;charset=utf8
[2026-01-24T23:37:30+08:00][sql] SHOW FULL COLUMNS FROM `aijz_qgsystem` [ RunTime:0.004509s ]
[2026-01-24T23:37:30+08:00][sql] SELECT * FROM `aijz_qgsystem` WHERE  `id` = 1 LIMIT 1 [ RunTime:0.002095s ]
[2026-01-24T23:37:30+08:00][sql] SELECT * FROM `aijz_qgsystem` WHERE  `id` = 1 LIMIT 1 [ RunTime:0.002326s ]
[2026-01-24T23:37:30+08:00][sql] SELECT * FROM `aijz_qgsystem` WHERE  `id` = 1 LIMIT 1 [ RunTime:0.002110s ]
[2026-01-24T23:37:30+08:00][sql] SELECT * FROM `aijz_qgsystem` WHERE  `id` = 1 LIMIT 1 [ RunTime:0.001768s ]
[2026-01-24T23:37:30+08:00][sql] SELECT * FROM `aijz_qgsystem` WHERE  `id` = 1 LIMIT 1 [ RunTime:0.001726s ]
[2026-01-24T23:37:30+08:00][sql] SELECT * FROM `aijz_qgsystem` WHERE  `id` = 1 LIMIT 1 [ RunTime:0.001834s ]
[2026-01-24T23:37:30+08:00][sql] SELECT * FROM `aijz_qgsystem` WHERE  `id` = 1 LIMIT 1 [ RunTime:0.001723s ]
[2026-01-24T23:37:30+08:00][sql] SELECT * FROM `aijz_qgsystem` WHERE  `id` = 1 LIMIT 1 [ RunTime:0.001682s ]
[2026-01-24T23:37:30+08:00][sql] SELECT * FROM `aijz_qgsystem` WHERE  `id` = 1 LIMIT 1 [ RunTime:0.001787s ]
[2026-01-24T23:37:30+08:00][sql] SELECT * FROM `aijz_qgsystem` WHERE  `id` = 1 LIMIT 1 [ RunTime:0.001801s ]
[2026-01-24T23:37:30+08:00][sql] SELECT * FROM `aijz_qgsystem` WHERE  `id` = 1 LIMIT 1 [ RunTime:0.001805s ]
[2026-01-24T23:37:30+08:00][sql] SELECT * FROM `aijz_qgsystem` WHERE  `id` = 1 LIMIT 1 [ RunTime:0.001759s ]
[2026-01-24T23:37:30+08:00][sql] SELECT * FROM `aijz_qgsystem` WHERE  `id` = 1 LIMIT 1 [ RunTime:0.001900s ]
[2026-01-24T23:37:30+08:00][sql] SELECT * FROM `aijz_qgsystem` WHERE  `id` = 1 LIMIT 1 [ RunTime:0.001858s ]
[2026-01-24T23:37:30+08:00][sql] CONNECT:[ UseTime:0.002085s ] mysql:host=127.0.0.1;port=3306;dbname=qgzf;charset=utf8
[2026-01-24T23:37:30+08:00][sql] SHOW FULL COLUMNS FROM `aijz_qgsystem` [ RunTime:0.004802s ]
[2026-01-24T23:37:30+08:00][sql] SELECT * FROM `aijz_qgsystem` WHERE  `id` = 1 LIMIT 1 [ RunTime:0.001836s ]
[2026-01-24T23:37:30+08:00][sql] SELECT * FROM `aijz_qgsystem` WHERE  `id` = 1 LIMIT 1 [ RunTime:0.001439s ]
[2026-01-24T23:37:30+08:00][sql] SELECT * FROM `aijz_qgsystem` WHERE  `id` = 1 LIMIT 1 [ RunTime:0.001521s ]
[2026-01-24T23:37:30+08:00][sql] SELECT * FROM `aijz_qgsystem` WHERE  `id` = 1 LIMIT 1 [ RunTime:0.002023s ]
[2026-01-24T23:37:30+08:00][sql] SELECT * FROM `aijz_qgsystem` WHERE  `id` = 1 LIMIT 1 [ RunTime:0.001682s ]
[2026-01-24T23:37:30+08:00][sql] SELECT * FROM `aijz_qgsystem` WHERE  `id` = 1 LIMIT 1 [ RunTime:0.001708s ]
[2026-01-24T23:37:30+08:00][sql] SELECT * FROM `aijz_qgsystem` WHERE  `id` = 1 LIMIT 1 [ RunTime:0.001790s ]
[2026-01-24T23:37:30+08:00][sql] SELECT * FROM `aijz_qgsystem` WHERE  `id` = 1 LIMIT 1 [ RunTime:0.001641s ]
[2026-01-24T23:37:30+08:00][sql] SELECT * FROM `aijz_qgsystem` WHERE  `id` = 1 LIMIT 1 [ RunTime:0.001765s ]
[2026-01-24T23:37:30+08:00][sql] SELECT * FROM `aijz_qgsystem` WHERE  `id` = 1 LIMIT 1 [ RunTime:0.001658s ]
[2026-01-24T23:37:30+08:00][sql] SELECT * FROM `aijz_qgsystem` WHERE  `id` = 1 LIMIT 1 [ RunTime:0.001981s ]
[2026-01-24T23:37:30+08:00][sql] SELECT * FROM `aijz_qgsystem` WHERE  `id` = 1 LIMIT 1 [ RunTime:0.001962s ]
[2026-01-24T23:37:30+08:00][sql] SELECT * FROM `aijz_qgsystem` WHERE  `id` = 1 LIMIT 1 [ RunTime:0.001743s ]
[2026-01-24T23:37:30+08:00][sql] SELECT * FROM `aijz_qgsystem` WHERE  `id` = 1 LIMIT 1 [ RunTime:0.001653s ]
[2026-01-24T23:37:30+08:00][sql] SELECT * FROM `aijz_qgsystem` WHERE  `id` = 1 LIMIT 1 [ RunTime:0.001685s ]
[2026-01-24T23:39:12+08:00][sql] CONNECT:[ UseTime:0.002460s ] mysql:host=127.0.0.1;port=3306;dbname=qgzf;charset=utf8
[2026-01-24T23:39:12+08:00][sql] SHOW FULL COLUMNS FROM `aijz_qgsystem` [ RunTime:0.004864s ]
[2026-01-24T23:39:12+08:00][sql] SELECT * FROM `aijz_qgsystem` WHERE  `id` = 1 LIMIT 1 [ RunTime:0.002199s ]
[2026-01-24T23:39:12+08:00][sql] SELECT * FROM `aijz_qgsystem` WHERE  `id` = 1 LIMIT 1 [ RunTime:0.001931s ]
[2026-01-24T23:39:12+08:00][sql] SELECT * FROM `aijz_qgsystem` WHERE  `id` = 1 LIMIT 1 [ RunTime:0.001805s ]
[2026-01-24T23:39:12+08:00][sql] SELECT * FROM `aijz_qgsystem` WHERE  `id` = 1 LIMIT 1 [ RunTime:0.001770s ]
[2026-01-24T23:39:12+08:00][sql] SELECT * FROM `aijz_qgsystem` WHERE  `id` = 1 LIMIT 1 [ RunTime:0.002256s ]
[2026-01-24T23:39:12+08:00][sql] SELECT * FROM `aijz_qgsystem` WHERE  `id` = 1 LIMIT 1 [ RunTime:0.002192s ]
[2026-01-24T23:39:12+08:00][sql] SELECT * FROM `aijz_qgsystem` WHERE  `id` = 1 LIMIT 1 [ RunTime:0.001718s ]
[2026-01-24T23:39:12+08:00][sql] SELECT * FROM `aijz_qgsystem` WHERE  `id` = 1 LIMIT 1 [ RunTime:0.001748s ]
[2026-01-24T23:39:12+08:00][sql] SELECT * FROM `aijz_qgsystem` WHERE  `id` = 1 LIMIT 1 [ RunTime:0.001856s ]
[2026-01-24T23:39:12+08:00][sql] SELECT * FROM `aijz_qgsystem` WHERE  `id` = 1 LIMIT 1 [ RunTime:0.001748s ]
[2026-01-24T23:39:12+08:00][sql] SELECT * FROM `aijz_qgsystem` WHERE  `id` = 1 LIMIT 1 [ RunTime:0.002450s ]
[2026-01-24T23:39:12+08:00][sql] SELECT * FROM `aijz_qgsystem` WHERE  `id` = 1 LIMIT 1 [ RunTime:0.001911s ]
[2026-01-24T23:39:12+08:00][sql] SELECT * FROM `aijz_qgsystem` WHERE  `id` = 1 LIMIT 1 [ RunTime:0.001964s ]
[2026-01-24T23:39:12+08:00][sql] SELECT * FROM `aijz_qgsystem` WHERE  `id` = 1 LIMIT 1 [ RunTime:0.001908s ]
[2026-01-24T23:39:12+08:00][sql] SHOW FULL COLUMNS FROM `aijz_qgusers` [ RunTime:0.004914s ]
[2026-01-24T23:39:12+08:00][sql] SELECT * FROM `aijz_qgusers` WHERE  `uname` = '13888888888' OR `uiphone` = '13888888888' LIMIT 1 [ RunTime:0.002591s ]
[2026-01-24T23:39:35+08:00][sql] CONNECT:[ UseTime:0.002639s ] mysql:host=127.0.0.1;port=3306;dbname=qgzf;charset=utf8
[2026-01-24T23:39:35+08:00][sql] SHOW FULL COLUMNS FROM `aijz_qgsystem` [ RunTime:0.004497s ]
[2026-01-24T23:39:35+08:00][sql] SELECT * FROM `aijz_qgsystem` WHERE  `id` = 1 LIMIT 1 [ RunTime:0.002297s ]
[2026-01-24T23:39:35+08:00][sql] SELECT * FROM `aijz_qgsystem` WHERE  `id` = 1 LIMIT 1 [ RunTime:0.001945s ]
[2026-01-24T23:39:35+08:00][sql] SELECT * FROM `aijz_qgsystem` WHERE  `id` = 1 LIMIT 1 [ RunTime:0.001831s ]
[2026-01-24T23:39:35+08:00][sql] SELECT * FROM `aijz_qgsystem` WHERE  `id` = 1 LIMIT 1 [ RunTime:0.001886s ]
[2026-01-24T23:39:35+08:00][sql] SELECT * FROM `aijz_qgsystem` WHERE  `id` = 1 LIMIT 1 [ RunTime:0.001709s ]
[2026-01-24T23:39:35+08:00][sql] SELECT * FROM `aijz_qgsystem` WHERE  `id` = 1 LIMIT 1 [ RunTime:0.001776s ]
[2026-01-24T23:39:35+08:00][sql] SELECT * FROM `aijz_qgsystem` WHERE  `id` = 1 LIMIT 1 [ RunTime:0.001830s ]
[2026-01-24T23:39:35+08:00][sql] SELECT * FROM `aijz_qgsystem` WHERE  `id` = 1 LIMIT 1 [ RunTime:0.001771s ]
[2026-01-24T23:39:35+08:00][sql] SELECT * FROM `aijz_qgsystem` WHERE  `id` = 1 LIMIT 1 [ RunTime:0.001827s ]
[2026-01-24T23:39:35+08:00][sql] SELECT * FROM `aijz_qgsystem` WHERE  `id` = 1 LIMIT 1 [ RunTime:0.001798s ]
[2026-01-24T23:39:35+08:00][sql] SELECT * FROM `aijz_qgsystem` WHERE  `id` = 1 LIMIT 1 [ RunTime:0.001768s ]
[2026-01-24T23:39:35+08:00][sql] SELECT * FROM `aijz_qgsystem` WHERE  `id` = 1 LIMIT 1 [ RunTime:0.002288s ]
[2026-01-24T23:39:35+08:00][sql] SELECT * FROM `aijz_qgsystem` WHERE  `id` = 1 LIMIT 1 [ RunTime:0.003127s ]
[2026-01-24T23:39:35+08:00][sql] SELECT * FROM `aijz_qgsystem` WHERE  `id` = 1 LIMIT 1 [ RunTime:0.001796s ]
[2026-01-24T23:39:35+08:00][sql] SHOW FULL COLUMNS FROM `aijz_qgusers` [ RunTime:0.004610s ]
[2026-01-24T23:39:35+08:00][sql] SELECT * FROM `aijz_qgusers` WHERE  `uname` = '13888888888' OR `uiphone` = '13888888888' LIMIT 1 [ RunTime:0.002189s ]
[2026-01-24T23:40:00+08:00][sql] CONNECT:[ UseTime:0.002462s ] mysql:host=127.0.0.1;port=3306;dbname=qgzf;charset=utf8
[2026-01-24T23:40:00+08:00][sql] SHOW FULL COLUMNS FROM `aijz_qgsystem` [ RunTime:0.005002s ]
[2026-01-24T23:40:00+08:00][sql] SELECT * FROM `aijz_qgsystem` WHERE  `id` = 1 LIMIT 1 [ RunTime:0.012949s ]
[2026-01-24T23:40:00+08:00][sql] SELECT * FROM `aijz_qgsystem` WHERE  `id` = 1 LIMIT 1 [ RunTime:0.003984s ]
[2026-01-24T23:40:00+08:00][sql] SELECT * FROM `aijz_qgsystem` WHERE  `id` = 1 LIMIT 1 [ RunTime:0.001787s ]
[2026-01-24T23:40:00+08:00][sql] SELECT * FROM `aijz_qgsystem` WHERE  `id` = 1 LIMIT 1 [ RunTime:0.001795s ]
[2026-01-24T23:40:00+08:00][sql] SELECT * FROM `aijz_qgsystem` WHERE  `id` = 1 LIMIT 1 [ RunTime:0.002437s ]
[2026-01-24T23:40:00+08:00][sql] SELECT * FROM `aijz_qgsystem` WHERE  `id` = 1 LIMIT 1 [ RunTime:0.001734s ]
[2026-01-24T23:40:00+08:00][sql] SELECT * FROM `aijz_qgsystem` WHERE  `id` = 1 LIMIT 1 [ RunTime:0.001717s ]
[2026-01-24T23:40:00+08:00][sql] SELECT * FROM `aijz_qgsystem` WHERE  `id` = 1 LIMIT 1 [ RunTime:0.001891s ]
[2026-01-24T23:40:00+08:00][sql] SELECT * FROM `aijz_qgsystem` WHERE  `id` = 1 LIMIT 1 [ RunTime:0.001761s ]
[2026-01-24T23:40:00+08:00][sql] SELECT * FROM `aijz_qgsystem` WHERE  `id` = 1 LIMIT 1 [ RunTime:0.001822s ]
[2026-01-24T23:40:00+08:00][sql] SELECT * FROM `aijz_qgsystem` WHERE  `id` = 1 LIMIT 1 [ RunTime:0.001743s ]
[2026-01-24T23:40:00+08:00][sql] SELECT * FROM `aijz_qgsystem` WHERE  `id` = 1 LIMIT 1 [ RunTime:0.002865s ]
[2026-01-24T23:40:00+08:00][sql] SELECT * FROM `aijz_qgsystem` WHERE  `id` = 1 LIMIT 1 [ RunTime:0.001753s ]
[2026-01-24T23:40:00+08:00][sql] SELECT * FROM `aijz_qgsystem` WHERE  `id` = 1 LIMIT 1 [ RunTime:0.001908s ]
[2026-01-24T23:40:00+08:00][sql] SHOW FULL COLUMNS FROM `aijz_qgusers` [ RunTime:0.004881s ]
[2026-01-24T23:40:00+08:00][sql] SELECT * FROM `aijz_qgusers` WHERE  `uname` = 'qgzf' OR `uiphone` = 'qgzf' LIMIT 1 [ RunTime:0.001968s ]
[2026-01-24T23:41:31+08:00][sql] CONNECT:[ UseTime:0.002346s ] mysql:host=127.0.0.1;port=3306;dbname=qgzf;charset=utf8
[2026-01-24T23:41:31+08:00][sql] SHOW FULL COLUMNS FROM `aijz_qgsystem` [ RunTime:0.004501s ]
[2026-01-24T23:41:31+08:00][sql] SELECT * FROM `aijz_qgsystem` WHERE  `id` = 1 LIMIT 1 [ RunTime:0.019187s ]
[2026-01-24T23:41:31+08:00][sql] SELECT * FROM `aijz_qgsystem` WHERE  `id` = 1 LIMIT 1 [ RunTime:0.002053s ]
[2026-01-24T23:41:31+08:00][sql] SELECT * FROM `aijz_qgsystem` WHERE  `id` = 1 LIMIT 1 [ RunTime:0.001723s ]
[2026-01-24T23:41:31+08:00][sql] SELECT * FROM `aijz_qgsystem` WHERE  `id` = 1 LIMIT 1 [ RunTime:0.001860s ]
[2026-01-24T23:41:31+08:00][sql] SELECT * FROM `aijz_qgsystem` WHERE  `id` = 1 LIMIT 1 [ RunTime:0.002001s ]
[2026-01-24T23:41:31+08:00][sql] SELECT * FROM `aijz_qgsystem` WHERE  `id` = 1 LIMIT 1 [ RunTime:0.001887s ]
[2026-01-24T23:41:31+08:00][sql] SELECT * FROM `aijz_qgsystem` WHERE  `id` = 1 LIMIT 1 [ RunTime:0.001838s ]
[2026-01-24T23:41:31+08:00][sql] SELECT * FROM `aijz_qgsystem` WHERE  `id` = 1 LIMIT 1 [ RunTime:0.001748s ]
[2026-01-24T23:41:31+08:00][sql] SELECT * FROM `aijz_qgsystem` WHERE  `id` = 1 LIMIT 1 [ RunTime:0.001802s ]
[2026-01-24T23:41:31+08:00][sql] SELECT * FROM `aijz_qgsystem` WHERE  `id` = 1 LIMIT 1 [ RunTime:0.001941s ]
[2026-01-24T23:41:31+08:00][sql] SELECT * FROM `aijz_qgsystem` WHERE  `id` = 1 LIMIT 1 [ RunTime:0.001946s ]
[2026-01-24T23:41:31+08:00][sql] SELECT * FROM `aijz_qgsystem` WHERE  `id` = 1 LIMIT 1 [ RunTime:0.002670s ]
[2026-01-24T23:41:31+08:00][sql] SELECT * FROM `aijz_qgsystem` WHERE  `id` = 1 LIMIT 1 [ RunTime:0.001864s ]
[2026-01-24T23:41:31+08:00][sql] SELECT * FROM `aijz_qgsystem` WHERE  `id` = 1 LIMIT 1 [ RunTime:0.001740s ]
[2026-01-24T23:41:31+08:00][sql] SHOW FULL COLUMNS FROM `aijz_qgusers` [ RunTime:0.005162s ]
[2026-01-24T23:41:31+08:00][sql] SELECT * FROM `aijz_qgusers` WHERE  `uname` = 'qgzf' OR `uiphone` = 'qgzf' LIMIT 1 [ RunTime:0.002000s ]
[2026-01-24T23:41:31+08:00][sql] UPDATE `aijz_qgusers`  SET `ltime` = '2026-01-24 23:41:31'  WHERE  `uid` = 1 [ RunTime:0.445852s ]
[2026-01-24T23:41:32+08:00][sql] CONNECT:[ UseTime:0.001900s ] mysql:host=127.0.0.1;port=3306;dbname=qgzf;charset=utf8
[2026-01-24T23:41:32+08:00][sql] SHOW FULL COLUMNS FROM `aijz_qgsystem` [ RunTime:0.006015s ]
[2026-01-24T23:41:32+08:00][sql] SELECT * FROM `aijz_qgsystem` WHERE  `id` = 1 LIMIT 1 [ RunTime:0.002360s ]
[2026-01-24T23:41:32+08:00][sql] SELECT * FROM `aijz_qgsystem` WHERE  `id` = 1 LIMIT 1 [ RunTime:0.001729s ]
[2026-01-24T23:41:32+08:00][sql] SELECT * FROM `aijz_qgsystem` WHERE  `id` = 1 LIMIT 1 [ RunTime:0.001778s ]
[2026-01-24T23:41:32+08:00][sql] SELECT * FROM `aijz_qgsystem` WHERE  `id` = 1 LIMIT 1 [ RunTime:0.001872s ]
[2026-01-24T23:41:32+08:00][sql] SELECT * FROM `aijz_qgsystem` WHERE  `id` = 1 LIMIT 1 [ RunTime:0.001872s ]
[2026-01-24T23:41:32+08:00][sql] SELECT * FROM `aijz_qgsystem` WHERE  `id` = 1 LIMIT 1 [ RunTime:0.001706s ]
[2026-01-24T23:41:32+08:00][sql] SELECT * FROM `aijz_qgsystem` WHERE  `id` = 1 LIMIT 1 [ RunTime:0.001714s ]
[2026-01-24T23:41:32+08:00][sql] SELECT * FROM `aijz_qgsystem` WHERE  `id` = 1 LIMIT 1 [ RunTime:0.001799s ]
[2026-01-24T23:41:32+08:00][sql] SELECT * FROM `aijz_qgsystem` WHERE  `id` = 1 LIMIT 1 [ RunTime:0.001775s ]
[2026-01-24T23:41:32+08:00][sql] SELECT * FROM `aijz_qgsystem` WHERE  `id` = 1 LIMIT 1 [ RunTime:0.001714s ]
[2026-01-24T23:41:32+08:00][sql] SELECT * FROM `aijz_qgsystem` WHERE  `id` = 1 LIMIT 1 [ RunTime:0.001841s ]
[2026-01-24T23:41:32+08:00][sql] SELECT * FROM `aijz_qgsystem` WHERE  `id` = 1 LIMIT 1 [ RunTime:0.001782s ]
[2026-01-24T23:41:32+08:00][sql] SELECT * FROM `aijz_qgsystem` WHERE  `id` = 1 LIMIT 1 [ RunTime:0.002080s ]
[2026-01-24T23:41:32+08:00][sql] SELECT * FROM `aijz_qgsystem` WHERE  `id` = 1 LIMIT 1 [ RunTime:0.001840s ]
[2026-01-24T23:41:32+08:00][sql] SHOW FULL COLUMNS FROM `aijz_qgledger` [ RunTime:0.004325s ]
[2026-01-24T23:41:32+08:00][sql] SELECT COUNT(*) AS think_count FROM `aijz_qgledger` WHERE  `uid` = 1 LIMIT 1 [ RunTime:0.001887s ]
[2026-01-24T23:41:32+08:00][sql] SHOW FULL COLUMNS FROM `aijz_qgaccount` [ RunTime:0.004267s ]
[2026-01-24T23:41:32+08:00][sql] SELECT COUNT(*) AS think_count FROM `aijz_qgaccount` WHERE  `uid` = 1 LIMIT 1 [ RunTime:0.015943s ]
[2026-01-24T23:41:34+08:00][sql] CONNECT:[ UseTime:0.002088s ] mysql:host=127.0.0.1;port=3306;dbname=qgzf;charset=utf8
[2026-01-24T23:41:34+08:00][sql] SHOW FULL COLUMNS FROM `aijz_qgsystem` [ RunTime:0.004861s ]
[2026-01-24T23:41:34+08:00][sql] SELECT * FROM `aijz_qgsystem` WHERE  `id` = 1 LIMIT 1 [ RunTime:0.021759s ]
[2026-01-24T23:41:34+08:00][sql] SELECT * FROM `aijz_qgsystem` WHERE  `id` = 1 LIMIT 1 [ RunTime:0.001811s ]
[2026-01-24T23:41:34+08:00][sql] SELECT * FROM `aijz_qgsystem` WHERE  `id` = 1 LIMIT 1 [ RunTime:0.001735s ]
[2026-01-24T23:41:34+08:00][sql] SELECT * FROM `aijz_qgsystem` WHERE  `id` = 1 LIMIT 1 [ RunTime:0.001762s ]
[2026-01-24T23:41:34+08:00][sql] SELECT * FROM `aijz_qgsystem` WHERE  `id` = 1 LIMIT 1 [ RunTime:0.002393s ]
[2026-01-24T23:41:34+08:00][sql] SELECT * FROM `aijz_qgsystem` WHERE  `id` = 1 LIMIT 1 [ RunTime:0.001819s ]
[2026-01-24T23:41:34+08:00][sql] SELECT * FROM `aijz_qgsystem` WHERE  `id` = 1 LIMIT 1 [ RunTime:0.001746s ]
[2026-01-24T23:41:34+08:00][sql] SELECT * FROM `aijz_qgsystem` WHERE  `id` = 1 LIMIT 1 [ RunTime:0.001692s ]
[2026-01-24T23:41:34+08:00][sql] SELECT * FROM `aijz_qgsystem` WHERE  `id` = 1 LIMIT 1 [ RunTime:0.001864s ]
[2026-01-24T23:41:34+08:00][sql] SELECT * FROM `aijz_qgsystem` WHERE  `id` = 1 LIMIT 1 [ RunTime:0.001747s ]
[2026-01-24T23:41:34+08:00][sql] SELECT * FROM `aijz_qgsystem` WHERE  `id` = 1 LIMIT 1 [ RunTime:0.001803s ]
[2026-01-24T23:41:34+08:00][sql] SELECT * FROM `aijz_qgsystem` WHERE  `id` = 1 LIMIT 1 [ RunTime:0.001800s ]
[2026-01-24T23:41:34+08:00][sql] SELECT * FROM `aijz_qgsystem` WHERE  `id` = 1 LIMIT 1 [ RunTime:0.001855s ]
[2026-01-24T23:41:34+08:00][sql] SELECT * FROM `aijz_qgsystem` WHERE  `id` = 1 LIMIT 1 [ RunTime:0.002355s ]
[2026-01-24T23:41:34+08:00][sql] SHOW FULL COLUMNS FROM `aijz_qgusers` [ RunTime:0.005324s ]
[2026-01-24T23:41:34+08:00][sql] SELECT * FROM `aijz_qgusers` WHERE  `uid` = 1 LIMIT 1 [ RunTime:0.002246s ]
[2026-01-24T23:41:34+08:00][sql] SELECT * FROM `aijz_qgsystem` WHERE  `id` = 1 LIMIT 1 [ RunTime:0.001749s ]
[2026-01-24T23:41:57+08:00][sql] CONNECT:[ UseTime:0.002283s ] mysql:host=127.0.0.1;port=3306;dbname=qgzf;charset=utf8
[2026-01-24T23:41:57+08:00][sql] SHOW FULL COLUMNS FROM `aijz_qgsystem` [ RunTime:0.004023s ]
[2026-01-24T23:41:57+08:00][sql] SELECT * FROM `aijz_qgsystem` WHERE  `id` = 1 LIMIT 1 [ RunTime:0.001934s ]
[2026-01-24T23:41:57+08:00][sql] SELECT * FROM `aijz_qgsystem` WHERE  `id` = 1 LIMIT 1 [ RunTime:0.001521s ]
[2026-01-24T23:41:57+08:00][sql] SELECT * FROM `aijz_qgsystem` WHERE  `id` = 1 LIMIT 1 [ RunTime:0.001358s ]
[2026-01-24T23:41:57+08:00][sql] SELECT * FROM `aijz_qgsystem` WHERE  `id` = 1 LIMIT 1 [ RunTime:0.001806s ]
[2026-01-24T23:41:57+08:00][sql] SELECT * FROM `aijz_qgsystem` WHERE  `id` = 1 LIMIT 1 [ RunTime:0.001572s ]
[2026-01-24T23:41:57+08:00][sql] SELECT * FROM `aijz_qgsystem` WHERE  `id` = 1 LIMIT 1 [ RunTime:0.001396s ]
[2026-01-24T23:41:57+08:00][sql] SELECT * FROM `aijz_qgsystem` WHERE  `id` = 1 LIMIT 1 [ RunTime:0.001415s ]
[2026-01-24T23:41:57+08:00][sql] SELECT * FROM `aijz_qgsystem` WHERE  `id` = 1 LIMIT 1 [ RunTime:0.001419s ]
[2026-01-24T23:41:57+08:00][sql] SELECT * FROM `aijz_qgsystem` WHERE  `id` = 1 LIMIT 1 [ RunTime:0.001425s ]
[2026-01-24T23:41:57+08:00][sql] SELECT * FROM `aijz_qgsystem` WHERE  `id` = 1 LIMIT 1 [ RunTime:0.001475s ]
[2026-01-24T23:41:57+08:00][sql] SELECT * FROM `aijz_qgsystem` WHERE  `id` = 1 LIMIT 1 [ RunTime:0.001839s ]
[2026-01-24T23:41:57+08:00][sql] SELECT * FROM `aijz_qgsystem` WHERE  `id` = 1 LIMIT 1 [ RunTime:0.001569s ]
[2026-01-24T23:41:57+08:00][sql] SELECT * FROM `aijz_qgsystem` WHERE  `id` = 1 LIMIT 1 [ RunTime:0.001513s ]
[2026-01-24T23:41:57+08:00][sql] SELECT * FROM `aijz_qgsystem` WHERE  `id` = 1 LIMIT 1 [ RunTime:0.001507s ]
[2026-01-24T23:41:57+08:00][sql] SHOW FULL COLUMNS FROM `aijz_qgusers` [ RunTime:0.004712s ]
[2026-01-24T23:41:57+08:00][sql] SELECT * FROM `aijz_qgusers` WHERE  `uid` = 1 LIMIT 1 [ RunTime:0.001998s ]
[2026-01-24T23:41:57+08:00][sql] UPDATE `aijz_qgusers`  SET `upassword` = '7fef6171469e80d32c0559f88b377245' , `etime` = '2026-01-24 23:41:57'  WHERE  `uid` = 1 [ RunTime:0.545111s ]
[2026-01-24T23:42:39+08:00][sql] CONNECT:[ UseTime:0.002325s ] mysql:host=127.0.0.1;port=3306;dbname=qgzf;charset=utf8
[2026-01-24T23:42:39+08:00][sql] SHOW FULL COLUMNS FROM `aijz_qgsystem` [ RunTime:0.004588s ]
[2026-01-24T23:42:39+08:00][sql] SELECT * FROM `aijz_qgsystem` WHERE  `id` = 1 LIMIT 1 [ RunTime:0.002238s ]
[2026-01-24T23:42:39+08:00][sql] SELECT * FROM `aijz_qgsystem` WHERE  `id` = 1 LIMIT 1 [ RunTime:0.001874s ]
[2026-01-24T23:42:39+08:00][sql] SELECT * FROM `aijz_qgsystem` WHERE  `id` = 1 LIMIT 1 [ RunTime:0.001825s ]
[2026-01-24T23:42:39+08:00][sql] SELECT * FROM `aijz_qgsystem` WHERE  `id` = 1 LIMIT 1 [ RunTime:0.001818s ]
[2026-01-24T23:42:39+08:00][sql] SELECT * FROM `aijz_qgsystem` WHERE  `id` = 1 LIMIT 1 [ RunTime:0.002043s ]
[2026-01-24T23:42:39+08:00][sql] SELECT * FROM `aijz_qgsystem` WHERE  `id` = 1 LIMIT 1 [ RunTime:0.001815s ]
[2026-01-24T23:42:39+08:00][sql] SELECT * FROM `aijz_qgsystem` WHERE  `id` = 1 LIMIT 1 [ RunTime:0.001708s ]
[2026-01-24T23:42:39+08:00][sql] SELECT * FROM `aijz_qgsystem` WHERE  `id` = 1 LIMIT 1 [ RunTime:0.001749s ]
[2026-01-24T23:42:39+08:00][sql] SELECT * FROM `aijz_qgsystem` WHERE  `id` = 1 LIMIT 1 [ RunTime:0.001906s ]
[2026-01-24T23:42:39+08:00][sql] SELECT * FROM `aijz_qgsystem` WHERE  `id` = 1 LIMIT 1 [ RunTime:0.003461s ]
[2026-01-24T23:42:39+08:00][sql] SELECT * FROM `aijz_qgsystem` WHERE  `id` = 1 LIMIT 1 [ RunTime:0.001795s ]
[2026-01-24T23:42:39+08:00][sql] SELECT * FROM `aijz_qgsystem` WHERE  `id` = 1 LIMIT 1 [ RunTime:0.001707s ]
[2026-01-24T23:42:39+08:00][sql] SELECT * FROM `aijz_qgsystem` WHERE  `id` = 1 LIMIT 1 [ RunTime:0.001884s ]
[2026-01-24T23:42:39+08:00][sql] SELECT * FROM `aijz_qgsystem` WHERE  `id` = 1 LIMIT 1 [ RunTime:0.001790s ]
[2026-01-24T23:42:39+08:00][sql] SHOW FULL COLUMNS FROM `aijz_qgusers` [ RunTime:0.020138s ]
[2026-01-24T23:42:39+08:00][sql] SELECT * FROM `aijz_qgusers` WHERE  `uname` = 'qgzf'  AND `uid` <> 1 LIMIT 1 [ RunTime:0.002177s ]
[2026-01-24T23:42:39+08:00][sql] SELECT * FROM `aijz_qgusers` WHERE  `uiphone` = '13888888888'  AND `uid` <> 1 LIMIT 1 [ RunTime:0.002009s ]
[2026-01-24T23:42:39+08:00][sql] UPDATE `aijz_qgusers`  SET `uname` = 'qgzf' , `uiphone` = '13888888888' , `nname` = '' , `zname` = '' , `ustatus` = 0 , `etime` = '2026-01-24 23:42:37'  WHERE  `uid` = 1 [ RunTime:0.002424s ]
[2026-01-24T23:42:41+08:00][sql] CONNECT:[ UseTime:0.001953s ] mysql:host=127.0.0.1;port=3306;dbname=qgzf;charset=utf8
[2026-01-24T23:42:41+08:00][sql] SHOW FULL COLUMNS FROM `aijz_qgsystem` [ RunTime:0.004622s ]
[2026-01-24T23:42:41+08:00][sql] SELECT * FROM `aijz_qgsystem` WHERE  `id` = 1 LIMIT 1 [ RunTime:0.001991s ]
[2026-01-24T23:42:41+08:00][sql] SELECT * FROM `aijz_qgsystem` WHERE  `id` = 1 LIMIT 1 [ RunTime:0.001753s ]
[2026-01-24T23:42:41+08:00][sql] SELECT * FROM `aijz_qgsystem` WHERE  `id` = 1 LIMIT 1 [ RunTime:0.001945s ]
[2026-01-24T23:42:41+08:00][sql] SELECT * FROM `aijz_qgsystem` WHERE  `id` = 1 LIMIT 1 [ RunTime:0.001946s ]
[2026-01-24T23:42:41+08:00][sql] SELECT * FROM `aijz_qgsystem` WHERE  `id` = 1 LIMIT 1 [ RunTime:0.001890s ]
[2026-01-24T23:42:41+08:00][sql] SELECT * FROM `aijz_qgsystem` WHERE  `id` = 1 LIMIT 1 [ RunTime:0.001830s ]
[2026-01-24T23:42:41+08:00][sql] SELECT * FROM `aijz_qgsystem` WHERE  `id` = 1 LIMIT 1 [ RunTime:0.001907s ]
[2026-01-24T23:42:41+08:00][sql] SELECT * FROM `aijz_qgsystem` WHERE  `id` = 1 LIMIT 1 [ RunTime:0.001802s ]
[2026-01-24T23:42:41+08:00][sql] SELECT * FROM `aijz_qgsystem` WHERE  `id` = 1 LIMIT 1 [ RunTime:0.001909s ]
[2026-01-24T23:42:41+08:00][sql] SELECT * FROM `aijz_qgsystem` WHERE  `id` = 1 LIMIT 1 [ RunTime:0.002586s ]
[2026-01-24T23:42:41+08:00][sql] SELECT * FROM `aijz_qgsystem` WHERE  `id` = 1 LIMIT 1 [ RunTime:0.001969s ]
[2026-01-24T23:42:41+08:00][sql] SELECT * FROM `aijz_qgsystem` WHERE  `id` = 1 LIMIT 1 [ RunTime:0.001932s ]
[2026-01-24T23:42:41+08:00][sql] SELECT * FROM `aijz_qgsystem` WHERE  `id` = 1 LIMIT 1 [ RunTime:0.001747s ]
[2026-01-24T23:42:41+08:00][sql] SELECT * FROM `aijz_qgsystem` WHERE  `id` = 1 LIMIT 1 [ RunTime:0.001941s ]
[2026-01-24T23:42:41+08:00][sql] SHOW FULL COLUMNS FROM `aijz_qgusers` [ RunTime:0.004886s ]
[2026-01-24T23:42:41+08:00][sql] SELECT * FROM `aijz_qgusers` WHERE  `uid` = 1 LIMIT 1 [ RunTime:0.001852s ]
[2026-01-24T23:42:41+08:00][sql] SELECT * FROM `aijz_qgsystem` WHERE  `id` = 1 LIMIT 1 [ RunTime:0.001921s ]
[2026-01-24T23:42:46+08:00][sql] CONNECT:[ UseTime:0.001776s ] mysql:host=127.0.0.1;port=3306;dbname=qgzf;charset=utf8
[2026-01-24T23:42:46+08:00][sql] SHOW FULL COLUMNS FROM `aijz_qgsystem` [ RunTime:0.004777s ]
[2026-01-24T23:42:46+08:00][sql] SELECT * FROM `aijz_qgsystem` WHERE  `id` = 1 LIMIT 1 [ RunTime:0.002244s ]
[2026-01-24T23:42:46+08:00][sql] SELECT * FROM `aijz_qgsystem` WHERE  `id` = 1 LIMIT 1 [ RunTime:0.001651s ]
[2026-01-24T23:42:46+08:00][sql] SELECT * FROM `aijz_qgsystem` WHERE  `id` = 1 LIMIT 1 [ RunTime:0.001675s ]
[2026-01-24T23:42:46+08:00][sql] SELECT * FROM `aijz_qgsystem` WHERE  `id` = 1 LIMIT 1 [ RunTime:0.001687s ]
[2026-01-24T23:42:46+08:00][sql] SELECT * FROM `aijz_qgsystem` WHERE  `id` = 1 LIMIT 1 [ RunTime:0.001689s ]
[2026-01-24T23:42:46+08:00][sql] SELECT * FROM `aijz_qgsystem` WHERE  `id` = 1 LIMIT 1 [ RunTime:0.001713s ]
[2026-01-24T23:42:46+08:00][sql] SELECT * FROM `aijz_qgsystem` WHERE  `id` = 1 LIMIT 1 [ RunTime:0.001712s ]
[2026-01-24T23:42:46+08:00][sql] SELECT * FROM `aijz_qgsystem` WHERE  `id` = 1 LIMIT 1 [ RunTime:0.001754s ]
[2026-01-24T23:42:46+08:00][sql] SELECT * FROM `aijz_qgsystem` WHERE  `id` = 1 LIMIT 1 [ RunTime:0.001817s ]
[2026-01-24T23:42:46+08:00][sql] SELECT * FROM `aijz_qgsystem` WHERE  `id` = 1 LIMIT 1 [ RunTime:0.001635s ]
[2026-01-24T23:42:46+08:00][sql] SELECT * FROM `aijz_qgsystem` WHERE  `id` = 1 LIMIT 1 [ RunTime:0.001800s ]
[2026-01-24T23:42:46+08:00][sql] SELECT * FROM `aijz_qgsystem` WHERE  `id` = 1 LIMIT 1 [ RunTime:0.001621s ]
[2026-01-24T23:42:46+08:00][sql] SELECT * FROM `aijz_qgsystem` WHERE  `id` = 1 LIMIT 1 [ RunTime:0.001661s ]
[2026-01-24T23:42:46+08:00][sql] SELECT * FROM `aijz_qgsystem` WHERE  `id` = 1 LIMIT 1 [ RunTime:0.001748s ]
[2026-01-24T23:42:46+08:00][sql] SHOW FULL COLUMNS FROM `aijz_qgledger` [ RunTime:0.004596s ]
[2026-01-24T23:42:46+08:00][sql] SELECT COUNT(*) AS think_count FROM `aijz_qgledger` WHERE  `uid` = 1 LIMIT 1 [ RunTime:0.002877s ]
[2026-01-24T23:42:46+08:00][sql] SHOW FULL COLUMNS FROM `aijz_qgaccount` [ RunTime:0.004773s ]
[2026-01-24T23:42:46+08:00][sql] SELECT COUNT(*) AS think_count FROM `aijz_qgaccount` WHERE  `uid` = 1 LIMIT 1 [ RunTime:0.003228s ]
[2026-01-24T23:42:47+08:00][sql] CONNECT:[ UseTime:0.002103s ] mysql:host=127.0.0.1;port=3306;dbname=qgzf;charset=utf8
[2026-01-24T23:42:47+08:00][sql] SHOW FULL COLUMNS FROM `aijz_qgsystem` [ RunTime:0.004776s ]
[2026-01-24T23:42:47+08:00][sql] SELECT * FROM `aijz_qgsystem` WHERE  `id` = 1 LIMIT 1 [ RunTime:0.002185s ]
[2026-01-24T23:42:47+08:00][sql] SELECT * FROM `aijz_qgsystem` WHERE  `id` = 1 LIMIT 1 [ RunTime:0.001712s ]
[2026-01-24T23:42:47+08:00][sql] SELECT * FROM `aijz_qgsystem` WHERE  `id` = 1 LIMIT 1 [ RunTime:0.001717s ]
[2026-01-24T23:42:47+08:00][sql] SELECT * FROM `aijz_qgsystem` WHERE  `id` = 1 LIMIT 1 [ RunTime:0.001801s ]
[2026-01-24T23:42:47+08:00][sql] SELECT * FROM `aijz_qgsystem` WHERE  `id` = 1 LIMIT 1 [ RunTime:0.001774s ]
[2026-01-24T23:42:47+08:00][sql] SELECT * FROM `aijz_qgsystem` WHERE  `id` = 1 LIMIT 1 [ RunTime:0.001913s ]
[2026-01-24T23:42:47+08:00][sql] SELECT * FROM `aijz_qgsystem` WHERE  `id` = 1 LIMIT 1 [ RunTime:0.001712s ]
[2026-01-24T23:42:47+08:00][sql] SELECT * FROM `aijz_qgsystem` WHERE  `id` = 1 LIMIT 1 [ RunTime:0.001811s ]
[2026-01-24T23:42:47+08:00][sql] SELECT * FROM `aijz_qgsystem` WHERE  `id` = 1 LIMIT 1 [ RunTime:0.001865s ]
[2026-01-24T23:42:47+08:00][sql] SELECT * FROM `aijz_qgsystem` WHERE  `id` = 1 LIMIT 1 [ RunTime:0.001817s ]
[2026-01-24T23:42:47+08:00][sql] SELECT * FROM `aijz_qgsystem` WHERE  `id` = 1 LIMIT 1 [ RunTime:0.001745s ]
[2026-01-24T23:42:47+08:00][sql] SELECT * FROM `aijz_qgsystem` WHERE  `id` = 1 LIMIT 1 [ RunTime:0.001830s ]
[2026-01-24T23:42:47+08:00][sql] SELECT * FROM `aijz_qgsystem` WHERE  `id` = 1 LIMIT 1 [ RunTime:0.001830s ]
[2026-01-24T23:42:47+08:00][sql] SELECT * FROM `aijz_qgsystem` WHERE  `id` = 1 LIMIT 1 [ RunTime:0.001777s ]
[2026-01-24T23:42:47+08:00][sql] SHOW FULL COLUMNS FROM `aijz_qgledger` [ RunTime:0.004891s ]
[2026-01-24T23:42:47+08:00][sql] SELECT `lid`,`uid`,`lname`,`lsubtitle`,`ctime` FROM `aijz_qgledger` WHERE  `uid` = 1 [ RunTime:0.002412s ]
[2026-01-24T23:42:48+08:00][sql] CONNECT:[ UseTime:0.002231s ] mysql:host=127.0.0.1;port=3306;dbname=qgzf;charset=utf8
[2026-01-24T23:42:48+08:00][sql] SHOW FULL COLUMNS FROM `aijz_qgsystem` [ RunTime:0.005634s ]
[2026-01-24T23:42:48+08:00][sql] SELECT * FROM `aijz_qgsystem` WHERE  `id` = 1 LIMIT 1 [ RunTime:0.002467s ]
[2026-01-24T23:42:48+08:00][sql] SELECT * FROM `aijz_qgsystem` WHERE  `id` = 1 LIMIT 1 [ RunTime:0.002326s ]
[2026-01-24T23:42:48+08:00][sql] SELECT * FROM `aijz_qgsystem` WHERE  `id` = 1 LIMIT 1 [ RunTime:0.002654s ]
[2026-01-24T23:42:48+08:00][sql] SELECT * FROM `aijz_qgsystem` WHERE  `id` = 1 LIMIT 1 [ RunTime:0.001751s ]
[2026-01-24T23:42:48+08:00][sql] SELECT * FROM `aijz_qgsystem` WHERE  `id` = 1 LIMIT 1 [ RunTime:0.001835s ]
[2026-01-24T23:42:48+08:00][sql] SELECT * FROM `aijz_qgsystem` WHERE  `id` = 1 LIMIT 1 [ RunTime:0.001907s ]
[2026-01-24T23:42:48+08:00][sql] SELECT * FROM `aijz_qgsystem` WHERE  `id` = 1 LIMIT 1 [ RunTime:0.001796s ]
[2026-01-24T23:42:48+08:00][sql] SELECT * FROM `aijz_qgsystem` WHERE  `id` = 1 LIMIT 1 [ RunTime:0.001900s ]
[2026-01-24T23:42:48+08:00][sql] SELECT * FROM `aijz_qgsystem` WHERE  `id` = 1 LIMIT 1 [ RunTime:0.001686s ]
[2026-01-24T23:42:48+08:00][sql] SELECT * FROM `aijz_qgsystem` WHERE  `id` = 1 LIMIT 1 [ RunTime:0.001714s ]
[2026-01-24T23:42:48+08:00][sql] SELECT * FROM `aijz_qgsystem` WHERE  `id` = 1 LIMIT 1 [ RunTime:0.002035s ]
[2026-01-24T23:42:48+08:00][sql] SELECT * FROM `aijz_qgsystem` WHERE  `id` = 1 LIMIT 1 [ RunTime:0.001700s ]
[2026-01-24T23:42:48+08:00][sql] SELECT * FROM `aijz_qgsystem` WHERE  `id` = 1 LIMIT 1 [ RunTime:0.001904s ]
[2026-01-24T23:42:48+08:00][sql] SELECT * FROM `aijz_qgsystem` WHERE  `id` = 1 LIMIT 1 [ RunTime:0.001837s ]
[2026-01-24T23:42:48+08:00][sql] SHOW FULL COLUMNS FROM `aijz_qgaccount` [ RunTime:0.004587s ]
[2026-01-24T23:42:48+08:00][sql] SELECT * FROM `aijz_qgaccount` WHERE  `uid` = 1 [ RunTime:0.002077s ]
[2026-01-24T23:42:48+08:00][sql] SHOW FULL COLUMNS FROM `aijz_qgtransfer` [ RunTime:0.005276s ]
[2026-01-24T23:42:48+08:00][sql] SELECT `t`.*,ca.aname as from_account_name,ca.alogo as from_account_logo,ra.aname as to_account_name,ra.alogo as to_account_logo FROM `aijz_qgtransfer` `t` INNER JOIN `aijz_qgaccount` `ca` ON `t`.`caid`=`ca`.`aid` INNER JOIN `aijz_qgaccount` `ra` ON `t`.`raid`=`ra`.`aid` WHERE  `t`.`uid` = '1' ORDER BY `t`.`ttime` DESC [ RunTime:0.002864s ]
[2026-01-24T23:42:49+08:00][sql] CONNECT:[ UseTime:0.002229s ] mysql:host=127.0.0.1;port=3306;dbname=qgzf;charset=utf8
[2026-01-24T23:42:49+08:00][sql] SHOW FULL COLUMNS FROM `aijz_qgsystem` [ RunTime:0.005439s ]
[2026-01-24T23:42:49+08:00][sql] SELECT * FROM `aijz_qgsystem` WHERE  `id` = 1 LIMIT 1 [ RunTime:0.002144s ]
[2026-01-24T23:42:49+08:00][sql] SELECT * FROM `aijz_qgsystem` WHERE  `id` = 1 LIMIT 1 [ RunTime:0.001832s ]
[2026-01-24T23:42:49+08:00][sql] SELECT * FROM `aijz_qgsystem` WHERE  `id` = 1 LIMIT 1 [ RunTime:0.002878s ]
[2026-01-24T23:42:49+08:00][sql] SELECT * FROM `aijz_qgsystem` WHERE  `id` = 1 LIMIT 1 [ RunTime:0.001834s ]
[2026-01-24T23:42:49+08:00][sql] SELECT * FROM `aijz_qgsystem` WHERE  `id` = 1 LIMIT 1 [ RunTime:0.002239s ]
[2026-01-24T23:42:49+08:00][sql] SELECT * FROM `aijz_qgsystem` WHERE  `id` = 1 LIMIT 1 [ RunTime:0.001974s ]
[2026-01-24T23:42:49+08:00][sql] SELECT * FROM `aijz_qgsystem` WHERE  `id` = 1 LIMIT 1 [ RunTime:0.001803s ]
[2026-01-24T23:42:49+08:00][sql] SELECT * FROM `aijz_qgsystem` WHERE  `id` = 1 LIMIT 1 [ RunTime:0.001849s ]
[2026-01-24T23:42:49+08:00][sql] SELECT * FROM `aijz_qgsystem` WHERE  `id` = 1 LIMIT 1 [ RunTime:0.001805s ]
[2026-01-24T23:42:49+08:00][sql] SELECT * FROM `aijz_qgsystem` WHERE  `id` = 1 LIMIT 1 [ RunTime:0.001826s ]
[2026-01-24T23:42:49+08:00][sql] SELECT * FROM `aijz_qgsystem` WHERE  `id` = 1 LIMIT 1 [ RunTime:0.001756s ]
[2026-01-24T23:42:49+08:00][sql] SELECT * FROM `aijz_qgsystem` WHERE  `id` = 1 LIMIT 1 [ RunTime:0.001895s ]
[2026-01-24T23:42:49+08:00][sql] SELECT * FROM `aijz_qgsystem` WHERE  `id` = 1 LIMIT 1 [ RunTime:0.001886s ]
[2026-01-24T23:42:49+08:00][sql] SELECT * FROM `aijz_qgsystem` WHERE  `id` = 1 LIMIT 1 [ RunTime:0.001771s ]
[2026-01-24T23:42:49+08:00][sql] SHOW FULL COLUMNS FROM `aijz_qgledger` [ RunTime:0.004535s ]
[2026-01-24T23:42:49+08:00][sql] SELECT COUNT(*) AS think_count FROM `aijz_qgledger` WHERE  `uid` = 1 LIMIT 1 [ RunTime:0.002276s ]
[2026-01-24T23:42:49+08:00][sql] SHOW FULL COLUMNS FROM `aijz_qgaccount` [ RunTime:0.004898s ]
[2026-01-24T23:42:49+08:00][sql] SELECT COUNT(*) AS think_count FROM `aijz_qgaccount` WHERE  `uid` = 1 LIMIT 1 [ RunTime:0.002199s ]
[2026-01-24T23:42:50+08:00][sql] CONNECT:[ UseTime:0.002079s ] mysql:host=127.0.0.1;port=3306;dbname=qgzf;charset=utf8
[2026-01-24T23:42:50+08:00][sql] SHOW FULL COLUMNS FROM `aijz_qgsystem` [ RunTime:0.004619s ]
[2026-01-24T23:42:50+08:00][sql] SELECT * FROM `aijz_qgsystem` WHERE  `id` = 1 LIMIT 1 [ RunTime:0.001932s ]
[2026-01-24T23:42:50+08:00][sql] SELECT * FROM `aijz_qgsystem` WHERE  `id` = 1 LIMIT 1 [ RunTime:0.001736s ]
[2026-01-24T23:42:50+08:00][sql] SELECT * FROM `aijz_qgsystem` WHERE  `id` = 1 LIMIT 1 [ RunTime:0.001887s ]
[2026-01-24T23:42:50+08:00][sql] SELECT * FROM `aijz_qgsystem` WHERE  `id` = 1 LIMIT 1 [ RunTime:0.002031s ]
[2026-01-24T23:42:50+08:00][sql] SELECT * FROM `aijz_qgsystem` WHERE  `id` = 1 LIMIT 1 [ RunTime:0.001812s ]
[2026-01-24T23:42:50+08:00][sql] SELECT * FROM `aijz_qgsystem` WHERE  `id` = 1 LIMIT 1 [ RunTime:0.001705s ]
[2026-01-24T23:42:50+08:00][sql] SELECT * FROM `aijz_qgsystem` WHERE  `id` = 1 LIMIT 1 [ RunTime:0.001820s ]
[2026-01-24T23:42:50+08:00][sql] SELECT * FROM `aijz_qgsystem` WHERE  `id` = 1 LIMIT 1 [ RunTime:0.001970s ]
[2026-01-24T23:42:50+08:00][sql] SELECT * FROM `aijz_qgsystem` WHERE  `id` = 1 LIMIT 1 [ RunTime:0.001810s ]
[2026-01-24T23:42:50+08:00][sql] SELECT * FROM `aijz_qgsystem` WHERE  `id` = 1 LIMIT 1 [ RunTime:0.001758s ]
[2026-01-24T23:42:50+08:00][sql] SELECT * FROM `aijz_qgsystem` WHERE  `id` = 1 LIMIT 1 [ RunTime:0.001687s ]
[2026-01-24T23:42:50+08:00][sql] SELECT * FROM `aijz_qgsystem` WHERE  `id` = 1 LIMIT 1 [ RunTime:0.002113s ]
[2026-01-24T23:42:50+08:00][sql] SELECT * FROM `aijz_qgsystem` WHERE  `id` = 1 LIMIT 1 [ RunTime:0.001817s ]
[2026-01-24T23:42:50+08:00][sql] SELECT * FROM `aijz_qgsystem` WHERE  `id` = 1 LIMIT 1 [ RunTime:0.002389s ]
[2026-01-24T23:42:50+08:00][sql] SHOW FULL COLUMNS FROM `aijz_qgusers` [ RunTime:0.004972s ]
[2026-01-24T23:42:50+08:00][sql] SELECT * FROM `aijz_qgusers` WHERE  `uid` = 1 LIMIT 1 [ RunTime:0.001956s ]
[2026-01-24T23:42:50+08:00][sql] SELECT * FROM `aijz_qgsystem` WHERE  `id` = 1 LIMIT 1 [ RunTime:0.001742s ]
[2026-01-24T23:42:51+08:00][sql] CONNECT:[ UseTime:0.001995s ] mysql:host=127.0.0.1;port=3306;dbname=qgzf;charset=utf8
[2026-01-24T23:42:51+08:00][sql] SHOW FULL COLUMNS FROM `aijz_qgsystem` [ RunTime:0.004370s ]
[2026-01-24T23:42:51+08:00][sql] SELECT * FROM `aijz_qgsystem` WHERE  `id` = 1 LIMIT 1 [ RunTime:0.001785s ]
[2026-01-24T23:42:51+08:00][sql] SELECT * FROM `aijz_qgsystem` WHERE  `id` = 1 LIMIT 1 [ RunTime:0.001726s ]
[2026-01-24T23:42:51+08:00][sql] SELECT * FROM `aijz_qgsystem` WHERE  `id` = 1 LIMIT 1 [ RunTime:0.001819s ]
[2026-01-24T23:42:51+08:00][sql] SELECT * FROM `aijz_qgsystem` WHERE  `id` = 1 LIMIT 1 [ RunTime:0.001816s ]
[2026-01-24T23:42:51+08:00][sql] SELECT * FROM `aijz_qgsystem` WHERE  `id` = 1 LIMIT 1 [ RunTime:0.001799s ]
[2026-01-24T23:42:51+08:00][sql] SELECT * FROM `aijz_qgsystem` WHERE  `id` = 1 LIMIT 1 [ RunTime:0.001655s ]
[2026-01-24T23:42:51+08:00][sql] SELECT * FROM `aijz_qgsystem` WHERE  `id` = 1 LIMIT 1 [ RunTime:0.001851s ]
[2026-01-24T23:42:51+08:00][sql] SELECT * FROM `aijz_qgsystem` WHERE  `id` = 1 LIMIT 1 [ RunTime:0.001866s ]
[2026-01-24T23:42:51+08:00][sql] SELECT * FROM `aijz_qgsystem` WHERE  `id` = 1 LIMIT 1 [ RunTime:0.001727s ]
[2026-01-24T23:42:51+08:00][sql] SELECT * FROM `aijz_qgsystem` WHERE  `id` = 1 LIMIT 1 [ RunTime:0.001872s ]
[2026-01-24T23:42:51+08:00][sql] SELECT * FROM `aijz_qgsystem` WHERE  `id` = 1 LIMIT 1 [ RunTime:0.001980s ]
[2026-01-24T23:42:51+08:00][sql] SELECT * FROM `aijz_qgsystem` WHERE  `id` = 1 LIMIT 1 [ RunTime:0.001919s ]
[2026-01-24T23:42:51+08:00][sql] SELECT * FROM `aijz_qgsystem` WHERE  `id` = 1 LIMIT 1 [ RunTime:0.002099s ]
[2026-01-24T23:42:51+08:00][sql] SELECT * FROM `aijz_qgsystem` WHERE  `id` = 1 LIMIT 1 [ RunTime:0.001971s ]
[2026-01-24T23:42:51+08:00][sql] SHOW FULL COLUMNS FROM `aijz_qgaccount` [ RunTime:0.006411s ]
[2026-01-24T23:42:51+08:00][sql] SELECT * FROM `aijz_qgaccount` WHERE  `uid` = 1 [ RunTime:0.002237s ]
[2026-01-24T23:42:51+08:00][sql] SHOW FULL COLUMNS FROM `aijz_qgtransfer` [ RunTime:0.004697s ]
[2026-01-24T23:42:51+08:00][sql] SELECT `t`.*,ca.aname as from_account_name,ca.alogo as from_account_logo,ra.aname as to_account_name,ra.alogo as to_account_logo FROM `aijz_qgtransfer` `t` INNER JOIN `aijz_qgaccount` `ca` ON `t`.`caid`=`ca`.`aid` INNER JOIN `aijz_qgaccount` `ra` ON `t`.`raid`=`ra`.`aid` WHERE  `t`.`uid` = '1' ORDER BY `t`.`ttime` DESC [ RunTime:0.002592s ]
[2026-01-24T23:42:52+08:00][sql] CONNECT:[ UseTime:0.001943s ] mysql:host=127.0.0.1;port=3306;dbname=qgzf;charset=utf8
[2026-01-24T23:42:52+08:00][sql] SHOW FULL COLUMNS FROM `aijz_qgsystem` [ RunTime:0.004426s ]
[2026-01-24T23:42:52+08:00][sql] SELECT * FROM `aijz_qgsystem` WHERE  `id` = 1 LIMIT 1 [ RunTime:0.002148s ]
[2026-01-24T23:42:52+08:00][sql] SELECT * FROM `aijz_qgsystem` WHERE  `id` = 1 LIMIT 1 [ RunTime:0.001854s ]
[2026-01-24T23:42:52+08:00][sql] SELECT * FROM `aijz_qgsystem` WHERE  `id` = 1 LIMIT 1 [ RunTime:0.001726s ]
[2026-01-24T23:42:52+08:00][sql] SELECT * FROM `aijz_qgsystem` WHERE  `id` = 1 LIMIT 1 [ RunTime:0.001950s ]
[2026-01-24T23:42:52+08:00][sql] SELECT * FROM `aijz_qgsystem` WHERE  `id` = 1 LIMIT 1 [ RunTime:0.001994s ]
[2026-01-24T23:42:52+08:00][sql] SELECT * FROM `aijz_qgsystem` WHERE  `id` = 1 LIMIT 1 [ RunTime:0.001698s ]
[2026-01-24T23:42:52+08:00][sql] SELECT * FROM `aijz_qgsystem` WHERE  `id` = 1 LIMIT 1 [ RunTime:0.001862s ]
[2026-01-24T23:42:52+08:00][sql] SELECT * FROM `aijz_qgsystem` WHERE  `id` = 1 LIMIT 1 [ RunTime:0.001688s ]
[2026-01-24T23:42:52+08:00][sql] SELECT * FROM `aijz_qgsystem` WHERE  `id` = 1 LIMIT 1 [ RunTime:0.001773s ]
[2026-01-24T23:42:52+08:00][sql] SELECT * FROM `aijz_qgsystem` WHERE  `id` = 1 LIMIT 1 [ RunTime:0.001787s ]
[2026-01-24T23:42:52+08:00][sql] SELECT * FROM `aijz_qgsystem` WHERE  `id` = 1 LIMIT 1 [ RunTime:0.001750s ]
[2026-01-24T23:42:52+08:00][sql] SELECT * FROM `aijz_qgsystem` WHERE  `id` = 1 LIMIT 1 [ RunTime:0.001736s ]
[2026-01-24T23:42:52+08:00][sql] SELECT * FROM `aijz_qgsystem` WHERE  `id` = 1 LIMIT 1 [ RunTime:0.001949s ]
[2026-01-24T23:42:52+08:00][sql] SELECT * FROM `aijz_qgsystem` WHERE  `id` = 1 LIMIT 1 [ RunTime:0.002005s ]
[2026-01-24T23:42:52+08:00][sql] SHOW FULL COLUMNS FROM `aijz_qgledger` [ RunTime:0.004830s ]
[2026-01-24T23:42:52+08:00][sql] SELECT `lid`,`uid`,`lname`,`lsubtitle`,`ctime` FROM `aijz_qgledger` WHERE  `uid` = 1 [ RunTime:0.002272s ]
[2026-01-24T23:47:14+08:00][sql] CONNECT:[ UseTime:0.002275s ] mysql:host=127.0.0.1;port=3306;dbname=qgzf;charset=utf8
[2026-01-24T23:47:14+08:00][sql] SHOW FULL COLUMNS FROM `aijz_qgsystem` [ RunTime:0.016216s ]
[2026-01-24T23:47:14+08:00][sql] SELECT * FROM `aijz_qgsystem` WHERE  `id` = 1 LIMIT 1 [ RunTime:0.002294s ]
[2026-01-24T23:47:14+08:00][sql] SELECT * FROM `aijz_qgsystem` WHERE  `id` = 1 LIMIT 1 [ RunTime:0.001916s ]
[2026-01-24T23:47:14+08:00][sql] SELECT * FROM `aijz_qgsystem` WHERE  `id` = 1 LIMIT 1 [ RunTime:0.002720s ]
[2026-01-24T23:47:14+08:00][sql] SELECT * FROM `aijz_qgsystem` WHERE  `id` = 1 LIMIT 1 [ RunTime:0.001580s ]
[2026-01-24T23:47:14+08:00][sql] SELECT * FROM `aijz_qgsystem` WHERE  `id` = 1 LIMIT 1 [ RunTime:0.001425s ]
[2026-01-24T23:47:14+08:00][sql] SELECT * FROM `aijz_qgsystem` WHERE  `id` = 1 LIMIT 1 [ RunTime:0.001412s ]
[2026-01-24T23:47:14+08:00][sql] SELECT * FROM `aijz_qgsystem` WHERE  `id` = 1 LIMIT 1 [ RunTime:0.001905s ]
[2026-01-24T23:47:14+08:00][sql] SELECT * FROM `aijz_qgsystem` WHERE  `id` = 1 LIMIT 1 [ RunTime:0.001492s ]
[2026-01-24T23:47:14+08:00][sql] SELECT * FROM `aijz_qgsystem` WHERE  `id` = 1 LIMIT 1 [ RunTime:0.001745s ]
[2026-01-24T23:47:14+08:00][sql] SELECT * FROM `aijz_qgsystem` WHERE  `id` = 1 LIMIT 1 [ RunTime:0.001899s ]
[2026-01-24T23:47:14+08:00][sql] SELECT * FROM `aijz_qgsystem` WHERE  `id` = 1 LIMIT 1 [ RunTime:0.001812s ]
[2026-01-24T23:47:14+08:00][sql] SELECT * FROM `aijz_qgsystem` WHERE  `id` = 1 LIMIT 1 [ RunTime:0.001700s ]
[2026-01-24T23:47:14+08:00][sql] SELECT * FROM `aijz_qgsystem` WHERE  `id` = 1 LIMIT 1 [ RunTime:0.001900s ]
[2026-01-24T23:47:14+08:00][sql] SELECT * FROM `aijz_qgsystem` WHERE  `id` = 1 LIMIT 1 [ RunTime:0.001816s ]
[2026-01-24T23:47:15+08:00][sql] CONNECT:[ UseTime:0.001883s ] mysql:host=127.0.0.1;port=3306;dbname=qgzf;charset=utf8
[2026-01-24T23:47:15+08:00][sql] SHOW FULL COLUMNS FROM `aijz_qgsystem` [ RunTime:0.004661s ]
[2026-01-24T23:47:15+08:00][sql] SELECT * FROM `aijz_qgsystem` WHERE  `id` = 1 LIMIT 1 [ RunTime:0.002142s ]
[2026-01-24T23:47:15+08:00][sql] SELECT * FROM `aijz_qgsystem` WHERE  `id` = 1 LIMIT 1 [ RunTime:0.001695s ]
[2026-01-24T23:47:15+08:00][sql] SELECT * FROM `aijz_qgsystem` WHERE  `id` = 1 LIMIT 1 [ RunTime:0.001783s ]
[2026-01-24T23:47:15+08:00][sql] SELECT * FROM `aijz_qgsystem` WHERE  `id` = 1 LIMIT 1 [ RunTime:0.001750s ]
[2026-01-24T23:47:15+08:00][sql] SELECT * FROM `aijz_qgsystem` WHERE  `id` = 1 LIMIT 1 [ RunTime:0.001766s ]
[2026-01-24T23:47:15+08:00][sql] SELECT * FROM `aijz_qgsystem` WHERE  `id` = 1 LIMIT 1 [ RunTime:0.001758s ]
[2026-01-24T23:47:15+08:00][sql] SELECT * FROM `aijz_qgsystem` WHERE  `id` = 1 LIMIT 1 [ RunTime:0.001806s ]
[2026-01-24T23:47:15+08:00][sql] SELECT * FROM `aijz_qgsystem` WHERE  `id` = 1 LIMIT 1 [ RunTime:0.001789s ]
[2026-01-24T23:47:15+08:00][sql] SELECT * FROM `aijz_qgsystem` WHERE  `id` = 1 LIMIT 1 [ RunTime:0.001774s ]
[2026-01-24T23:47:15+08:00][sql] SELECT * FROM `aijz_qgsystem` WHERE  `id` = 1 LIMIT 1 [ RunTime:0.001760s ]
[2026-01-24T23:47:15+08:00][sql] SELECT * FROM `aijz_qgsystem` WHERE  `id` = 1 LIMIT 1 [ RunTime:0.001836s ]
[2026-01-24T23:47:15+08:00][sql] SELECT * FROM `aijz_qgsystem` WHERE  `id` = 1 LIMIT 1 [ RunTime:0.001856s ]
[2026-01-24T23:47:15+08:00][sql] SELECT * FROM `aijz_qgsystem` WHERE  `id` = 1 LIMIT 1 [ RunTime:0.001737s ]
[2026-01-24T23:47:15+08:00][sql] SELECT * FROM `aijz_qgsystem` WHERE  `id` = 1 LIMIT 1 [ RunTime:0.001885s ]
[2026-01-24T23:47:15+08:00][sql] SELECT * FROM `aijz_qgsystem` WHERE  `id` = 1 LIMIT 1 [ RunTime:0.001639s ]
[2026-01-24T23:48:20+08:00][sql] CONNECT:[ UseTime:0.002397s ] mysql:host=127.0.0.1;port=3306;dbname=qgzf;charset=utf8
[2026-01-24T23:48:20+08:00][sql] SHOW FULL COLUMNS FROM `aijz_qgsystem` [ RunTime:0.004811s ]
[2026-01-24T23:48:20+08:00][sql] SELECT * FROM `aijz_qgsystem` WHERE  `id` = 1 LIMIT 1 [ RunTime:0.050860s ]
[2026-01-24T23:48:20+08:00][sql] SELECT * FROM `aijz_qgsystem` WHERE  `id` = 1 LIMIT 1 [ RunTime:0.001872s ]
[2026-01-24T23:48:20+08:00][sql] SELECT * FROM `aijz_qgsystem` WHERE  `id` = 1 LIMIT 1 [ RunTime:0.001808s ]
[2026-01-24T23:48:20+08:00][sql] SELECT * FROM `aijz_qgsystem` WHERE  `id` = 1 LIMIT 1 [ RunTime:0.001940s ]
[2026-01-24T23:48:20+08:00][sql] SELECT * FROM `aijz_qgsystem` WHERE  `id` = 1 LIMIT 1 [ RunTime:0.001913s ]
[2026-01-24T23:48:20+08:00][sql] SELECT * FROM `aijz_qgsystem` WHERE  `id` = 1 LIMIT 1 [ RunTime:0.001798s ]
[2026-01-24T23:48:20+08:00][sql] SELECT * FROM `aijz_qgsystem` WHERE  `id` = 1 LIMIT 1 [ RunTime:0.001766s ]
[2026-01-24T23:48:20+08:00][sql] SELECT * FROM `aijz_qgsystem` WHERE  `id` = 1 LIMIT 1 [ RunTime:0.001886s ]
[2026-01-24T23:48:20+08:00][sql] SELECT * FROM `aijz_qgsystem` WHERE  `id` = 1 LIMIT 1 [ RunTime:0.001771s ]
[2026-01-24T23:48:20+08:00][sql] SELECT * FROM `aijz_qgsystem` WHERE  `id` = 1 LIMIT 1 [ RunTime:0.001845s ]
[2026-01-24T23:48:20+08:00][sql] SELECT * FROM `aijz_qgsystem` WHERE  `id` = 1 LIMIT 1 [ RunTime:0.001888s ]
[2026-01-24T23:48:20+08:00][sql] SELECT * FROM `aijz_qgsystem` WHERE  `id` = 1 LIMIT 1 [ RunTime:0.001888s ]
[2026-01-24T23:48:20+08:00][sql] SELECT * FROM `aijz_qgsystem` WHERE  `id` = 1 LIMIT 1 [ RunTime:0.001824s ]
[2026-01-24T23:48:20+08:00][sql] SELECT * FROM `aijz_qgsystem` WHERE  `id` = 1 LIMIT 1 [ RunTime:0.001997s ]
[2026-01-24T23:48:21+08:00][sql] CONNECT:[ UseTime:0.001917s ] mysql:host=127.0.0.1;port=3306;dbname=qgzf;charset=utf8
[2026-01-24T23:48:21+08:00][sql] SHOW FULL COLUMNS FROM `aijz_qgsystem` [ RunTime:0.004519s ]
[2026-01-24T23:48:21+08:00][sql] SELECT * FROM `aijz_qgsystem` WHERE  `id` = 1 LIMIT 1 [ RunTime:0.001913s ]
[2026-01-24T23:48:21+08:00][sql] SELECT * FROM `aijz_qgsystem` WHERE  `id` = 1 LIMIT 1 [ RunTime:0.001469s ]
[2026-01-24T23:48:21+08:00][sql] SELECT * FROM `aijz_qgsystem` WHERE  `id` = 1 LIMIT 1 [ RunTime:0.001968s ]
[2026-01-24T23:48:21+08:00][sql] SELECT * FROM `aijz_qgsystem` WHERE  `id` = 1 LIMIT 1 [ RunTime:0.001745s ]
[2026-01-24T23:48:21+08:00][sql] SELECT * FROM `aijz_qgsystem` WHERE  `id` = 1 LIMIT 1 [ RunTime:0.001872s ]
[2026-01-24T23:48:21+08:00][sql] SELECT * FROM `aijz_qgsystem` WHERE  `id` = 1 LIMIT 1 [ RunTime:0.001742s ]
[2026-01-24T23:48:21+08:00][sql] SELECT * FROM `aijz_qgsystem` WHERE  `id` = 1 LIMIT 1 [ RunTime:0.001843s ]
[2026-01-24T23:48:21+08:00][sql] SELECT * FROM `aijz_qgsystem` WHERE  `id` = 1 LIMIT 1 [ RunTime:0.001776s ]
[2026-01-24T23:48:21+08:00][sql] SELECT * FROM `aijz_qgsystem` WHERE  `id` = 1 LIMIT 1 [ RunTime:0.001947s ]
[2026-01-24T23:48:21+08:00][sql] SELECT * FROM `aijz_qgsystem` WHERE  `id` = 1 LIMIT 1 [ RunTime:0.001841s ]
[2026-01-24T23:48:21+08:00][sql] SELECT * FROM `aijz_qgsystem` WHERE  `id` = 1 LIMIT 1 [ RunTime:0.001694s ]
[2026-01-24T23:48:21+08:00][sql] SELECT * FROM `aijz_qgsystem` WHERE  `id` = 1 LIMIT 1 [ RunTime:0.001765s ]
[2026-01-24T23:48:21+08:00][sql] SELECT * FROM `aijz_qgsystem` WHERE  `id` = 1 LIMIT 1 [ RunTime:0.001815s ]
[2026-01-24T23:48:21+08:00][sql] SELECT * FROM `aijz_qgsystem` WHERE  `id` = 1 LIMIT 1 [ RunTime:0.001786s ]
[2026-01-24T23:48:21+08:00][sql] SELECT * FROM `aijz_qgsystem` WHERE  `id` = 1 LIMIT 1 [ RunTime:0.001998s ]
